[0.011s] Invoking command in '/home/daguill/my_ws/src/build/c_arith': CMAKE_PREFIX_PATH=${CMAKE_PREFIX_PATH}:/home/daguill/my_ws/install/p_int:/home/daguill/my_ws/install/p_pckg:/opt/ros/humble /usr/bin/cmake --build /home/daguill/my_ws/src/build/c_arith -- -j12 -l12
[0.043s] [35m[1mConsolidate compiler generated dependencies of target sum_array[0m
[0.056s] [ 50%] [32mBuilding CXX object CMakeFiles/sum_array.dir/src/sum.cpp.o[0m
[1.850s] [01m[K/home/daguill/my_ws/src/c_arith/src/sum.cpp:[m[K In constructor ‘[01m[KArraySumTranceiver::ArraySumTranceiver()[m[K’:
[1.850s] [01m[K/home/daguill/my_ws/src/c_arith/src/sum.cpp:19:36:[m[K [01;31m[Kerror: [m[K‘[01m[KArraySuscriber[m[K’ has not been declared
[1.850s]    19 |       "Auza_array", 10, std::bind(&[01;31m[KArraySuscriber[m[K::topic_callback, this, _1));
[1.850s]       |                                    [01;31m[K^~~~~~~~~~~~~~[m[K
[1.858s] [01m[K/home/daguill/my_ws/src/c_arith/src/sum.cpp:21:80:[m[K [01;31m[Kerror: [m[Kno match for ‘[01m[Koperator=[m[K’ (operand types are ‘[01m[Krclcpp::Publisher<std_msgs::msg::Int8MultiArray_<std::allocator<void> > >::SharedPtr[m[K’ {aka ‘[01m[Kstd::shared_ptr<rclcpp::Publisher<std_msgs::msg::Int8MultiArray_<std::allocator<void> > > >[m[K’} and ‘[01m[Kstd::shared_ptr<rclcpp::Publisher<std_msgs::msg::Float32_<std::allocator<void> >, std::allocator<void> > >[m[K’)
[1.858s]    21 |     publisher_ = this->create_publisher<std_msgs::msg::Float32>("array_sum", 10[01;31m[K)[m[K;
[1.858s]       |                                                                                [01;31m[K^[m[K
[1.862s] In file included from [01m[K/usr/include/c++/11/memory:77[m[K,
[1.863s]                  from [01m[K/home/daguill/my_ws/src/c_arith/src/sum.cpp:3[m[K:
[1.863s] [01m[K/usr/include/c++/11/bits/shared_ptr.h:363:9:[m[K [01;36m[Knote: [m[Kcandidate: ‘[01m[Ktemplate<class _Yp> std::shared_ptr<_Tp>::_Assignable<const std::shared_ptr<_Yp>&> std::shared_ptr<_Tp>::operator=(const std::shared_ptr<_Yp>&) [with _Yp = _Yp; _Tp = rclcpp::Publisher<std_msgs::msg::Int8MultiArray_<std::allocator<void> > >][m[K’
[1.863s]   363 |         [01;36m[Koperator[m[K=(const shared_ptr<_Yp>& __r) noexcept
[1.863s]       |         [01;36m[K^~~~~~~~[m[K
[1.863s] [01m[K/usr/include/c++/11/bits/shared_ptr.h:363:9:[m[K [01;36m[Knote: [m[K  template argument deduction/substitution failed:
[1.863s] /usr/include/c++/11/bits/shared_ptr.h: In substitution of ‘[01m[Ktemplate<class _Tp> template<class _Arg> using _Assignable = typename std::enable_if<std::is_assignable<std::__shared_ptr<_Tp>&, _Arg>::value, std::shared_ptr<_Tp>&>::type [with _Arg = const std::shared_ptr<rclcpp::Publisher<std_msgs::msg::Float32_<std::allocator<void> >, std::allocator<void> > >&; _Tp = rclcpp::Publisher<std_msgs::msg::Int8MultiArray_<std::allocator<void> > >][m[K’:
[1.863s] [01m[K/usr/include/c++/11/bits/shared_ptr.h:363:2:[m[K   required by substitution of ‘[01m[Ktemplate<class _Yp> std::shared_ptr<rclcpp::Publisher<std_msgs::msg::Int8MultiArray_<std::allocator<void> > > >::_Assignable<const std::shared_ptr<_Tp>&> std::shared_ptr<rclcpp::Publisher<std_msgs::msg::Int8MultiArray_<std::allocator<void> > > >::operator=<_Yp>(const std::shared_ptr<_Tp>&) [with _Yp = rclcpp::Publisher<std_msgs::msg::Float32_<std::allocator<void> >, std::allocator<void> >][m[K’
[1.863s] [01m[K/home/daguill/my_ws/src/c_arith/src/sum.cpp:21:80:[m[K   required from here
[1.863s] [01m[K/usr/include/c++/11/bits/shared_ptr.h:130:15:[m[K [01;31m[Kerror: [m[Kno type named ‘[01m[Ktype[m[K’ in ‘[01m[Kstruct std::enable_if<false, std::shared_ptr<rclcpp::Publisher<std_msgs::msg::Int8MultiArray_<std::allocator<void> > > >&>[m[K’
[1.863s]   130 |         using [01;31m[K_Assignable[m[K = typename enable_if<
[1.863s]       |               [01;31m[K^~~~~~~~~~~[m[K
[1.863s] [01m[K/usr/include/c++/11/bits/shared_ptr.h:374:9:[m[K [01;36m[Knote: [m[Kcandidate: ‘[01m[Ktemplate<class _Yp> std::shared_ptr<_Tp>::_Assignable<std::auto_ptr<_Up> > std::shared_ptr<_Tp>::operator=(std::auto_ptr<_Up>&&) [with _Yp = _Yp; _Tp = rclcpp::Publisher<std_msgs::msg::Int8MultiArray_<std::allocator<void> > >][m[K’
[1.863s]   374 |         [01;36m[Koperator[m[K=(auto_ptr<_Yp>&& __r)
[1.863s]       |         [01;36m[K^~~~~~~~[m[K
[1.863s] [01m[K/usr/include/c++/11/bits/shared_ptr.h:374:9:[m[K [01;36m[Knote: [m[K  template argument deduction/substitution failed:
[1.863s] [01m[K/home/daguill/my_ws/src/c_arith/src/sum.cpp:21:80:[m[K [01;36m[Knote: [m[K  ‘[01m[Kstd::shared_ptr<rclcpp::Publisher<std_msgs::msg::Float32_<std::allocator<void> >, std::allocator<void> > >[m[K’ is not derived from ‘[01m[Kstd::auto_ptr<_Up>[m[K’
[1.864s]    21 |     publisher_ = this->create_publisher<std_msgs::msg::Float32>("array_sum", 10[01;36m[K)[m[K;
[1.864s]       |                                                                                [01;36m[K^[m[K
[1.864s] In file included from [01m[K/usr/include/c++/11/memory:77[m[K,
[1.864s]                  from [01m[K/home/daguill/my_ws/src/c_arith/src/sum.cpp:3[m[K:
[1.864s] [01m[K/usr/include/c++/11/bits/shared_ptr.h:391:9:[m[K [01;36m[Knote: [m[Kcandidate: ‘[01m[Ktemplate<class _Yp> std::shared_ptr<_Tp>::_Assignable<std::shared_ptr<_Yp> > std::shared_ptr<_Tp>::operator=(std::shared_ptr<_Yp>&&) [with _Yp = _Yp; _Tp = rclcpp::Publisher<std_msgs::msg::Int8MultiArray_<std::allocator<void> > >][m[K’
[1.864s]   391 |         [01;36m[Koperator[m[K=(shared_ptr<_Yp>&& __r) noexcept
[1.864s]       |         [01;36m[K^~~~~~~~[m[K
[1.864s] [01m[K/usr/include/c++/11/bits/shared_ptr.h:391:9:[m[K [01;36m[Knote: [m[K  template argument deduction/substitution failed:
[1.864s] /usr/include/c++/11/bits/shared_ptr.h: In substitution of ‘[01m[Ktemplate<class _Tp> template<class _Arg> using _Assignable = typename std::enable_if<std::is_assignable<std::__shared_ptr<_Tp>&, _Arg>::value, std::shared_ptr<_Tp>&>::type [with _Arg = std::shared_ptr<rclcpp::Publisher<std_msgs::msg::Float32_<std::allocator<void> >, std::allocator<void> > >; _Tp = rclcpp::Publisher<std_msgs::msg::Int8MultiArray_<std::allocator<void> > >][m[K’:
[1.864s] [01m[K/usr/include/c++/11/bits/shared_ptr.h:391:2:[m[K   required by substitution of ‘[01m[Ktemplate<class _Yp> std::shared_ptr<rclcpp::Publisher<std_msgs::msg::Int8MultiArray_<std::allocator<void> > > >::_Assignable<std::shared_ptr<_Tp> > std::shared_ptr<rclcpp::Publisher<std_msgs::msg::Int8MultiArray_<std::allocator<void> > > >::operator=<_Yp>(std::shared_ptr<_Tp>&&) [with _Yp = rclcpp::Publisher<std_msgs::msg::Float32_<std::allocator<void> >, std::allocator<void> >][m[K’
[1.864s] [01m[K/home/daguill/my_ws/src/c_arith/src/sum.cpp:21:80:[m[K   required from here
[1.864s] [01m[K/usr/include/c++/11/bits/shared_ptr.h:130:15:[m[K [01;31m[Kerror: [m[Kno type named ‘[01m[Ktype[m[K’ in ‘[01m[Kstruct std::enable_if<false, std::shared_ptr<rclcpp::Publisher<std_msgs::msg::Int8MultiArray_<std::allocator<void> > > >&>[m[K’
[1.864s]   130 |         using [01;31m[K_Assignable[m[K = typename enable_if<
[1.864s]       |               [01;31m[K^~~~~~~~~~~[m[K
[1.864s] [01m[K/usr/include/c++/11/bits/shared_ptr.h:399:9:[m[K [01;36m[Knote: [m[Kcandidate: ‘[01m[Ktemplate<class _Yp, class _Del> std::shared_ptr<_Tp>::_Assignable<std::unique_ptr<_Up, _Ep> > std::shared_ptr<_Tp>::operator=(std::unique_ptr<_Up, _Ep>&&) [with _Yp = _Yp; _Del = _Del; _Tp = rclcpp::Publisher<std_msgs::msg::Int8MultiArray_<std::allocator<void> > >][m[K’
[1.864s]   399 |         [01;36m[Koperator[m[K=(unique_ptr<_Yp, _Del>&& __r)
[1.864s]       |         [01;36m[K^~~~~~~~[m[K
[1.864s] [01m[K/usr/include/c++/11/bits/shared_ptr.h:399:9:[m[K [01;36m[Knote: [m[K  template argument deduction/substitution failed:
[1.864s] [01m[K/home/daguill/my_ws/src/c_arith/src/sum.cpp:21:80:[m[K [01;36m[Knote: [m[K  ‘[01m[Kstd::shared_ptr<rclcpp::Publisher<std_msgs::msg::Float32_<std::allocator<void> >, std::allocator<void> > >[m[K’ is not derived from ‘[01m[Kstd::unique_ptr<_Tp, _Dp>[m[K’
[1.864s]    21 |     publisher_ = this->create_publisher<std_msgs::msg::Float32>("array_sum", 10[01;36m[K)[m[K;
[1.864s]       |                                                                                [01;36m[K^[m[K
[1.865s] In file included from [01m[K/usr/include/c++/11/memory:77[m[K,
[1.865s]                  from [01m[K/home/daguill/my_ws/src/c_arith/src/sum.cpp:3[m[K:
[1.865s] [01m[K/usr/include/c++/11/bits/shared_ptr.h:359:19:[m[K [01;36m[Knote: [m[Kcandidate: ‘[01m[Kstd::shared_ptr<_Tp>& std::shared_ptr<_Tp>::operator=(const std::shared_ptr<_Tp>&) [with _Tp = rclcpp::Publisher<std_msgs::msg::Int8MultiArray_<std::allocator<void> > >][m[K’
[1.865s]   359 |       shared_ptr& [01;36m[Koperator[m[K=(const shared_ptr&) noexcept = default;
[1.865s]       |                   [01;36m[K^~~~~~~~[m[K
[1.865s] [01m[K/usr/include/c++/11/bits/shared_ptr.h:359:29:[m[K [01;36m[Knote: [m[K  no known conversion for argument 1 from ‘[01m[Kstd::shared_ptr<rclcpp::Publisher<std_msgs::msg::Float32_<std::allocator<void> >, std::allocator<void> > >[m[K’ to ‘[01m[Kconst std::shared_ptr<rclcpp::Publisher<std_msgs::msg::Int8MultiArray_<std::allocator<void> > > >&[m[K’
[1.865s]   359 |       shared_ptr& operator=([01;36m[Kconst shared_ptr&[m[K) noexcept = default;
[1.865s]       |                             [01;36m[K^~~~~~~~~~~~~~~~~[m[K
[1.865s] [01m[K/usr/include/c++/11/bits/shared_ptr.h:383:7:[m[K [01;36m[Knote: [m[Kcandidate: ‘[01m[Kstd::shared_ptr<_Tp>& std::shared_ptr<_Tp>::operator=(std::shared_ptr<_Tp>&&) [with _Tp = rclcpp::Publisher<std_msgs::msg::Int8MultiArray_<std::allocator<void> > >][m[K’
[1.865s]   383 |       [01;36m[Koperator[m[K=(shared_ptr&& __r) noexcept
[1.865s]       |       [01;36m[K^~~~~~~~[m[K
[1.865s] [01m[K/usr/include/c++/11/bits/shared_ptr.h:383:30:[m[K [01;36m[Knote: [m[K  no known conversion for argument 1 from ‘[01m[Kstd::shared_ptr<rclcpp::Publisher<std_msgs::msg::Float32_<std::allocator<void> >, std::allocator<void> > >[m[K’ to ‘[01m[Kstd::shared_ptr<rclcpp::Publisher<std_msgs::msg::Int8MultiArray_<std::allocator<void> > > >&&[m[K’
[1.865s]   383 |       operator=([01;36m[Kshared_ptr&& __r[m[K) noexcept
[1.865s]       |                 [01;36m[K~~~~~~~~~~~~~^~~[m[K
[1.865s] [01m[K/home/daguill/my_ws/src/c_arith/src/sum.cpp:[m[K In member function ‘[01m[Kvoid ArraySumTranceiver::topic_callback(const Int8MultiArray&) const[m[K’:
[1.865s] [01m[K/home/daguill/my_ws/src/c_arith/src/sum.cpp:27:20:[m[K [01;31m[Kerror: [m[K‘[01m[Kfloat32[m[K’ is not a member of ‘[01m[Kstd_msgs::msg[m[K’; did you mean ‘[01m[KFloat32[m[K’?
[1.865s]    27 |     std_msgs::msg::[01;31m[Kfloat32[m[K msg_pub;
[1.865s]       |                    [01;31m[K^~~~~~~[m[K
[1.865s]       |                    [32m[KFloat32[m[K
[1.868s] [01m[K/home/daguill/my_ws/src/c_arith/src/sum.cpp:28:5:[m[K [01;31m[Kerror: [m[K‘[01m[Kmsg_pub[m[K’ was not declared in this scope; did you mean ‘[01m[Kmsg_sub[m[K’?
[1.868s]    28 |     [01;31m[Kmsg_pub[m[K.data = msg_sub.data[0] + msg.data[1] + msg.data[2];
[1.869s]       |     [01;31m[K^~~~~~~[m[K
[1.869s]       |     [32m[Kmsg_sub[m[K
[1.869s] [01m[K/home/daguill/my_ws/src/c_arith/src/sum.cpp:28:38:[m[K [01;31m[Kerror: [m[K‘[01m[Kmsg[m[K’ was not declared in this scope
[1.869s]    28 |     msg_pub.data = msg_sub.data[0] + [01;31m[Kmsg[m[K.data[1] + msg.data[2];
[1.869s]       |                                      [01;31m[K^~~[m[K
[1.869s] [01m[K/home/daguill/my_ws/src/c_arith/src/sum.cpp:28:38:[m[K [01;36m[Knote: [m[Ksuggested alternatives:
[1.869s] In file included from [01m[K/opt/ros/humble/include/builtin_interfaces/builtin_interfaces/msg/duration.hpp:7[m[K,
[1.869s]                  from [01m[K/opt/ros/humble/include/rclcpp/rclcpp/duration.hpp:20[m[K,
[1.870s]                  from [01m[K/opt/ros/humble/include/rclcpp/rclcpp/qos.hpp:20[m[K,
[1.870s]                  from [01m[K/opt/ros/humble/include/rclcpp/rclcpp/node_interfaces/node_graph_interface.hpp:32[m[K,
[1.870s]                  from [01m[K/opt/ros/humble/include/rclcpp/rclcpp/client.hpp:42[m[K,
[1.870s]                  from [01m[K/opt/ros/humble/include/rclcpp/rclcpp/callback_group.hpp:24[m[K,
[1.870s]                  from [01m[K/opt/ros/humble/include/rclcpp/rclcpp/any_executable.hpp:20[m[K,
[1.870s]                  from [01m[K/opt/ros/humble/include/rclcpp/rclcpp/memory_strategy.hpp:25[m[K,
[1.870s]                  from [01m[K/opt/ros/humble/include/rclcpp/rclcpp/memory_strategies.hpp:18[m[K,
[1.870s]                  from [01m[K/opt/ros/humble/include/rclcpp/rclcpp/executor_options.hpp:20[m[K,
[1.870s]                  from [01m[K/opt/ros/humble/include/rclcpp/rclcpp/executor.hpp:37[m[K,
[1.870s]                  from [01m[K/opt/ros/humble/include/rclcpp/rclcpp/executors/multi_threaded_executor.hpp:25[m[K,
[1.870s]                  from [01m[K/opt/ros/humble/include/rclcpp/rclcpp/executors.hpp:21[m[K,
[1.870s]                  from [01m[K/opt/ros/humble/include/rclcpp/rclcpp/rclcpp.hpp:155[m[K,
[1.870s]                  from [01m[K/home/daguill/my_ws/src/c_arith/src/sum.cpp:5[m[K:
[1.870s] [01m[K/opt/ros/humble/include/builtin_interfaces/builtin_interfaces/msg/detail/duration__struct.hpp:27:11:[m[K [01;36m[Knote: [m[K  ‘[01m[Kbuiltin_interfaces::msg[m[K’
[1.870s]    27 | namespace [01;36m[Kmsg[m[K
[1.870s]       |           [01;36m[K^~~[m[K
[1.870s] In file included from [01m[K/opt/ros/humble/include/rcl_interfaces/rcl_interfaces/msg/set_parameters_result.hpp:7[m[K,
[1.870s]                  from [01m[K/opt/ros/humble/include/rclcpp/rclcpp/qos_overriding_options.hpp:28[m[K,
[1.870s]                  from [01m[K/opt/ros/humble/include/rclcpp/rclcpp/subscription_options.hpp:30[m[K,
[1.870s]                  from [01m[K/opt/ros/humble/include/rclcpp/rclcpp/subscription.hpp:45[m[K,
[1.870s]                  from [01m[K/opt/ros/humble/include/rclcpp/rclcpp/any_executable.hpp:25[m[K,
[1.871s]                  from [01m[K/opt/ros/humble/include/rclcpp/rclcpp/memory_strategy.hpp:25[m[K,
[1.871s]                  from [01m[K/opt/ros/humble/include/rclcpp/rclcpp/memory_strategies.hpp:18[m[K,
[1.871s]                  from [01m[K/opt/ros/humble/include/rclcpp/rclcpp/executor_options.hpp:20[m[K,
[1.871s]                  from [01m[K/opt/ros/humble/include/rclcpp/rclcpp/executor.hpp:37[m[K,
[1.871s]                  from [01m[K/opt/ros/humble/include/rclcpp/rclcpp/executors/multi_threaded_executor.hpp:25[m[K,
[1.871s]                  from [01m[K/opt/ros/humble/include/rclcpp/rclcpp/executors.hpp:21[m[K,
[1.871s]                  from [01m[K/opt/ros/humble/include/rclcpp/rclcpp/rclcpp.hpp:155[m[K,
[1.871s]                  from [01m[K/home/daguill/my_ws/src/c_arith/src/sum.cpp:5[m[K:
[1.871s] [01m[K/opt/ros/humble/include/rcl_interfaces/rcl_interfaces/msg/detail/set_parameters_result__struct.hpp:27:11:[m[K [01;36m[Knote: [m[K  ‘[01m[Krcl_interfaces::msg[m[K’
[1.871s]    27 | namespace [01;36m[Kmsg[m[K
[1.871s]       |           [01;36m[K^~~[m[K
[1.871s] In file included from [01m[K/opt/ros/humble/include/statistics_msgs/statistics_msgs/msg/detail/metrics_message__struct.hpp:23[m[K,
[1.871s]                  from [01m[K/opt/ros/humble/include/statistics_msgs/statistics_msgs/msg/metrics_message.hpp:7[m[K,
[1.871s]                  from [01m[K/opt/ros/humble/include/libstatistics_collector/libstatistics_collector/collector/generate_statistics_message.hpp:21[m[K,
[1.871s]                  from [01m[K/opt/ros/humble/include/rclcpp/rclcpp/topic_statistics/subscription_topic_statistics.hpp:23[m[K,
[1.871s]                  from [01m[K/opt/ros/humble/include/rclcpp/rclcpp/subscription.hpp:50[m[K,
[1.871s]                  from [01m[K/opt/ros/humble/include/rclcpp/rclcpp/any_executable.hpp:25[m[K,
[1.871s]                  from [01m[K/opt/ros/humble/include/rclcpp/rclcpp/memory_strategy.hpp:25[m[K,
[1.871s]                  from [01m[K/opt/ros/humble/include/rclcpp/rclcpp/memory_strategies.hpp:18[m[K,
[1.871s]                  from [01m[K/opt/ros/humble/include/rclcpp/rclcpp/executor_options.hpp:20[m[K,
[1.871s]                  from [01m[K/opt/ros/humble/include/rclcpp/rclcpp/executor.hpp:37[m[K,
[1.871s]                  from [01m[K/opt/ros/humble/include/rclcpp/rclcpp/executors/multi_threaded_executor.hpp:25[m[K,
[1.871s]                  from [01m[K/opt/ros/humble/include/rclcpp/rclcpp/executors.hpp:21[m[K,
[1.872s]                  from [01m[K/opt/ros/humble/include/rclcpp/rclcpp/rclcpp.hpp:155[m[K,
[1.872s]                  from [01m[K/home/daguill/my_ws/src/c_arith/src/sum.cpp:5[m[K:
[1.872s] [01m[K/opt/ros/humble/include/statistics_msgs/statistics_msgs/msg/detail/statistic_data_point__struct.hpp:27:11:[m[K [01;36m[Knote: [m[K  ‘[01m[Kstatistics_msgs::msg[m[K’
[1.872s]    27 | namespace [01;36m[Kmsg[m[K
[1.872s]       |           [01;36m[K^~~[m[K
[1.872s] In file included from [01m[K/opt/ros/humble/include/std_msgs/std_msgs/msg/detail/multi_array_layout__struct.hpp:20[m[K,
[1.872s]                  from [01m[K/opt/ros/humble/include/std_msgs/std_msgs/msg/detail/int8_multi_array__struct.hpp:20[m[K,
[1.872s]                  from [01m[K/opt/ros/humble/include/std_msgs/std_msgs/msg/int8_multi_array.hpp:7[m[K,
[1.872s]                  from [01m[K/home/daguill/my_ws/src/c_arith/src/sum.cpp:6[m[K:
[1.872s] [01m[K/opt/ros/humble/include/std_msgs/std_msgs/msg/detail/multi_array_dimension__struct.hpp:27:11:[m[K [01;36m[Knote: [m[K  ‘[01m[Kstd_msgs::msg[m[K’
[1.872s]    27 | namespace [01;36m[Kmsg[m[K
[1.872s]       |           [01;36m[K^~~[m[K
[2.405s] gmake[2]: *** [CMakeFiles/sum_array.dir/build.make:76: CMakeFiles/sum_array.dir/src/sum.cpp.o] Error 1
[2.405s] gmake[1]: *** [CMakeFiles/Makefile2:137: CMakeFiles/sum_array.dir/all] Error 2
[2.405s] gmake: *** [Makefile:146: all] Error 2
[2.407s] Invoked command in '/home/daguill/my_ws/src/build/c_arith' returned '2': CMAKE_PREFIX_PATH=${CMAKE_PREFIX_PATH}:/home/daguill/my_ws/install/p_int:/home/daguill/my_ws/install/p_pckg:/opt/ros/humble /usr/bin/cmake --build /home/daguill/my_ws/src/build/c_arith -- -j12 -l12
