[0.485s] Invoking command in '/home/daguill/my_ws/src/p_int': PYTHONPATH=/home/daguill/my_ws/build/p_int/prefix_override:/usr/lib/python3/dist-packages/colcon_core/task/python/colcon_distutils_commands:/home/daguill/my_ws/install/p_int/lib/python3.10/site-packages:${PYTHONPATH} /usr/bin/python3 -W ignore:setup.py install is deprecated setup.py egg_info --egg-base ../../build/p_int build --build-base /home/daguill/my_ws/build/p_int/build install --record /home/daguill/my_ws/build/p_int/install.log --single-version-externally-managed install_data
[0.688s] running egg_info
[0.688s] writing ../../build/p_int/p_int.egg-info/PKG-INFO
[0.688s] writing dependency_links to ../../build/p_int/p_int.egg-info/dependency_links.txt
[0.688s] writing entry points to ../../build/p_int/p_int.egg-info/entry_points.txt
[0.688s] writing requirements to ../../build/p_int/p_int.egg-info/requires.txt
[0.689s] writing top-level names to ../../build/p_int/p_int.egg-info/top_level.txt
[0.690s] reading manifest file '../../build/p_int/p_int.egg-info/SOURCES.txt'
[0.690s] adding license file 'LICENSE'
[0.691s] writing manifest file '../../build/p_int/p_int.egg-info/SOURCES.txt'
[0.691s] running build
[0.691s] running build_py
[0.691s] running install
[0.691s] running install_lib
[0.692s] running install_data
[0.692s] copying launch/_launch.py -> /home/daguill/my_ws/install/p_int/share/p_int/launch
[0.692s] running install_egg_info
[0.693s] removing '/home/daguill/my_ws/install/p_int/lib/python3.10/site-packages/p_int-0.0.0-py3.10.egg-info' (and everything under it)
[0.694s] Copying ../../build/p_int/p_int.egg-info to /home/daguill/my_ws/install/p_int/lib/python3.10/site-packages/p_int-0.0.0-py3.10.egg-info
[0.694s] running install_scripts
[0.711s] Installing array_listen script to /home/daguill/my_ws/install/p_int/lib/p_int
[0.711s] Installing array_talk script to /home/daguill/my_ws/install/p_int/lib/p_int
[0.711s] writing list of installed files to '/home/daguill/my_ws/build/p_int/install.log'
[0.729s] Invoked command in '/home/daguill/my_ws/src/p_int' returned '0': PYTHONPATH=/home/daguill/my_ws/build/p_int/prefix_override:/usr/lib/python3/dist-packages/colcon_core/task/python/colcon_distutils_commands:/home/daguill/my_ws/install/p_int/lib/python3.10/site-packages:${PYTHONPATH} /usr/bin/python3 -W ignore:setup.py install is deprecated setup.py egg_info --egg-base ../../build/p_int build --build-base /home/daguill/my_ws/build/p_int/build install --record /home/daguill/my_ws/build/p_int/install.log --single-version-externally-managed install_data
