[0.008s] Invoking command in '/home/daguill/my_ws/build/c_int': CMAKE_PREFIX_PATH=${CMAKE_PREFIX_PATH}:/home/daguill/my_ws/install/p_pckg:/opt/ros/humble /usr/bin/cmake --build /home/daguill/my_ws/build/c_int -- -j12 -l12
[0.037s] [35m[1mConsolidate compiler generated dependencies of target pub_array[0m
[0.049s] [ 50%] [32mBuilding CXX object CMakeFiles/pub_array.dir/src/array_pub.cpp.o[0m
[1.842s] [01m[K/home/daguill/my_ws/src/c_int/src/array_pub.cpp:[m[K In member function ‘[01m[Kvoid ArrayPublisher::timer_callback()[m[K’:
[1.843s] [01m[K/home/daguill/my_ws/src/c_int/src/array_pub.cpp:32:30:[m[K [01;31m[Kerror: [m[K‘[01m[Kto_string[m[K’ was not declared in this scope
[1.843s]    32 |     info = "Publishing : " + [01;31m[Kto_string[m[K(a); + " " + to_string(b) + " "+ to_string(c);
[1.843s]       |                              [01;31m[K^~~~~~~~~[m[K
[1.843s] [01m[K/home/daguill/my_ws/src/c_int/src/array_pub.cpp:32:30:[m[K [01;36m[Knote: [m[Ksuggested alternatives:
[1.843s] In file included from [01m[K/usr/include/c++/11/string:55[m[K,
[1.843s]                  from [01m[K/home/daguill/my_ws/src/c_int/src/array_pub.cpp:4[m[K:
[1.843s] [01m[K/usr/include/c++/11/bits/basic_string.h:6739:3:[m[K [01;36m[Knote: [m[K  ‘[01m[Kstd::__cxx11::to_string[m[K’
[1.843s]  6739 |   [01;36m[Kto_string[m[K(long double __val)
[1.843s]       |   [01;36m[K^~~~~~~~~[m[K
[1.843s] In file included from [01m[K/opt/ros/humble/include/rclcpp/rclcpp/parameter.hpp:26[m[K,
[1.843s]                  from [01m[K/opt/ros/humble/include/rclcpp/rclcpp/node_interfaces/node_parameters_interface.hpp:28[m[K,
[1.843s]                  from [01m[K/opt/ros/humble/include/rclcpp/rclcpp/node.hpp:54[m[K,
[1.843s]                  from [01m[K/opt/ros/humble/include/rclcpp/rclcpp/executors/single_threaded_executor.hpp:28[m[K,
[1.843s]                  from [01m[K/opt/ros/humble/include/rclcpp/rclcpp/executors.hpp:22[m[K,
[1.843s]                  from [01m[K/opt/ros/humble/include/rclcpp/rclcpp/rclcpp.hpp:155[m[K,
[1.843s]                  from [01m[K/home/daguill/my_ws/src/c_int/src/array_pub.cpp:6[m[K:
[1.843s] [01m[K/opt/ros/humble/include/rclcpp/rclcpp/parameter_value.hpp:361:1:[m[K [01;36m[Knote: [m[K  ‘[01m[Krclcpp::to_string[m[K’
[1.844s]   361 | [01;36m[Kto_string[m[K(const ParameterValue & type);
[1.844s]       | [01;36m[K^~~~~~~~~[m[K
[2.507s] gmake[2]: *** [CMakeFiles/pub_array.dir/build.make:76: CMakeFiles/pub_array.dir/src/array_pub.cpp.o] Error 1
[2.507s] gmake[1]: *** [CMakeFiles/Makefile2:137: CMakeFiles/pub_array.dir/all] Error 2
[2.507s] gmake: *** [Makefile:146: all] Error 2
[2.509s] Invoked command in '/home/daguill/my_ws/build/c_int' returned '2': CMAKE_PREFIX_PATH=${CMAKE_PREFIX_PATH}:/home/daguill/my_ws/install/p_pckg:/opt/ros/humble /usr/bin/cmake --build /home/daguill/my_ws/build/c_int -- -j12 -l12
