[35m[1mConsolidate compiler generated dependencies of target sub_array[0m
[ 50%] Built target pub_array
[ 75%] [32mBuilding CXX object CMakeFiles/sub_array.dir/src/array_sub.cpp.o[0m
[01m[K/home/daguill/my_ws/src/c_int/src/array_sub.cpp:[m[K In member function ‘[01m[Kvoid ArraySuscriber::topic_callback(const Int8MultiArray&) const[m[K’:
[01m[K/home/daguill/my_ws/src/c_int/src/array_sub.cpp:21:61:[m[K [01;35m[Kwarning: [m[Kunused parameter ‘[01m[Kmsg[m[K’ [[01;35m[K]8;;https://gcc.gnu.org/onlinedocs/gcc/Warning-Options.html#index-Wunused-parameter-Wunused-parameter]8;;[m[K]
   21 |   void topic_callback([01;35m[Kconst std_msgs::msg::Int8MultiArray & msg[m[K) const
      |                       [01;35m[K~~~~~~~~~~~~~~~~~~~~~~~~~~~~~~~~~~~~~~^~~[m[K
[100%] [32m[1mLinking CXX executable sub_array[0m
[100%] Built target sub_array
-- Install configuration: ""
-- Up-to-date: /home/daguill/my_ws/install/c_int/lib/c_int/pub_array
-- Installing: /home/daguill/my_ws/install/c_int/lib/c_int/sub_array
-- Set runtime path of "/home/daguill/my_ws/install/c_int/lib/c_int/sub_array" to ""
-- Up-to-date: /home/daguill/my_ws/install/c_int/share/c_int//launch
-- Up-to-date: /home/daguill/my_ws/install/c_int/share/c_int//launch/_launch.py
-- Up-to-date: /home/daguill/my_ws/install/c_int/share/ament_index/resource_index/package_run_dependencies/c_int
-- Up-to-date: /home/daguill/my_ws/install/c_int/share/ament_index/resource_index/parent_prefix_path/c_int
-- Up-to-date: /home/daguill/my_ws/install/c_int/share/c_int/environment/ament_prefix_path.sh
-- Up-to-date: /home/daguill/my_ws/install/c_int/share/c_int/environment/ament_prefix_path.dsv
-- Up-to-date: /home/daguill/my_ws/install/c_int/share/c_int/environment/path.sh
-- Up-to-date: /home/daguill/my_ws/install/c_int/share/c_int/environment/path.dsv
-- Up-to-date: /home/daguill/my_ws/install/c_int/share/c_int/local_setup.bash
-- Up-to-date: /home/daguill/my_ws/install/c_int/share/c_int/local_setup.sh
-- Up-to-date: /home/daguill/my_ws/install/c_int/share/c_int/local_setup.zsh
-- Up-to-date: /home/daguill/my_ws/install/c_int/share/c_int/local_setup.dsv
-- Installing: /home/daguill/my_ws/install/c_int/share/c_int/package.dsv
-- Up-to-date: /home/daguill/my_ws/install/c_int/share/ament_index/resource_index/packages/c_int
-- Up-to-date: /home/daguill/my_ws/install/c_int/share/c_int/cmake/c_intConfig.cmake
-- Up-to-date: /home/daguill/my_ws/install/c_int/share/c_int/cmake/c_intConfig-version.cmake
-- Up-to-date: /home/daguill/my_ws/install/c_int/share/c_int/package.xml
