[0.009s] Invoking command in '/home/daguill/my_ws/build/c_int': CMAKE_PREFIX_PATH=${CMAKE_PREFIX_PATH}:/home/daguill/my_ws/install/p_pckg:/opt/ros/humble /usr/bin/cmake --build /home/daguill/my_ws/build/c_int -- -j12 -l12
[0.040s] [35m[1mConsolidate compiler generated dependencies of target sub_array[0m
[0.049s] [ 50%] Built target pub_array
[0.054s] [ 75%] [32mBuilding CXX object CMakeFiles/sub_array.dir/src/array_sub.cpp.o[0m
[6.305s] [100%] [32m[1mLinking CXX executable sub_array[0m
[6.572s] [100%] Built target sub_array
[6.580s] Invoked command in '/home/daguill/my_ws/build/c_int' returned '0': CMAKE_PREFIX_PATH=${CMAKE_PREFIX_PATH}:/home/daguill/my_ws/install/p_pckg:/opt/ros/humble /usr/bin/cmake --build /home/daguill/my_ws/build/c_int -- -j12 -l12
[6.604s] Invoking command in '/home/daguill/my_ws/build/c_int': CMAKE_PREFIX_PATH=${CMAKE_PREFIX_PATH}:/home/daguill/my_ws/install/p_pckg:/opt/ros/humble /usr/bin/cmake --install /home/daguill/my_ws/build/c_int
[6.609s] -- Install configuration: ""
[6.609s] -- Up-to-date: /home/daguill/my_ws/install/c_int/lib/c_int/pub_array
[6.609s] -- Installing: /home/daguill/my_ws/install/c_int/lib/c_int/sub_array
[6.612s] -- Set runtime path of "/home/daguill/my_ws/install/c_int/lib/c_int/sub_array" to ""
[6.612s] -- Up-to-date: /home/daguill/my_ws/install/c_int/share/c_int//launch
[6.612s] -- Up-to-date: /home/daguill/my_ws/install/c_int/share/c_int//launch/_launch.py
[6.612s] -- Up-to-date: /home/daguill/my_ws/install/c_int/share/ament_index/resource_index/package_run_dependencies/c_int
[6.612s] -- Up-to-date: /home/daguill/my_ws/install/c_int/share/ament_index/resource_index/parent_prefix_path/c_int
[6.612s] -- Up-to-date: /home/daguill/my_ws/install/c_int/share/c_int/environment/ament_prefix_path.sh
[6.612s] -- Up-to-date: /home/daguill/my_ws/install/c_int/share/c_int/environment/ament_prefix_path.dsv
[6.612s] -- Up-to-date: /home/daguill/my_ws/install/c_int/share/c_int/environment/path.sh
[6.613s] -- Up-to-date: /home/daguill/my_ws/install/c_int/share/c_int/environment/path.dsv
[6.613s] -- Up-to-date: /home/daguill/my_ws/install/c_int/share/c_int/local_setup.bash
[6.613s] -- Up-to-date: /home/daguill/my_ws/install/c_int/share/c_int/local_setup.sh
[6.613s] -- Up-to-date: /home/daguill/my_ws/install/c_int/share/c_int/local_setup.zsh
[6.613s] -- Up-to-date: /home/daguill/my_ws/install/c_int/share/c_int/local_setup.dsv
[6.613s] -- Installing: /home/daguill/my_ws/install/c_int/share/c_int/package.dsv
[6.613s] -- Up-to-date: /home/daguill/my_ws/install/c_int/share/ament_index/resource_index/packages/c_int
[6.613s] -- Up-to-date: /home/daguill/my_ws/install/c_int/share/c_int/cmake/c_intConfig.cmake
[6.613s] -- Up-to-date: /home/daguill/my_ws/install/c_int/share/c_int/cmake/c_intConfig-version.cmake
[6.613s] -- Up-to-date: /home/daguill/my_ws/install/c_int/share/c_int/package.xml
[6.614s] Invoked command in '/home/daguill/my_ws/build/c_int' returned '0': CMAKE_PREFIX_PATH=${CMAKE_PREFIX_PATH}:/home/daguill/my_ws/install/p_pckg:/opt/ros/humble /usr/bin/cmake --install /home/daguill/my_ws/build/c_int
