[0.007s] Invoking command in '/home/daguill/my_ws/build/c_pckg': CMAKE_PREFIX_PATH=/opt/ros/humble /usr/bin/cmake /home/daguill/my_ws/src/c_pckg -DCMAKE_INSTALL_PREFIX=/home/daguill/my_ws/install/c_pckg
[0.019s] -- Found ament_cmake: 1.3.10 (/opt/ros/humble/share/ament_cmake/cmake)
[0.120s] -- Found rclcpp: 16.0.10 (/opt/ros/humble/share/rclcpp/cmake)
[0.162s] -- Found rosidl_generator_c: 3.1.5 (/opt/ros/humble/share/rosidl_generator_c/cmake)
[0.168s] -- Found rosidl_adapter: 3.1.5 (/opt/ros/humble/share/rosidl_adapter/cmake)
[0.177s] -- Found rosidl_generator_cpp: 3.1.5 (/opt/ros/humble/share/rosidl_generator_cpp/cmake)
[0.190s] -- Using all available rosidl_typesupport_c: rosidl_typesupport_fastrtps_c;rosidl_typesupport_introspection_c
[0.207s] -- Using all available rosidl_typesupport_cpp: rosidl_typesupport_fastrtps_cpp;rosidl_typesupport_introspection_cpp
[0.255s] -- Found rmw_implementation_cmake: 6.1.2 (/opt/ros/humble/share/rmw_implementation_cmake/cmake)
[0.258s] -- Found rmw_fastrtps_cpp: 6.2.7 (/opt/ros/humble/share/rmw_fastrtps_cpp/cmake)
[0.328s] -- Found OpenSSL: /usr/lib/x86_64-linux-gnu/libcrypto.so (found version "3.0.2")  
[0.348s] -- Found FastRTPS: /opt/ros/humble/include  
[0.379s] -- Using RMW implementation 'rmw_fastrtps_cpp' as default
[0.388s] -- Looking for pthread.h
[0.446s] -- Looking for pthread.h - found
[0.446s] -- Performing Test CMAKE_HAVE_LIBC_PTHREAD
[0.502s] -- Performing Test CMAKE_HAVE_LIBC_PTHREAD - Success
[0.503s] -- Found Threads: TRUE  
[0.569s] -- Found ament_lint_auto: 0.12.11 (/opt/ros/humble/share/ament_lint_auto/cmake)
[0.634s] -- Added test 'cppcheck' to perform static code analysis on C / C++ code
[0.634s] -- Configured cppcheck include dirs: 
[0.634s] -- Configured cppcheck exclude dirs and/or files: 
[0.635s] -- Added test 'lint_cmake' to check CMake code style
[0.636s] -- Added test 'uncrustify' to check C / C++ code style
[0.636s] -- Configured uncrustify additional arguments: 
[0.637s] -- Added test 'xmllint' to check XML markup files
[0.638s] -- Configuring done
[0.645s] -- Generating done
[0.646s] -- Build files have been written to: /home/daguill/my_ws/build/c_pckg
[0.651s] Invoked command in '/home/daguill/my_ws/build/c_pckg' returned '0': CMAKE_PREFIX_PATH=/opt/ros/humble /usr/bin/cmake /home/daguill/my_ws/src/c_pckg -DCMAKE_INSTALL_PREFIX=/home/daguill/my_ws/install/c_pckg
[0.653s] Invoking command in '/home/daguill/my_ws/build/c_pckg': CMAKE_PREFIX_PATH=/opt/ros/humble /usr/bin/cmake --build /home/daguill/my_ws/build/c_pckg -- -j12 -l12
[0.688s] [ 50%] [32mBuilding CXX object CMakeFiles/talker.dir/src/publisher_member_function.cpp.o[0m
[4.215s] [100%] [32m[1mLinking CXX executable talker[0m
[4.382s] [100%] Built target talker
[4.390s] Invoked command in '/home/daguill/my_ws/build/c_pckg' returned '0': CMAKE_PREFIX_PATH=/opt/ros/humble /usr/bin/cmake --build /home/daguill/my_ws/build/c_pckg -- -j12 -l12
[4.412s] Invoking command in '/home/daguill/my_ws/build/c_pckg': CMAKE_PREFIX_PATH=/opt/ros/humble /usr/bin/cmake --install /home/daguill/my_ws/build/c_pckg
[4.419s] -- Install configuration: ""
[4.419s] -- Installing: /home/daguill/my_ws/install/c_pckg/lib/c_pckg/talker
[4.420s] -- Set runtime path of "/home/daguill/my_ws/install/c_pckg/lib/c_pckg/talker" to ""
[4.420s] -- Installing: /home/daguill/my_ws/install/c_pckg/share/ament_index/resource_index/package_run_dependencies/c_pckg
[4.420s] -- Installing: /home/daguill/my_ws/install/c_pckg/share/ament_index/resource_index/parent_prefix_path/c_pckg
[4.420s] -- Installing: /home/daguill/my_ws/install/c_pckg/share/c_pckg/environment/ament_prefix_path.sh
[4.420s] -- Installing: /home/daguill/my_ws/install/c_pckg/share/c_pckg/environment/ament_prefix_path.dsv
[4.421s] -- Installing: /home/daguill/my_ws/install/c_pckg/share/c_pckg/environment/path.sh
[4.421s] -- Installing: /home/daguill/my_ws/install/c_pckg/share/c_pckg/environment/path.dsv
[4.421s] -- Installing: /home/daguill/my_ws/install/c_pckg/share/c_pckg/local_setup.bash
[4.421s] -- Installing: /home/daguill/my_ws/install/c_pckg/share/c_pckg/local_setup.sh
[4.421s] -- Installing: /home/daguill/my_ws/install/c_pckg/share/c_pckg/local_setup.zsh
[4.422s] -- Installing: /home/daguill/my_ws/install/c_pckg/share/c_pckg/local_setup.dsv
[4.422s] -- Installing: /home/daguill/my_ws/install/c_pckg/share/c_pckg/package.dsv
[4.422s] -- Installing: /home/daguill/my_ws/install/c_pckg/share/ament_index/resource_index/packages/c_pckg
[4.422s] -- Installing: /home/daguill/my_ws/install/c_pckg/share/c_pckg/cmake/c_pckgConfig.cmake
[4.422s] -- Installing: /home/daguill/my_ws/install/c_pckg/share/c_pckg/cmake/c_pckgConfig-version.cmake
[4.422s] -- Installing: /home/daguill/my_ws/install/c_pckg/share/c_pckg/package.xml
[4.424s] Invoked command in '/home/daguill/my_ws/build/c_pckg' returned '0': CMAKE_PREFIX_PATH=/opt/ros/humble /usr/bin/cmake --install /home/daguill/my_ws/build/c_pckg
