[0.087s] DEBUG:colcon:Command line arguments: ['/usr/bin/colcon', 'build']
[0.087s] DEBUG:colcon:Parsed command line arguments: Namespace(log_base=None, log_level=None, verb_name='build', build_base='build', install_base='install', merge_install=False, symlink_install=False, test_result_base=None, continue_on_error=False, executor='parallel', parallel_workers=12, event_handlers=None, ignore_user_meta=False, metas=['./colcon.meta'], base_paths=['.'], packages_ignore=None, packages_ignore_regex=None, paths=None, packages_up_to=None, packages_up_to_regex=None, packages_above=None, packages_above_and_dependencies=None, packages_above_depth=None, packages_select_by_dep=None, packages_skip_by_dep=None, packages_skip_up_to=None, packages_select_build_failed=False, packages_skip_build_finished=False, packages_select_test_failures=False, packages_skip_test_passed=False, packages_select=None, packages_skip=None, packages_select_regex=None, packages_skip_regex=None, packages_start=None, packages_end=None, allow_overriding=[], cmake_args=None, cmake_target=None, cmake_target_skip_unavailable=False, cmake_clean_cache=False, cmake_clean_first=False, cmake_force_configure=False, ament_cmake_args=None, catkin_cmake_args=None, catkin_skip_building_tests=False, mixin_files=None, mixin=None, verb_parser=<colcon_mixin.mixin.mixin_argument.MixinArgumentDecorator object at 0x7cd23f33e200>, verb_extension=<colcon_core.verb.build.BuildVerb object at 0x7cd23f33d990>, main=<bound method BuildVerb.main of <colcon_core.verb.build.BuildVerb object at 0x7cd23f33d990>>, mixin_verb=('build',))
[0.213s] Level 1:colcon.colcon_core.package_discovery:discover_packages(colcon_meta) check parameters
[0.213s] Level 1:colcon.colcon_core.package_discovery:discover_packages(recursive) check parameters
[0.213s] Level 1:colcon.colcon_core.package_discovery:discover_packages(ignore) check parameters
[0.213s] Level 1:colcon.colcon_core.package_discovery:discover_packages(path) check parameters
[0.213s] Level 1:colcon.colcon_core.package_discovery:discover_packages(colcon_meta) discover
[0.213s] Level 1:colcon.colcon_core.package_discovery:discover_packages(recursive) discover
[0.213s] INFO:colcon.colcon_core.package_discovery:Crawling recursively for packages in '/home/daguill/ros2_humble/adv_ws/src'
[0.213s] Level 1:colcon.colcon_core.package_identification:_identify(.) by extensions ['ignore', 'ignore_ament_install']
[0.214s] Level 1:colcon.colcon_core.package_identification:_identify(.) by extension 'ignore'
[0.214s] Level 1:colcon.colcon_core.package_identification:_identify(.) by extension 'ignore_ament_install'
[0.214s] Level 1:colcon.colcon_core.package_identification:_identify(.) by extensions ['colcon_pkg']
[0.214s] Level 1:colcon.colcon_core.package_identification:_identify(.) by extension 'colcon_pkg'
[0.214s] Level 1:colcon.colcon_core.package_identification:_identify(.) by extensions ['colcon_meta']
[0.214s] Level 1:colcon.colcon_core.package_identification:_identify(.) by extension 'colcon_meta'
[0.214s] Level 1:colcon.colcon_core.package_identification:_identify(.) by extensions ['ros']
[0.214s] Level 1:colcon.colcon_core.package_identification:_identify(.) by extension 'ros'
[0.222s] Level 1:colcon.colcon_core.package_identification:_identify(.) by extensions ['cmake', 'python']
[0.222s] Level 1:colcon.colcon_core.package_identification:_identify(.) by extension 'cmake'
[0.222s] Level 1:colcon.colcon_core.package_identification:_identify(.) by extension 'python'
[0.222s] Level 1:colcon.colcon_core.package_identification:_identify(.) by extensions ['python_setup_py']
[0.222s] Level 1:colcon.colcon_core.package_identification:_identify(.) by extension 'python_setup_py'
[0.223s] Level 1:colcon.colcon_core.package_identification:_identify(build) by extensions ['ignore', 'ignore_ament_install']
[0.223s] Level 1:colcon.colcon_core.package_identification:_identify(build) by extension 'ignore'
[0.223s] Level 1:colcon.colcon_core.package_identification:_identify(build) ignored
[0.223s] Level 1:colcon.colcon_core.package_identification:_identify(c_msg_coms) by extensions ['ignore', 'ignore_ament_install']
[0.223s] Level 1:colcon.colcon_core.package_identification:_identify(c_msg_coms) by extension 'ignore'
[0.223s] Level 1:colcon.colcon_core.package_identification:_identify(c_msg_coms) by extension 'ignore_ament_install'
[0.223s] Level 1:colcon.colcon_core.package_identification:_identify(c_msg_coms) by extensions ['colcon_pkg']
[0.223s] Level 1:colcon.colcon_core.package_identification:_identify(c_msg_coms) by extension 'colcon_pkg'
[0.223s] Level 1:colcon.colcon_core.package_identification:_identify(c_msg_coms) by extensions ['colcon_meta']
[0.223s] Level 1:colcon.colcon_core.package_identification:_identify(c_msg_coms) by extension 'colcon_meta'
[0.223s] Level 1:colcon.colcon_core.package_identification:_identify(c_msg_coms) by extensions ['ros']
[0.223s] Level 1:colcon.colcon_core.package_identification:_identify(c_msg_coms) by extension 'ros'
[0.225s] DEBUG:colcon.colcon_core.package_identification:Package 'c_msg_coms' with type 'ros.ament_cmake' and name 'c_msg_coms'
[0.225s] Level 1:colcon.colcon_core.package_identification:_identify(c_srv_coms) by extensions ['ignore', 'ignore_ament_install']
[0.225s] Level 1:colcon.colcon_core.package_identification:_identify(c_srv_coms) by extension 'ignore'
[0.225s] Level 1:colcon.colcon_core.package_identification:_identify(c_srv_coms) by extension 'ignore_ament_install'
[0.225s] Level 1:colcon.colcon_core.package_identification:_identify(c_srv_coms) by extensions ['colcon_pkg']
[0.225s] Level 1:colcon.colcon_core.package_identification:_identify(c_srv_coms) by extension 'colcon_pkg'
[0.225s] Level 1:colcon.colcon_core.package_identification:_identify(c_srv_coms) by extensions ['colcon_meta']
[0.225s] Level 1:colcon.colcon_core.package_identification:_identify(c_srv_coms) by extension 'colcon_meta'
[0.225s] Level 1:colcon.colcon_core.package_identification:_identify(c_srv_coms) by extensions ['ros']
[0.225s] Level 1:colcon.colcon_core.package_identification:_identify(c_srv_coms) by extension 'ros'
[0.226s] DEBUG:colcon.colcon_core.package_identification:Package 'c_srv_coms' with type 'ros.ament_cmake' and name 'c_srv_coms'
[0.226s] Level 1:colcon.colcon_core.package_identification:_identify(install) by extensions ['ignore', 'ignore_ament_install']
[0.226s] Level 1:colcon.colcon_core.package_identification:_identify(install) by extension 'ignore'
[0.226s] Level 1:colcon.colcon_core.package_identification:_identify(install) ignored
[0.226s] Level 1:colcon.colcon_core.package_identification:_identify(interface) by extensions ['ignore', 'ignore_ament_install']
[0.226s] Level 1:colcon.colcon_core.package_identification:_identify(interface) by extension 'ignore'
[0.226s] Level 1:colcon.colcon_core.package_identification:_identify(interface) by extension 'ignore_ament_install'
[0.227s] Level 1:colcon.colcon_core.package_identification:_identify(interface) by extensions ['colcon_pkg']
[0.227s] Level 1:colcon.colcon_core.package_identification:_identify(interface) by extension 'colcon_pkg'
[0.227s] Level 1:colcon.colcon_core.package_identification:_identify(interface) by extensions ['colcon_meta']
[0.227s] Level 1:colcon.colcon_core.package_identification:_identify(interface) by extension 'colcon_meta'
[0.227s] Level 1:colcon.colcon_core.package_identification:_identify(interface) by extensions ['ros']
[0.227s] Level 1:colcon.colcon_core.package_identification:_identify(interface) by extension 'ros'
[0.227s] DEBUG:colcon.colcon_core.package_identification:Package 'interface' with type 'ros.ament_cmake' and name 'my_interface'
[0.227s] Level 1:colcon.colcon_core.package_identification:_identify(log) by extensions ['ignore', 'ignore_ament_install']
[0.227s] Level 1:colcon.colcon_core.package_identification:_identify(log) by extension 'ignore'
[0.227s] Level 1:colcon.colcon_core.package_identification:_identify(log) ignored
[0.228s] Level 1:colcon.colcon_core.package_identification:_identify(p_srv_coms) by extensions ['ignore', 'ignore_ament_install']
[0.228s] Level 1:colcon.colcon_core.package_identification:_identify(p_srv_coms) by extension 'ignore'
[0.228s] Level 1:colcon.colcon_core.package_identification:_identify(p_srv_coms) by extension 'ignore_ament_install'
[0.228s] Level 1:colcon.colcon_core.package_identification:_identify(p_srv_coms) by extensions ['colcon_pkg']
[0.228s] Level 1:colcon.colcon_core.package_identification:_identify(p_srv_coms) by extension 'colcon_pkg'
[0.228s] Level 1:colcon.colcon_core.package_identification:_identify(p_srv_coms) by extensions ['colcon_meta']
[0.228s] Level 1:colcon.colcon_core.package_identification:_identify(p_srv_coms) by extension 'colcon_meta'
[0.228s] Level 1:colcon.colcon_core.package_identification:_identify(p_srv_coms) by extensions ['ros']
[0.228s] Level 1:colcon.colcon_core.package_identification:_identify(p_srv_coms) by extension 'ros'
[0.228s] DEBUG:colcon.colcon_core.package_identification:Package 'p_srv_coms' with type 'ros.ament_python' and name 'p_srv_coms'
[0.228s] Level 1:colcon.colcon_core.package_discovery:discover_packages(recursive) using defaults
[0.228s] Level 1:colcon.colcon_core.package_discovery:discover_packages(ignore) discover
[0.229s] Level 1:colcon.colcon_core.package_discovery:discover_packages(ignore) using defaults
[0.229s] Level 1:colcon.colcon_core.package_discovery:discover_packages(path) discover
[0.229s] Level 1:colcon.colcon_core.package_discovery:discover_packages(path) using defaults
[0.244s] Level 1:colcon.colcon_core.package_discovery:discover_packages(prefix_path) check parameters
[0.244s] Level 1:colcon.colcon_core.package_discovery:discover_packages(prefix_path) discover
[0.246s] DEBUG:colcon.colcon_installed_package_information.package_discovery:Found 5 installed packages in /home/daguill/ros2_humble/adv_ws/install
[0.247s] DEBUG:colcon.colcon_installed_package_information.package_discovery:Found 293 installed packages in /opt/ros/humble
[0.254s] Level 1:colcon.colcon_core.package_discovery:discover_packages(prefix_path) using defaults
[0.286s] Level 5:colcon.colcon_core.verb:set package 'my_interface' build argument 'cmake_args' from command line to 'None'
[0.286s] Level 5:colcon.colcon_core.verb:set package 'my_interface' build argument 'cmake_target' from command line to 'None'
[0.286s] Level 5:colcon.colcon_core.verb:set package 'my_interface' build argument 'cmake_target_skip_unavailable' from command line to 'False'
[0.286s] Level 5:colcon.colcon_core.verb:set package 'my_interface' build argument 'cmake_clean_cache' from command line to 'False'
[0.286s] Level 5:colcon.colcon_core.verb:set package 'my_interface' build argument 'cmake_clean_first' from command line to 'False'
[0.286s] Level 5:colcon.colcon_core.verb:set package 'my_interface' build argument 'cmake_force_configure' from command line to 'False'
[0.286s] Level 5:colcon.colcon_core.verb:set package 'my_interface' build argument 'ament_cmake_args' from command line to 'None'
[0.286s] Level 5:colcon.colcon_core.verb:set package 'my_interface' build argument 'catkin_cmake_args' from command line to 'None'
[0.286s] Level 5:colcon.colcon_core.verb:set package 'my_interface' build argument 'catkin_skip_building_tests' from command line to 'False'
[0.286s] DEBUG:colcon.colcon_core.verb:Building package 'my_interface' with the following arguments: {'ament_cmake_args': None, 'build_base': '/home/daguill/ros2_humble/adv_ws/src/build/my_interface', 'catkin_cmake_args': None, 'catkin_skip_building_tests': False, 'cmake_args': None, 'cmake_clean_cache': False, 'cmake_clean_first': False, 'cmake_force_configure': False, 'cmake_target': None, 'cmake_target_skip_unavailable': False, 'install_base': '/home/daguill/ros2_humble/adv_ws/src/install/my_interface', 'merge_install': False, 'path': '/home/daguill/ros2_humble/adv_ws/src/interface', 'symlink_install': False, 'test_result_base': None}
[0.287s] Level 5:colcon.colcon_core.verb:set package 'p_srv_coms' build argument 'cmake_args' from command line to 'None'
[0.287s] Level 5:colcon.colcon_core.verb:set package 'p_srv_coms' build argument 'cmake_target' from command line to 'None'
[0.287s] Level 5:colcon.colcon_core.verb:set package 'p_srv_coms' build argument 'cmake_target_skip_unavailable' from command line to 'False'
[0.287s] Level 5:colcon.colcon_core.verb:set package 'p_srv_coms' build argument 'cmake_clean_cache' from command line to 'False'
[0.287s] Level 5:colcon.colcon_core.verb:set package 'p_srv_coms' build argument 'cmake_clean_first' from command line to 'False'
[0.287s] Level 5:colcon.colcon_core.verb:set package 'p_srv_coms' build argument 'cmake_force_configure' from command line to 'False'
[0.287s] Level 5:colcon.colcon_core.verb:set package 'p_srv_coms' build argument 'ament_cmake_args' from command line to 'None'
[0.287s] Level 5:colcon.colcon_core.verb:set package 'p_srv_coms' build argument 'catkin_cmake_args' from command line to 'None'
[0.287s] Level 5:colcon.colcon_core.verb:set package 'p_srv_coms' build argument 'catkin_skip_building_tests' from command line to 'False'
[0.287s] DEBUG:colcon.colcon_core.verb:Building package 'p_srv_coms' with the following arguments: {'ament_cmake_args': None, 'build_base': '/home/daguill/ros2_humble/adv_ws/src/build/p_srv_coms', 'catkin_cmake_args': None, 'catkin_skip_building_tests': False, 'cmake_args': None, 'cmake_clean_cache': False, 'cmake_clean_first': False, 'cmake_force_configure': False, 'cmake_target': None, 'cmake_target_skip_unavailable': False, 'install_base': '/home/daguill/ros2_humble/adv_ws/src/install/p_srv_coms', 'merge_install': False, 'path': '/home/daguill/ros2_humble/adv_ws/src/p_srv_coms', 'symlink_install': False, 'test_result_base': None}
[0.287s] Level 5:colcon.colcon_core.verb:set package 'c_msg_coms' build argument 'cmake_args' from command line to 'None'
[0.287s] Level 5:colcon.colcon_core.verb:set package 'c_msg_coms' build argument 'cmake_target' from command line to 'None'
[0.287s] Level 5:colcon.colcon_core.verb:set package 'c_msg_coms' build argument 'cmake_target_skip_unavailable' from command line to 'False'
[0.287s] Level 5:colcon.colcon_core.verb:set package 'c_msg_coms' build argument 'cmake_clean_cache' from command line to 'False'
[0.287s] Level 5:colcon.colcon_core.verb:set package 'c_msg_coms' build argument 'cmake_clean_first' from command line to 'False'
[0.287s] Level 5:colcon.colcon_core.verb:set package 'c_msg_coms' build argument 'cmake_force_configure' from command line to 'False'
[0.287s] Level 5:colcon.colcon_core.verb:set package 'c_msg_coms' build argument 'ament_cmake_args' from command line to 'None'
[0.287s] Level 5:colcon.colcon_core.verb:set package 'c_msg_coms' build argument 'catkin_cmake_args' from command line to 'None'
[0.287s] Level 5:colcon.colcon_core.verb:set package 'c_msg_coms' build argument 'catkin_skip_building_tests' from command line to 'False'
[0.287s] DEBUG:colcon.colcon_core.verb:Building package 'c_msg_coms' with the following arguments: {'ament_cmake_args': None, 'build_base': '/home/daguill/ros2_humble/adv_ws/src/build/c_msg_coms', 'catkin_cmake_args': None, 'catkin_skip_building_tests': False, 'cmake_args': None, 'cmake_clean_cache': False, 'cmake_clean_first': False, 'cmake_force_configure': False, 'cmake_target': None, 'cmake_target_skip_unavailable': False, 'install_base': '/home/daguill/ros2_humble/adv_ws/src/install/c_msg_coms', 'merge_install': False, 'path': '/home/daguill/ros2_humble/adv_ws/src/c_msg_coms', 'symlink_install': False, 'test_result_base': None}
[0.287s] Level 5:colcon.colcon_core.verb:set package 'c_srv_coms' build argument 'cmake_args' from command line to 'None'
[0.288s] Level 5:colcon.colcon_core.verb:set package 'c_srv_coms' build argument 'cmake_target' from command line to 'None'
[0.288s] Level 5:colcon.colcon_core.verb:set package 'c_srv_coms' build argument 'cmake_target_skip_unavailable' from command line to 'False'
[0.288s] Level 5:colcon.colcon_core.verb:set package 'c_srv_coms' build argument 'cmake_clean_cache' from command line to 'False'
[0.288s] Level 5:colcon.colcon_core.verb:set package 'c_srv_coms' build argument 'cmake_clean_first' from command line to 'False'
[0.288s] Level 5:colcon.colcon_core.verb:set package 'c_srv_coms' build argument 'cmake_force_configure' from command line to 'False'
[0.288s] Level 5:colcon.colcon_core.verb:set package 'c_srv_coms' build argument 'ament_cmake_args' from command line to 'None'
[0.288s] Level 5:colcon.colcon_core.verb:set package 'c_srv_coms' build argument 'catkin_cmake_args' from command line to 'None'
[0.288s] Level 5:colcon.colcon_core.verb:set package 'c_srv_coms' build argument 'catkin_skip_building_tests' from command line to 'False'
[0.288s] DEBUG:colcon.colcon_core.verb:Building package 'c_srv_coms' with the following arguments: {'ament_cmake_args': None, 'build_base': '/home/daguill/ros2_humble/adv_ws/src/build/c_srv_coms', 'catkin_cmake_args': None, 'catkin_skip_building_tests': False, 'cmake_args': None, 'cmake_clean_cache': False, 'cmake_clean_first': False, 'cmake_force_configure': False, 'cmake_target': None, 'cmake_target_skip_unavailable': False, 'install_base': '/home/daguill/ros2_humble/adv_ws/src/install/c_srv_coms', 'merge_install': False, 'path': '/home/daguill/ros2_humble/adv_ws/src/c_srv_coms', 'symlink_install': False, 'test_result_base': None}
[0.288s] INFO:colcon.colcon_core.executor:Executing jobs using 'parallel' executor
[0.289s] DEBUG:colcon.colcon_parallel_executor.executor.parallel:run_until_complete
[0.289s] INFO:colcon.colcon_ros.task.ament_cmake.build:Building ROS package in '/home/daguill/ros2_humble/adv_ws/src/interface' with build type 'ament_cmake'
[0.289s] INFO:colcon.colcon_cmake.task.cmake.build:Building CMake package in '/home/daguill/ros2_humble/adv_ws/src/interface'
[0.291s] INFO:colcon.colcon_core.plugin_system:Skipping extension 'colcon_core.shell.bat': Not used on non-Windows systems
[0.291s] INFO:colcon.colcon_core.shell:Skip shell extension 'powershell' for command environment: Not usable outside of PowerShell
[0.291s] DEBUG:colcon.colcon_core.shell:Skip shell extension 'dsv' for command environment
[0.294s] INFO:colcon.colcon_ros.task.ament_python.build:Building ROS package in '/home/daguill/ros2_humble/adv_ws/src/p_srv_coms' with build type 'ament_python'
[0.294s] Level 1:colcon.colcon_core.shell:create_environment_hook('p_srv_coms', 'ament_prefix_path')
[0.294s] INFO:colcon.colcon_core.shell:Creating environment hook '/home/daguill/ros2_humble/adv_ws/src/install/p_srv_coms/share/p_srv_coms/hook/ament_prefix_path.ps1'
[0.295s] INFO:colcon.colcon_core.shell:Creating environment descriptor '/home/daguill/ros2_humble/adv_ws/src/install/p_srv_coms/share/p_srv_coms/hook/ament_prefix_path.dsv'
[0.295s] INFO:colcon.colcon_core.shell:Creating environment hook '/home/daguill/ros2_humble/adv_ws/src/install/p_srv_coms/share/p_srv_coms/hook/ament_prefix_path.sh'
[0.296s] INFO:colcon.colcon_core.shell:Skip shell extension 'powershell' for command environment: Not usable outside of PowerShell
[0.296s] DEBUG:colcon.colcon_core.shell:Skip shell extension 'dsv' for command environment
[0.302s] DEBUG:colcon.colcon_core.event_handler.log_command:Invoking command in '/home/daguill/ros2_humble/adv_ws/src/build/my_interface': CMAKE_PREFIX_PATH=${CMAKE_PREFIX_PATH}:/opt/ros/humble /usr/bin/cmake /home/daguill/ros2_humble/adv_ws/src/interface -DCMAKE_INSTALL_PREFIX=/home/daguill/ros2_humble/adv_ws/src/install/my_interface
[0.521s] INFO:colcon.colcon_core.task.python.build:Building Python package in '/home/daguill/ros2_humble/adv_ws/src/p_srv_coms'
[0.521s] INFO:colcon.colcon_core.shell:Skip shell extension 'powershell' for command environment: Not usable outside of PowerShell
[0.521s] DEBUG:colcon.colcon_core.shell:Skip shell extension 'dsv' for command environment
[0.821s] DEBUG:colcon.colcon_core.event_handler.log_command:Invoking command in '/home/daguill/ros2_humble/adv_ws/src/p_srv_coms': PYTHONPATH=/home/daguill/ros2_humble/adv_ws/src/build/p_srv_coms/prefix_override:/usr/lib/python3/dist-packages/colcon_core/task/python/colcon_distutils_commands:/home/daguill/ros2_humble/adv_ws/src/install/p_srv_coms/lib/python3.10/site-packages:${PYTHONPATH} /usr/bin/python3 -W ignore:setup.py install is deprecated setup.py egg_info --egg-base ../build/p_srv_coms build --build-base /home/daguill/ros2_humble/adv_ws/src/build/p_srv_coms/build install --record /home/daguill/ros2_humble/adv_ws/src/build/p_srv_coms/install.log --single-version-externally-managed install_data
[1.059s] DEBUG:colcon.colcon_core.event_handler.log_command:Invoked command in '/home/daguill/ros2_humble/adv_ws/src/p_srv_coms' returned '0': PYTHONPATH=/home/daguill/ros2_humble/adv_ws/src/build/p_srv_coms/prefix_override:/usr/lib/python3/dist-packages/colcon_core/task/python/colcon_distutils_commands:/home/daguill/ros2_humble/adv_ws/src/install/p_srv_coms/lib/python3.10/site-packages:${PYTHONPATH} /usr/bin/python3 -W ignore:setup.py install is deprecated setup.py egg_info --egg-base ../build/p_srv_coms build --build-base /home/daguill/ros2_humble/adv_ws/src/build/p_srv_coms/build install --record /home/daguill/ros2_humble/adv_ws/src/build/p_srv_coms/install.log --single-version-externally-managed install_data
[1.061s] Level 1:colcon.colcon_core.environment:checking '/home/daguill/ros2_humble/adv_ws/src/install/p_srv_coms' for CMake module files
[1.062s] Level 1:colcon.colcon_core.environment:checking '/home/daguill/ros2_humble/adv_ws/src/install/p_srv_coms' for CMake config files
[1.062s] Level 1:colcon.colcon_core.environment:checking '/home/daguill/ros2_humble/adv_ws/src/install/p_srv_coms/lib'
[1.062s] Level 1:colcon.colcon_core.environment:checking '/home/daguill/ros2_humble/adv_ws/src/install/p_srv_coms/bin'
[1.062s] Level 1:colcon.colcon_core.environment:checking '/home/daguill/ros2_humble/adv_ws/src/install/p_srv_coms/lib/pkgconfig/p_srv_coms.pc'
[1.062s] Level 1:colcon.colcon_core.environment:checking '/home/daguill/ros2_humble/adv_ws/src/install/p_srv_coms/lib/python3.10/site-packages'
[1.062s] Level 1:colcon.colcon_core.shell:create_environment_hook('p_srv_coms', 'pythonpath')
[1.063s] INFO:colcon.colcon_core.shell:Creating environment hook '/home/daguill/ros2_humble/adv_ws/src/install/p_srv_coms/share/p_srv_coms/hook/pythonpath.ps1'
[1.063s] INFO:colcon.colcon_core.shell:Creating environment descriptor '/home/daguill/ros2_humble/adv_ws/src/install/p_srv_coms/share/p_srv_coms/hook/pythonpath.dsv'
[1.063s] INFO:colcon.colcon_core.shell:Creating environment hook '/home/daguill/ros2_humble/adv_ws/src/install/p_srv_coms/share/p_srv_coms/hook/pythonpath.sh'
[1.064s] Level 1:colcon.colcon_core.environment:checking '/home/daguill/ros2_humble/adv_ws/src/install/p_srv_coms/bin'
[1.064s] Level 1:colcon.colcon_core.environment:create_environment_scripts_only(p_srv_coms)
[1.064s] INFO:colcon.colcon_core.shell:Creating package script '/home/daguill/ros2_humble/adv_ws/src/install/p_srv_coms/share/p_srv_coms/package.ps1'
[1.065s] INFO:colcon.colcon_core.shell:Creating package descriptor '/home/daguill/ros2_humble/adv_ws/src/install/p_srv_coms/share/p_srv_coms/package.dsv'
[1.065s] INFO:colcon.colcon_core.shell:Creating package script '/home/daguill/ros2_humble/adv_ws/src/install/p_srv_coms/share/p_srv_coms/package.sh'
[1.066s] INFO:colcon.colcon_core.shell:Creating package script '/home/daguill/ros2_humble/adv_ws/src/install/p_srv_coms/share/p_srv_coms/package.bash'
[1.066s] INFO:colcon.colcon_core.shell:Creating package script '/home/daguill/ros2_humble/adv_ws/src/install/p_srv_coms/share/p_srv_coms/package.zsh'
[1.067s] Level 1:colcon.colcon_core.environment:create_file_with_runtime_dependencies(/home/daguill/ros2_humble/adv_ws/src/install/p_srv_coms/share/colcon-core/packages/p_srv_coms)
[1.664s] DEBUG:colcon.colcon_core.event_handler.log_command:Invoked command in '/home/daguill/ros2_humble/adv_ws/src/build/my_interface' returned '0': CMAKE_PREFIX_PATH=${CMAKE_PREFIX_PATH}:/opt/ros/humble /usr/bin/cmake /home/daguill/ros2_humble/adv_ws/src/interface -DCMAKE_INSTALL_PREFIX=/home/daguill/ros2_humble/adv_ws/src/install/my_interface
[1.664s] DEBUG:colcon.colcon_core.event_handler.log_command:Invoking command in '/home/daguill/ros2_humble/adv_ws/src/build/my_interface': CMAKE_PREFIX_PATH=${CMAKE_PREFIX_PATH}:/opt/ros/humble /usr/bin/cmake --build /home/daguill/ros2_humble/adv_ws/src/build/my_interface -- -j12 -l12
[4.556s] DEBUG:colcon.colcon_core.event_handler.log_command:Invoked command in '/home/daguill/ros2_humble/adv_ws/src/build/my_interface' returned '0': CMAKE_PREFIX_PATH=${CMAKE_PREFIX_PATH}:/opt/ros/humble /usr/bin/cmake --build /home/daguill/ros2_humble/adv_ws/src/build/my_interface -- -j12 -l12
[4.694s] DEBUG:colcon.colcon_core.event_handler.log_command:Invoking command in '/home/daguill/ros2_humble/adv_ws/src/build/my_interface': CMAKE_PREFIX_PATH=${CMAKE_PREFIX_PATH}:/opt/ros/humble /usr/bin/cmake --install /home/daguill/ros2_humble/adv_ws/src/build/my_interface
[4.764s] Level 1:colcon.colcon_core.environment:create_environment_scripts_only(my_interface)
[4.765s] Level 1:colcon.colcon_core.environment:checking '/home/daguill/ros2_humble/adv_ws/src/install/my_interface' for CMake module files
[4.765s] DEBUG:colcon.colcon_core.event_handler.log_command:Invoked command in '/home/daguill/ros2_humble/adv_ws/src/build/my_interface' returned '0': CMAKE_PREFIX_PATH=${CMAKE_PREFIX_PATH}:/opt/ros/humble /usr/bin/cmake --install /home/daguill/ros2_humble/adv_ws/src/build/my_interface
[4.766s] Level 1:colcon.colcon_core.environment:checking '/home/daguill/ros2_humble/adv_ws/src/install/my_interface' for CMake config files
[4.766s] Level 1:colcon.colcon_core.shell:create_environment_hook('my_interface', 'cmake_prefix_path')
[4.766s] INFO:colcon.colcon_core.shell:Creating environment hook '/home/daguill/ros2_humble/adv_ws/src/install/my_interface/share/my_interface/hook/cmake_prefix_path.ps1'
[4.767s] INFO:colcon.colcon_core.shell:Creating environment descriptor '/home/daguill/ros2_humble/adv_ws/src/install/my_interface/share/my_interface/hook/cmake_prefix_path.dsv'
[4.767s] INFO:colcon.colcon_core.shell:Creating environment hook '/home/daguill/ros2_humble/adv_ws/src/install/my_interface/share/my_interface/hook/cmake_prefix_path.sh'
[4.767s] Level 1:colcon.colcon_core.environment:checking '/home/daguill/ros2_humble/adv_ws/src/install/my_interface/lib'
[4.767s] Level 1:colcon.colcon_core.shell:create_environment_hook('my_interface', 'ld_library_path_lib')
[4.767s] INFO:colcon.colcon_core.shell:Creating environment hook '/home/daguill/ros2_humble/adv_ws/src/install/my_interface/share/my_interface/hook/ld_library_path_lib.ps1'
[4.768s] INFO:colcon.colcon_core.shell:Creating environment descriptor '/home/daguill/ros2_humble/adv_ws/src/install/my_interface/share/my_interface/hook/ld_library_path_lib.dsv'
[4.768s] INFO:colcon.colcon_core.shell:Creating environment hook '/home/daguill/ros2_humble/adv_ws/src/install/my_interface/share/my_interface/hook/ld_library_path_lib.sh'
[4.768s] Level 1:colcon.colcon_core.environment:checking '/home/daguill/ros2_humble/adv_ws/src/install/my_interface/bin'
[4.768s] Level 1:colcon.colcon_core.environment:checking '/home/daguill/ros2_humble/adv_ws/src/install/my_interface/lib/pkgconfig/my_interface.pc'
[4.768s] Level 1:colcon.colcon_core.environment:checking '/home/daguill/ros2_humble/adv_ws/src/install/my_interface/lib/python3.10/site-packages'
[4.769s] Level 1:colcon.colcon_core.environment:checking '/home/daguill/ros2_humble/adv_ws/src/install/my_interface/bin'
[4.769s] INFO:colcon.colcon_core.shell:Creating package script '/home/daguill/ros2_humble/adv_ws/src/install/my_interface/share/my_interface/package.ps1'
[4.769s] INFO:colcon.colcon_core.shell:Creating package descriptor '/home/daguill/ros2_humble/adv_ws/src/install/my_interface/share/my_interface/package.dsv'
[4.770s] INFO:colcon.colcon_core.shell:Creating package script '/home/daguill/ros2_humble/adv_ws/src/install/my_interface/share/my_interface/package.sh'
[4.770s] INFO:colcon.colcon_core.shell:Creating package script '/home/daguill/ros2_humble/adv_ws/src/install/my_interface/share/my_interface/package.bash'
[4.770s] INFO:colcon.colcon_core.shell:Creating package script '/home/daguill/ros2_humble/adv_ws/src/install/my_interface/share/my_interface/package.zsh'
[4.770s] Level 1:colcon.colcon_core.environment:create_file_with_runtime_dependencies(/home/daguill/ros2_humble/adv_ws/src/install/my_interface/share/colcon-core/packages/my_interface)
[4.838s] Level 1:colcon.colcon_core.environment:create_environment_scripts_only(my_interface)
[4.838s] Level 1:colcon.colcon_core.environment:checking '/home/daguill/ros2_humble/adv_ws/src/install/my_interface' for CMake module files
[4.839s] Level 1:colcon.colcon_core.environment:checking '/home/daguill/ros2_humble/adv_ws/src/install/my_interface' for CMake config files
[4.840s] Level 1:colcon.colcon_core.shell:create_environment_hook('my_interface', 'cmake_prefix_path')
[4.840s] INFO:colcon.colcon_core.shell:Creating environment hook '/home/daguill/ros2_humble/adv_ws/src/install/my_interface/share/my_interface/hook/cmake_prefix_path.ps1'
[4.840s] INFO:colcon.colcon_core.shell:Creating environment descriptor '/home/daguill/ros2_humble/adv_ws/src/install/my_interface/share/my_interface/hook/cmake_prefix_path.dsv'
[4.840s] INFO:colcon.colcon_core.shell:Creating environment hook '/home/daguill/ros2_humble/adv_ws/src/install/my_interface/share/my_interface/hook/cmake_prefix_path.sh'
[4.841s] Level 1:colcon.colcon_core.environment:checking '/home/daguill/ros2_humble/adv_ws/src/install/my_interface/lib'
[4.841s] Level 1:colcon.colcon_core.shell:create_environment_hook('my_interface', 'ld_library_path_lib')
[4.841s] INFO:colcon.colcon_core.shell:Creating environment hook '/home/daguill/ros2_humble/adv_ws/src/install/my_interface/share/my_interface/hook/ld_library_path_lib.ps1'
[4.842s] INFO:colcon.colcon_core.shell:Creating environment descriptor '/home/daguill/ros2_humble/adv_ws/src/install/my_interface/share/my_interface/hook/ld_library_path_lib.dsv'
[4.842s] INFO:colcon.colcon_core.shell:Creating environment hook '/home/daguill/ros2_humble/adv_ws/src/install/my_interface/share/my_interface/hook/ld_library_path_lib.sh'
[4.842s] Level 1:colcon.colcon_core.environment:checking '/home/daguill/ros2_humble/adv_ws/src/install/my_interface/bin'
[4.842s] Level 1:colcon.colcon_core.environment:checking '/home/daguill/ros2_humble/adv_ws/src/install/my_interface/lib/pkgconfig/my_interface.pc'
[4.842s] Level 1:colcon.colcon_core.environment:checking '/home/daguill/ros2_humble/adv_ws/src/install/my_interface/lib/python3.10/site-packages'
[4.843s] Level 1:colcon.colcon_core.environment:checking '/home/daguill/ros2_humble/adv_ws/src/install/my_interface/bin'
[4.843s] INFO:colcon.colcon_core.shell:Creating package script '/home/daguill/ros2_humble/adv_ws/src/install/my_interface/share/my_interface/package.ps1'
[4.843s] INFO:colcon.colcon_core.shell:Creating package descriptor '/home/daguill/ros2_humble/adv_ws/src/install/my_interface/share/my_interface/package.dsv'
[4.844s] INFO:colcon.colcon_core.shell:Creating package script '/home/daguill/ros2_humble/adv_ws/src/install/my_interface/share/my_interface/package.sh'
[4.845s] INFO:colcon.colcon_core.shell:Creating package script '/home/daguill/ros2_humble/adv_ws/src/install/my_interface/share/my_interface/package.bash'
[4.845s] INFO:colcon.colcon_core.shell:Creating package script '/home/daguill/ros2_humble/adv_ws/src/install/my_interface/share/my_interface/package.zsh'
[4.845s] Level 1:colcon.colcon_core.environment:create_file_with_runtime_dependencies(/home/daguill/ros2_humble/adv_ws/src/install/my_interface/share/colcon-core/packages/my_interface)
[4.846s] INFO:colcon.colcon_ros.task.ament_cmake.build:Building ROS package in '/home/daguill/ros2_humble/adv_ws/src/c_msg_coms' with build type 'ament_cmake'
[4.846s] INFO:colcon.colcon_cmake.task.cmake.build:Building CMake package in '/home/daguill/ros2_humble/adv_ws/src/c_msg_coms'
[4.846s] INFO:colcon.colcon_core.shell:Skip shell extension 'powershell' for command environment: Not usable outside of PowerShell
[4.846s] DEBUG:colcon.colcon_core.shell:Skip shell extension 'dsv' for command environment
[4.849s] INFO:colcon.colcon_ros.task.ament_cmake.build:Building ROS package in '/home/daguill/ros2_humble/adv_ws/src/c_srv_coms' with build type 'ament_cmake'
[4.849s] INFO:colcon.colcon_cmake.task.cmake.build:Building CMake package in '/home/daguill/ros2_humble/adv_ws/src/c_srv_coms'
[4.850s] INFO:colcon.colcon_core.shell:Skip shell extension 'powershell' for command environment: Not usable outside of PowerShell
[4.850s] DEBUG:colcon.colcon_core.shell:Skip shell extension 'dsv' for command environment
[4.857s] DEBUG:colcon.colcon_core.event_handler.log_command:Invoking command in '/home/daguill/ros2_humble/adv_ws/src/build/c_msg_coms': AMENT_PREFIX_PATH=/home/daguill/ros2_humble/adv_ws/src/install/my_interface:${AMENT_PREFIX_PATH} CMAKE_PREFIX_PATH=/home/daguill/ros2_humble/adv_ws/src/install/my_interface:/home/daguill/ros2_humble/adv_ws/install/c_srv_coms:/home/daguill/ros2_humble/adv_ws/install/c_msg_coms:/home/daguill/ros2_humble/adv_ws/install/my_interface:/home/daguill/ros2_humble/adv_ws/install/interface:/home/daguill/ros2_humble/adv_ws/install/service:/opt/ros/humble LD_LIBRARY_PATH=/home/daguill/ros2_humble/adv_ws/src/install/my_interface/lib:${LD_LIBRARY_PATH} PYTHONPATH=/home/daguill/ros2_humble/adv_ws/src/install/my_interface/local/lib/python3.10/dist-packages:${PYTHONPATH} /usr/bin/cmake /home/daguill/ros2_humble/adv_ws/src/c_msg_coms -DCMAKE_INSTALL_PREFIX=/home/daguill/ros2_humble/adv_ws/src/install/c_msg_coms
[4.859s] DEBUG:colcon.colcon_core.event_handler.log_command:Invoking command in '/home/daguill/ros2_humble/adv_ws/src/build/c_srv_coms': AMENT_PREFIX_PATH=/home/daguill/ros2_humble/adv_ws/src/install/my_interface:${AMENT_PREFIX_PATH} CMAKE_PREFIX_PATH=/home/daguill/ros2_humble/adv_ws/src/install/my_interface:/home/daguill/ros2_humble/adv_ws/install/c_srv_coms:/home/daguill/ros2_humble/adv_ws/install/c_msg_coms:/home/daguill/ros2_humble/adv_ws/install/my_interface:/home/daguill/ros2_humble/adv_ws/install/interface:/home/daguill/ros2_humble/adv_ws/install/service:/opt/ros/humble LD_LIBRARY_PATH=/home/daguill/ros2_humble/adv_ws/src/install/my_interface/lib:${LD_LIBRARY_PATH} PYTHONPATH=/home/daguill/ros2_humble/adv_ws/src/install/my_interface/local/lib/python3.10/dist-packages:${PYTHONPATH} /usr/bin/cmake /home/daguill/ros2_humble/adv_ws/src/c_srv_coms -DCMAKE_INSTALL_PREFIX=/home/daguill/ros2_humble/adv_ws/src/install/c_srv_coms
[5.772s] DEBUG:colcon.colcon_core.event_handler.log_command:Invoked command in '/home/daguill/ros2_humble/adv_ws/src/build/c_srv_coms' returned '0': AMENT_PREFIX_PATH=/home/daguill/ros2_humble/adv_ws/src/install/my_interface:${AMENT_PREFIX_PATH} CMAKE_PREFIX_PATH=/home/daguill/ros2_humble/adv_ws/src/install/my_interface:/home/daguill/ros2_humble/adv_ws/install/c_srv_coms:/home/daguill/ros2_humble/adv_ws/install/c_msg_coms:/home/daguill/ros2_humble/adv_ws/install/my_interface:/home/daguill/ros2_humble/adv_ws/install/interface:/home/daguill/ros2_humble/adv_ws/install/service:/opt/ros/humble LD_LIBRARY_PATH=/home/daguill/ros2_humble/adv_ws/src/install/my_interface/lib:${LD_LIBRARY_PATH} PYTHONPATH=/home/daguill/ros2_humble/adv_ws/src/install/my_interface/local/lib/python3.10/dist-packages:${PYTHONPATH} /usr/bin/cmake /home/daguill/ros2_humble/adv_ws/src/c_srv_coms -DCMAKE_INSTALL_PREFIX=/home/daguill/ros2_humble/adv_ws/src/install/c_srv_coms
[5.775s] DEBUG:colcon.colcon_core.event_handler.log_command:Invoking command in '/home/daguill/ros2_humble/adv_ws/src/build/c_srv_coms': AMENT_PREFIX_PATH=/home/daguill/ros2_humble/adv_ws/src/install/my_interface:${AMENT_PREFIX_PATH} CMAKE_PREFIX_PATH=/home/daguill/ros2_humble/adv_ws/src/install/my_interface:/home/daguill/ros2_humble/adv_ws/install/c_srv_coms:/home/daguill/ros2_humble/adv_ws/install/c_msg_coms:/home/daguill/ros2_humble/adv_ws/install/my_interface:/home/daguill/ros2_humble/adv_ws/install/interface:/home/daguill/ros2_humble/adv_ws/install/service:/opt/ros/humble LD_LIBRARY_PATH=/home/daguill/ros2_humble/adv_ws/src/install/my_interface/lib:${LD_LIBRARY_PATH} PYTHONPATH=/home/daguill/ros2_humble/adv_ws/src/install/my_interface/local/lib/python3.10/dist-packages:${PYTHONPATH} /usr/bin/cmake --build /home/daguill/ros2_humble/adv_ws/src/build/c_srv_coms -- -j12 -l12
[5.794s] DEBUG:colcon.colcon_core.event_handler.log_command:Invoked command in '/home/daguill/ros2_humble/adv_ws/src/build/c_msg_coms' returned '0': AMENT_PREFIX_PATH=/home/daguill/ros2_humble/adv_ws/src/install/my_interface:${AMENT_PREFIX_PATH} CMAKE_PREFIX_PATH=/home/daguill/ros2_humble/adv_ws/src/install/my_interface:/home/daguill/ros2_humble/adv_ws/install/c_srv_coms:/home/daguill/ros2_humble/adv_ws/install/c_msg_coms:/home/daguill/ros2_humble/adv_ws/install/my_interface:/home/daguill/ros2_humble/adv_ws/install/interface:/home/daguill/ros2_humble/adv_ws/install/service:/opt/ros/humble LD_LIBRARY_PATH=/home/daguill/ros2_humble/adv_ws/src/install/my_interface/lib:${LD_LIBRARY_PATH} PYTHONPATH=/home/daguill/ros2_humble/adv_ws/src/install/my_interface/local/lib/python3.10/dist-packages:${PYTHONPATH} /usr/bin/cmake /home/daguill/ros2_humble/adv_ws/src/c_msg_coms -DCMAKE_INSTALL_PREFIX=/home/daguill/ros2_humble/adv_ws/src/install/c_msg_coms
[5.794s] DEBUG:colcon.colcon_core.event_handler.log_command:Invoking command in '/home/daguill/ros2_humble/adv_ws/src/build/c_msg_coms': AMENT_PREFIX_PATH=/home/daguill/ros2_humble/adv_ws/src/install/my_interface:${AMENT_PREFIX_PATH} CMAKE_PREFIX_PATH=/home/daguill/ros2_humble/adv_ws/src/install/my_interface:/home/daguill/ros2_humble/adv_ws/install/c_srv_coms:/home/daguill/ros2_humble/adv_ws/install/c_msg_coms:/home/daguill/ros2_humble/adv_ws/install/my_interface:/home/daguill/ros2_humble/adv_ws/install/interface:/home/daguill/ros2_humble/adv_ws/install/service:/opt/ros/humble LD_LIBRARY_PATH=/home/daguill/ros2_humble/adv_ws/src/install/my_interface/lib:${LD_LIBRARY_PATH} PYTHONPATH=/home/daguill/ros2_humble/adv_ws/src/install/my_interface/local/lib/python3.10/dist-packages:${PYTHONPATH} /usr/bin/cmake --build /home/daguill/ros2_humble/adv_ws/src/build/c_msg_coms -- -j12 -l12
[9.438s] DEBUG:colcon.colcon_core.event_handler.log_command:Invoked command in '/home/daguill/ros2_humble/adv_ws/src/build/c_srv_coms' returned '0': AMENT_PREFIX_PATH=/home/daguill/ros2_humble/adv_ws/src/install/my_interface:${AMENT_PREFIX_PATH} CMAKE_PREFIX_PATH=/home/daguill/ros2_humble/adv_ws/src/install/my_interface:/home/daguill/ros2_humble/adv_ws/install/c_srv_coms:/home/daguill/ros2_humble/adv_ws/install/c_msg_coms:/home/daguill/ros2_humble/adv_ws/install/my_interface:/home/daguill/ros2_humble/adv_ws/install/interface:/home/daguill/ros2_humble/adv_ws/install/service:/opt/ros/humble LD_LIBRARY_PATH=/home/daguill/ros2_humble/adv_ws/src/install/my_interface/lib:${LD_LIBRARY_PATH} PYTHONPATH=/home/daguill/ros2_humble/adv_ws/src/install/my_interface/local/lib/python3.10/dist-packages:${PYTHONPATH} /usr/bin/cmake --build /home/daguill/ros2_humble/adv_ws/src/build/c_srv_coms -- -j12 -l12
[9.479s] DEBUG:colcon.colcon_core.event_handler.log_command:Invoking command in '/home/daguill/ros2_humble/adv_ws/src/build/c_srv_coms': AMENT_PREFIX_PATH=/home/daguill/ros2_humble/adv_ws/src/install/my_interface:${AMENT_PREFIX_PATH} CMAKE_PREFIX_PATH=/home/daguill/ros2_humble/adv_ws/src/install/my_interface:/home/daguill/ros2_humble/adv_ws/install/c_srv_coms:/home/daguill/ros2_humble/adv_ws/install/c_msg_coms:/home/daguill/ros2_humble/adv_ws/install/my_interface:/home/daguill/ros2_humble/adv_ws/install/interface:/home/daguill/ros2_humble/adv_ws/install/service:/opt/ros/humble LD_LIBRARY_PATH=/home/daguill/ros2_humble/adv_ws/src/install/my_interface/lib:${LD_LIBRARY_PATH} PYTHONPATH=/home/daguill/ros2_humble/adv_ws/src/install/my_interface/local/lib/python3.10/dist-packages:${PYTHONPATH} /usr/bin/cmake --install /home/daguill/ros2_humble/adv_ws/src/build/c_srv_coms
[9.492s] Level 1:colcon.colcon_core.environment:create_environment_scripts_only(c_srv_coms)
[9.492s] Level 1:colcon.colcon_core.environment:checking '/home/daguill/ros2_humble/adv_ws/src/install/c_srv_coms' for CMake module files
[9.493s] DEBUG:colcon.colcon_core.event_handler.log_command:Invoked command in '/home/daguill/ros2_humble/adv_ws/src/build/c_srv_coms' returned '0': AMENT_PREFIX_PATH=/home/daguill/ros2_humble/adv_ws/src/install/my_interface:${AMENT_PREFIX_PATH} CMAKE_PREFIX_PATH=/home/daguill/ros2_humble/adv_ws/src/install/my_interface:/home/daguill/ros2_humble/adv_ws/install/c_srv_coms:/home/daguill/ros2_humble/adv_ws/install/c_msg_coms:/home/daguill/ros2_humble/adv_ws/install/my_interface:/home/daguill/ros2_humble/adv_ws/install/interface:/home/daguill/ros2_humble/adv_ws/install/service:/opt/ros/humble LD_LIBRARY_PATH=/home/daguill/ros2_humble/adv_ws/src/install/my_interface/lib:${LD_LIBRARY_PATH} PYTHONPATH=/home/daguill/ros2_humble/adv_ws/src/install/my_interface/local/lib/python3.10/dist-packages:${PYTHONPATH} /usr/bin/cmake --install /home/daguill/ros2_humble/adv_ws/src/build/c_srv_coms
[9.493s] Level 1:colcon.colcon_core.environment:checking '/home/daguill/ros2_humble/adv_ws/src/install/c_srv_coms' for CMake config files
[9.493s] Level 1:colcon.colcon_core.shell:create_environment_hook('c_srv_coms', 'cmake_prefix_path')
[9.494s] INFO:colcon.colcon_core.shell:Creating environment hook '/home/daguill/ros2_humble/adv_ws/src/install/c_srv_coms/share/c_srv_coms/hook/cmake_prefix_path.ps1'
[9.494s] INFO:colcon.colcon_core.shell:Creating environment descriptor '/home/daguill/ros2_humble/adv_ws/src/install/c_srv_coms/share/c_srv_coms/hook/cmake_prefix_path.dsv'
[9.494s] INFO:colcon.colcon_core.shell:Creating environment hook '/home/daguill/ros2_humble/adv_ws/src/install/c_srv_coms/share/c_srv_coms/hook/cmake_prefix_path.sh'
[9.495s] Level 1:colcon.colcon_core.environment:checking '/home/daguill/ros2_humble/adv_ws/src/install/c_srv_coms/lib'
[9.495s] Level 1:colcon.colcon_core.environment:checking '/home/daguill/ros2_humble/adv_ws/src/install/c_srv_coms/bin'
[9.495s] Level 1:colcon.colcon_core.environment:checking '/home/daguill/ros2_humble/adv_ws/src/install/c_srv_coms/lib/pkgconfig/c_srv_coms.pc'
[9.495s] Level 1:colcon.colcon_core.environment:checking '/home/daguill/ros2_humble/adv_ws/src/install/c_srv_coms/lib/python3.10/site-packages'
[9.495s] Level 1:colcon.colcon_core.environment:checking '/home/daguill/ros2_humble/adv_ws/src/install/c_srv_coms/bin'
[9.496s] INFO:colcon.colcon_core.shell:Creating package script '/home/daguill/ros2_humble/adv_ws/src/install/c_srv_coms/share/c_srv_coms/package.ps1'
[9.496s] INFO:colcon.colcon_core.shell:Creating package descriptor '/home/daguill/ros2_humble/adv_ws/src/install/c_srv_coms/share/c_srv_coms/package.dsv'
[9.497s] INFO:colcon.colcon_core.shell:Creating package script '/home/daguill/ros2_humble/adv_ws/src/install/c_srv_coms/share/c_srv_coms/package.sh'
[9.497s] INFO:colcon.colcon_core.shell:Creating package script '/home/daguill/ros2_humble/adv_ws/src/install/c_srv_coms/share/c_srv_coms/package.bash'
[9.497s] INFO:colcon.colcon_core.shell:Creating package script '/home/daguill/ros2_humble/adv_ws/src/install/c_srv_coms/share/c_srv_coms/package.zsh'
[9.497s] Level 1:colcon.colcon_core.environment:create_file_with_runtime_dependencies(/home/daguill/ros2_humble/adv_ws/src/install/c_srv_coms/share/colcon-core/packages/c_srv_coms)
[9.529s] Level 1:colcon.colcon_core.environment:create_environment_scripts_only(c_srv_coms)
[9.530s] Level 1:colcon.colcon_core.environment:checking '/home/daguill/ros2_humble/adv_ws/src/install/c_srv_coms' for CMake module files
[9.531s] Level 1:colcon.colcon_core.environment:checking '/home/daguill/ros2_humble/adv_ws/src/install/c_srv_coms' for CMake config files
[9.531s] Level 1:colcon.colcon_core.shell:create_environment_hook('c_srv_coms', 'cmake_prefix_path')
[9.531s] INFO:colcon.colcon_core.shell:Creating environment hook '/home/daguill/ros2_humble/adv_ws/src/install/c_srv_coms/share/c_srv_coms/hook/cmake_prefix_path.ps1'
[9.532s] INFO:colcon.colcon_core.shell:Creating environment descriptor '/home/daguill/ros2_humble/adv_ws/src/install/c_srv_coms/share/c_srv_coms/hook/cmake_prefix_path.dsv'
[9.533s] INFO:colcon.colcon_core.shell:Creating environment hook '/home/daguill/ros2_humble/adv_ws/src/install/c_srv_coms/share/c_srv_coms/hook/cmake_prefix_path.sh'
[9.533s] Level 1:colcon.colcon_core.environment:checking '/home/daguill/ros2_humble/adv_ws/src/install/c_srv_coms/lib'
[9.534s] Level 1:colcon.colcon_core.environment:checking '/home/daguill/ros2_humble/adv_ws/src/install/c_srv_coms/bin'
[9.534s] Level 1:colcon.colcon_core.environment:checking '/home/daguill/ros2_humble/adv_ws/src/install/c_srv_coms/lib/pkgconfig/c_srv_coms.pc'
[9.534s] Level 1:colcon.colcon_core.environment:checking '/home/daguill/ros2_humble/adv_ws/src/install/c_srv_coms/lib/python3.10/site-packages'
[9.534s] Level 1:colcon.colcon_core.environment:checking '/home/daguill/ros2_humble/adv_ws/src/install/c_srv_coms/bin'
[9.535s] INFO:colcon.colcon_core.shell:Creating package script '/home/daguill/ros2_humble/adv_ws/src/install/c_srv_coms/share/c_srv_coms/package.ps1'
[9.536s] INFO:colcon.colcon_core.shell:Creating package descriptor '/home/daguill/ros2_humble/adv_ws/src/install/c_srv_coms/share/c_srv_coms/package.dsv'
[9.537s] INFO:colcon.colcon_core.shell:Creating package script '/home/daguill/ros2_humble/adv_ws/src/install/c_srv_coms/share/c_srv_coms/package.sh'
[9.537s] INFO:colcon.colcon_core.shell:Creating package script '/home/daguill/ros2_humble/adv_ws/src/install/c_srv_coms/share/c_srv_coms/package.bash'
[9.538s] INFO:colcon.colcon_core.shell:Creating package script '/home/daguill/ros2_humble/adv_ws/src/install/c_srv_coms/share/c_srv_coms/package.zsh'
[9.539s] Level 1:colcon.colcon_core.environment:create_file_with_runtime_dependencies(/home/daguill/ros2_humble/adv_ws/src/install/c_srv_coms/share/colcon-core/packages/c_srv_coms)
[13.393s] DEBUG:colcon.colcon_core.event_handler.log_command:Invoked command in '/home/daguill/ros2_humble/adv_ws/src/build/c_msg_coms' returned '0': AMENT_PREFIX_PATH=/home/daguill/ros2_humble/adv_ws/src/install/my_interface:${AMENT_PREFIX_PATH} CMAKE_PREFIX_PATH=/home/daguill/ros2_humble/adv_ws/src/install/my_interface:/home/daguill/ros2_humble/adv_ws/install/c_srv_coms:/home/daguill/ros2_humble/adv_ws/install/c_msg_coms:/home/daguill/ros2_humble/adv_ws/install/my_interface:/home/daguill/ros2_humble/adv_ws/install/interface:/home/daguill/ros2_humble/adv_ws/install/service:/opt/ros/humble LD_LIBRARY_PATH=/home/daguill/ros2_humble/adv_ws/src/install/my_interface/lib:${LD_LIBRARY_PATH} PYTHONPATH=/home/daguill/ros2_humble/adv_ws/src/install/my_interface/local/lib/python3.10/dist-packages:${PYTHONPATH} /usr/bin/cmake --build /home/daguill/ros2_humble/adv_ws/src/build/c_msg_coms -- -j12 -l12
[13.414s] DEBUG:colcon.colcon_core.event_handler.log_command:Invoking command in '/home/daguill/ros2_humble/adv_ws/src/build/c_msg_coms': AMENT_PREFIX_PATH=/home/daguill/ros2_humble/adv_ws/src/install/my_interface:${AMENT_PREFIX_PATH} CMAKE_PREFIX_PATH=/home/daguill/ros2_humble/adv_ws/src/install/my_interface:/home/daguill/ros2_humble/adv_ws/install/c_srv_coms:/home/daguill/ros2_humble/adv_ws/install/c_msg_coms:/home/daguill/ros2_humble/adv_ws/install/my_interface:/home/daguill/ros2_humble/adv_ws/install/interface:/home/daguill/ros2_humble/adv_ws/install/service:/opt/ros/humble LD_LIBRARY_PATH=/home/daguill/ros2_humble/adv_ws/src/install/my_interface/lib:${LD_LIBRARY_PATH} PYTHONPATH=/home/daguill/ros2_humble/adv_ws/src/install/my_interface/local/lib/python3.10/dist-packages:${PYTHONPATH} /usr/bin/cmake --install /home/daguill/ros2_humble/adv_ws/src/build/c_msg_coms
[13.426s] Level 1:colcon.colcon_core.environment:create_environment_scripts_only(c_msg_coms)
[13.426s] Level 1:colcon.colcon_core.environment:checking '/home/daguill/ros2_humble/adv_ws/src/install/c_msg_coms' for CMake module files
[13.427s] DEBUG:colcon.colcon_core.event_handler.log_command:Invoked command in '/home/daguill/ros2_humble/adv_ws/src/build/c_msg_coms' returned '0': AMENT_PREFIX_PATH=/home/daguill/ros2_humble/adv_ws/src/install/my_interface:${AMENT_PREFIX_PATH} CMAKE_PREFIX_PATH=/home/daguill/ros2_humble/adv_ws/src/install/my_interface:/home/daguill/ros2_humble/adv_ws/install/c_srv_coms:/home/daguill/ros2_humble/adv_ws/install/c_msg_coms:/home/daguill/ros2_humble/adv_ws/install/my_interface:/home/daguill/ros2_humble/adv_ws/install/interface:/home/daguill/ros2_humble/adv_ws/install/service:/opt/ros/humble LD_LIBRARY_PATH=/home/daguill/ros2_humble/adv_ws/src/install/my_interface/lib:${LD_LIBRARY_PATH} PYTHONPATH=/home/daguill/ros2_humble/adv_ws/src/install/my_interface/local/lib/python3.10/dist-packages:${PYTHONPATH} /usr/bin/cmake --install /home/daguill/ros2_humble/adv_ws/src/build/c_msg_coms
[13.427s] Level 1:colcon.colcon_core.environment:checking '/home/daguill/ros2_humble/adv_ws/src/install/c_msg_coms' for CMake config files
[13.427s] Level 1:colcon.colcon_core.shell:create_environment_hook('c_msg_coms', 'cmake_prefix_path')
[13.427s] INFO:colcon.colcon_core.shell:Creating environment hook '/home/daguill/ros2_humble/adv_ws/src/install/c_msg_coms/share/c_msg_coms/hook/cmake_prefix_path.ps1'
[13.428s] INFO:colcon.colcon_core.shell:Creating environment descriptor '/home/daguill/ros2_humble/adv_ws/src/install/c_msg_coms/share/c_msg_coms/hook/cmake_prefix_path.dsv'
[13.428s] INFO:colcon.colcon_core.shell:Creating environment hook '/home/daguill/ros2_humble/adv_ws/src/install/c_msg_coms/share/c_msg_coms/hook/cmake_prefix_path.sh'
[13.428s] Level 1:colcon.colcon_core.environment:checking '/home/daguill/ros2_humble/adv_ws/src/install/c_msg_coms/lib'
[13.428s] Level 1:colcon.colcon_core.environment:checking '/home/daguill/ros2_humble/adv_ws/src/install/c_msg_coms/bin'
[13.428s] Level 1:colcon.colcon_core.environment:checking '/home/daguill/ros2_humble/adv_ws/src/install/c_msg_coms/lib/pkgconfig/c_msg_coms.pc'
[13.429s] Level 1:colcon.colcon_core.environment:checking '/home/daguill/ros2_humble/adv_ws/src/install/c_msg_coms/lib/python3.10/site-packages'
[13.429s] Level 1:colcon.colcon_core.environment:checking '/home/daguill/ros2_humble/adv_ws/src/install/c_msg_coms/bin'
[13.429s] INFO:colcon.colcon_core.shell:Creating package script '/home/daguill/ros2_humble/adv_ws/src/install/c_msg_coms/share/c_msg_coms/package.ps1'
[13.429s] INFO:colcon.colcon_core.shell:Creating package descriptor '/home/daguill/ros2_humble/adv_ws/src/install/c_msg_coms/share/c_msg_coms/package.dsv'
[13.430s] INFO:colcon.colcon_core.shell:Creating package script '/home/daguill/ros2_humble/adv_ws/src/install/c_msg_coms/share/c_msg_coms/package.sh'
[13.430s] INFO:colcon.colcon_core.shell:Creating package script '/home/daguill/ros2_humble/adv_ws/src/install/c_msg_coms/share/c_msg_coms/package.bash'
[13.430s] INFO:colcon.colcon_core.shell:Creating package script '/home/daguill/ros2_humble/adv_ws/src/install/c_msg_coms/share/c_msg_coms/package.zsh'
[13.430s] Level 1:colcon.colcon_core.environment:create_file_with_runtime_dependencies(/home/daguill/ros2_humble/adv_ws/src/install/c_msg_coms/share/colcon-core/packages/c_msg_coms)
[13.451s] Level 1:colcon.colcon_core.environment:create_environment_scripts_only(c_msg_coms)
[13.451s] Level 1:colcon.colcon_core.environment:checking '/home/daguill/ros2_humble/adv_ws/src/install/c_msg_coms' for CMake module files
[13.451s] Level 1:colcon.colcon_core.environment:checking '/home/daguill/ros2_humble/adv_ws/src/install/c_msg_coms' for CMake config files
[13.451s] Level 1:colcon.colcon_core.shell:create_environment_hook('c_msg_coms', 'cmake_prefix_path')
[13.452s] INFO:colcon.colcon_core.shell:Creating environment hook '/home/daguill/ros2_humble/adv_ws/src/install/c_msg_coms/share/c_msg_coms/hook/cmake_prefix_path.ps1'
[13.452s] INFO:colcon.colcon_core.shell:Creating environment descriptor '/home/daguill/ros2_humble/adv_ws/src/install/c_msg_coms/share/c_msg_coms/hook/cmake_prefix_path.dsv'
[13.452s] INFO:colcon.colcon_core.shell:Creating environment hook '/home/daguill/ros2_humble/adv_ws/src/install/c_msg_coms/share/c_msg_coms/hook/cmake_prefix_path.sh'
[13.453s] Level 1:colcon.colcon_core.environment:checking '/home/daguill/ros2_humble/adv_ws/src/install/c_msg_coms/lib'
[13.453s] Level 1:colcon.colcon_core.environment:checking '/home/daguill/ros2_humble/adv_ws/src/install/c_msg_coms/bin'
[13.453s] Level 1:colcon.colcon_core.environment:checking '/home/daguill/ros2_humble/adv_ws/src/install/c_msg_coms/lib/pkgconfig/c_msg_coms.pc'
[13.453s] Level 1:colcon.colcon_core.environment:checking '/home/daguill/ros2_humble/adv_ws/src/install/c_msg_coms/lib/python3.10/site-packages'
[13.453s] Level 1:colcon.colcon_core.environment:checking '/home/daguill/ros2_humble/adv_ws/src/install/c_msg_coms/bin'
[13.454s] INFO:colcon.colcon_core.shell:Creating package script '/home/daguill/ros2_humble/adv_ws/src/install/c_msg_coms/share/c_msg_coms/package.ps1'
[13.454s] INFO:colcon.colcon_core.shell:Creating package descriptor '/home/daguill/ros2_humble/adv_ws/src/install/c_msg_coms/share/c_msg_coms/package.dsv'
[13.454s] INFO:colcon.colcon_core.shell:Creating package script '/home/daguill/ros2_humble/adv_ws/src/install/c_msg_coms/share/c_msg_coms/package.sh'
[13.455s] INFO:colcon.colcon_core.shell:Creating package script '/home/daguill/ros2_humble/adv_ws/src/install/c_msg_coms/share/c_msg_coms/package.bash'
[13.455s] INFO:colcon.colcon_core.shell:Creating package script '/home/daguill/ros2_humble/adv_ws/src/install/c_msg_coms/share/c_msg_coms/package.zsh'
[13.455s] Level 1:colcon.colcon_core.environment:create_file_with_runtime_dependencies(/home/daguill/ros2_humble/adv_ws/src/install/c_msg_coms/share/colcon-core/packages/c_msg_coms)
[13.456s] DEBUG:colcon.colcon_parallel_executor.executor.parallel:closing loop
[13.456s] DEBUG:colcon.colcon_parallel_executor.executor.parallel:loop closed
[13.456s] DEBUG:colcon.colcon_parallel_executor.executor.parallel:run_until_complete finished with '0'
[13.456s] DEBUG:colcon.colcon_core.event_reactor:joining thread
[13.460s] INFO:colcon.colcon_core.plugin_system:Skipping extension 'colcon_notification.desktop_notification.terminal_notifier': Not used on non-Darwin systems
[13.460s] INFO:colcon.colcon_core.plugin_system:Skipping extension 'colcon_notification.desktop_notification.win32': Not used on non-Windows systems
[13.460s] INFO:colcon.colcon_notification.desktop_notification:Sending desktop notification using 'notify2'
[13.467s] DEBUG:colcon.colcon_core.event_reactor:joined thread
[13.467s] INFO:colcon.colcon_core.shell:Creating prefix script '/home/daguill/ros2_humble/adv_ws/src/install/local_setup.ps1'
[13.468s] INFO:colcon.colcon_core.shell:Creating prefix util module '/home/daguill/ros2_humble/adv_ws/src/install/_local_setup_util_ps1.py'
[13.469s] INFO:colcon.colcon_core.shell:Creating prefix chain script '/home/daguill/ros2_humble/adv_ws/src/install/setup.ps1'
[13.470s] INFO:colcon.colcon_core.shell:Creating prefix script '/home/daguill/ros2_humble/adv_ws/src/install/local_setup.sh'
[13.470s] INFO:colcon.colcon_core.shell:Creating prefix util module '/home/daguill/ros2_humble/adv_ws/src/install/_local_setup_util_sh.py'
[13.471s] INFO:colcon.colcon_core.shell:Creating prefix chain script '/home/daguill/ros2_humble/adv_ws/src/install/setup.sh'
[13.472s] INFO:colcon.colcon_core.shell:Creating prefix script '/home/daguill/ros2_humble/adv_ws/src/install/local_setup.bash'
[13.472s] INFO:colcon.colcon_core.shell:Creating prefix chain script '/home/daguill/ros2_humble/adv_ws/src/install/setup.bash'
[13.473s] INFO:colcon.colcon_core.shell:Creating prefix script '/home/daguill/ros2_humble/adv_ws/src/install/local_setup.zsh'
[13.473s] INFO:colcon.colcon_core.shell:Creating prefix chain script '/home/daguill/ros2_humble/adv_ws/src/install/setup.zsh'
