[0.009s] Invoking command in '/home/daguill/ros2_humble/adv_ws/src/build/c_srv_coms': AMENT_PREFIX_PATH=/home/daguill/ros2_humble/adv_ws/src/install/my_interface:${AMENT_PREFIX_PATH} CMAKE_PREFIX_PATH=/home/daguill/ros2_humble/adv_ws/src/install/my_interface:/home/daguill/ros2_humble/adv_ws/install/c_srv_coms:/home/daguill/ros2_humble/adv_ws/install/c_msg_coms:/home/daguill/ros2_humble/adv_ws/install/my_interface:/home/daguill/ros2_humble/adv_ws/install/interface:/home/daguill/ros2_humble/adv_ws/install/service:/opt/ros/humble LD_LIBRARY_PATH=/home/daguill/ros2_humble/adv_ws/src/install/my_interface/lib:${LD_LIBRARY_PATH} PYTHONPATH=/home/daguill/ros2_humble/adv_ws/src/install/my_interface/local/lib/python3.10/dist-packages:${PYTHONPATH} /usr/bin/cmake /home/daguill/ros2_humble/adv_ws/src/c_srv_coms -DCMAKE_INSTALL_PREFIX=/home/daguill/ros2_humble/adv_ws/src/install/c_srv_coms
[0.055s] -- The C compiler identification is GNU 11.4.0
[0.105s] -- The CXX compiler identification is GNU 11.4.0
[0.111s] -- Detecting C compiler ABI info
[0.160s] -- Detecting C compiler ABI info - done
[0.166s] -- Check for working C compiler: /usr/bin/cc - skipped
[0.167s] -- Detecting C compile features
[0.167s] -- Detecting C compile features - done
[0.169s] -- Detecting CXX compiler ABI info
[0.231s] -- Detecting CXX compiler ABI info - done
[0.237s] -- Check for working CXX compiler: /usr/bin/c++ - skipped
[0.238s] -- Detecting CXX compile features
[0.238s] -- Detecting CXX compile features - done
[0.240s] -- Found ament_cmake: 1.3.10 (/opt/ros/humble/share/ament_cmake/cmake)
[0.361s] -- Found Python3: /usr/bin/python3 (found version "3.10.12") found components: Interpreter 
[0.431s] -- Found rclcpp: 16.0.10 (/opt/ros/humble/share/rclcpp/cmake)
[0.464s] -- Found rosidl_generator_c: 3.1.5 (/opt/ros/humble/share/rosidl_generator_c/cmake)
[0.468s] -- Found rosidl_adapter: 3.1.5 (/opt/ros/humble/share/rosidl_adapter/cmake)
[0.474s] -- Found rosidl_generator_cpp: 3.1.5 (/opt/ros/humble/share/rosidl_generator_cpp/cmake)
[0.485s] -- Using all available rosidl_typesupport_c: rosidl_typesupport_fastrtps_c;rosidl_typesupport_introspection_c
[0.498s] -- Using all available rosidl_typesupport_cpp: rosidl_typesupport_fastrtps_cpp;rosidl_typesupport_introspection_cpp
[0.535s] -- Found rmw_implementation_cmake: 6.1.2 (/opt/ros/humble/share/rmw_implementation_cmake/cmake)
[0.537s] -- Found rmw_fastrtps_cpp: 6.2.7 (/opt/ros/humble/share/rmw_fastrtps_cpp/cmake)
[0.598s] -- Found OpenSSL: /usr/lib/x86_64-linux-gnu/libcrypto.so (found version "3.0.2")  
[0.618s] -- Found FastRTPS: /opt/ros/humble/include  
[0.646s] -- Using RMW implementation 'rmw_fastrtps_cpp' as default
[0.653s] -- Looking for pthread.h
[0.705s] -- Looking for pthread.h - found
[0.706s] -- Performing Test CMAKE_HAVE_LIBC_PTHREAD
[0.759s] -- Performing Test CMAKE_HAVE_LIBC_PTHREAD - Success
[0.760s] -- Found Threads: TRUE  
[0.804s] -- Found my_interface: 0.0.0 (/home/daguill/ros2_humble/adv_ws/src/install/my_interface/share/my_interface/cmake)
[0.831s] -- Found ament_lint_auto: 0.12.11 (/opt/ros/humble/share/ament_lint_auto/cmake)
[0.895s] -- Added test 'cppcheck' to perform static code analysis on C / C++ code
[0.895s] -- Configured cppcheck include dirs: 
[0.895s] -- Configured cppcheck exclude dirs and/or files: 
[0.896s] -- Added test 'lint_cmake' to check CMake code style
[0.897s] -- Added test 'uncrustify' to check C / C++ code style
[0.897s] -- Configured uncrustify additional arguments: 
[0.897s] -- Added test 'xmllint' to check XML markup files
[0.898s] -- Configuring done
[0.908s] -- Generating done
[0.909s] -- Build files have been written to: /home/daguill/ros2_humble/adv_ws/src/build/c_srv_coms
[0.921s] Invoked command in '/home/daguill/ros2_humble/adv_ws/src/build/c_srv_coms' returned '0': AMENT_PREFIX_PATH=/home/daguill/ros2_humble/adv_ws/src/install/my_interface:${AMENT_PREFIX_PATH} CMAKE_PREFIX_PATH=/home/daguill/ros2_humble/adv_ws/src/install/my_interface:/home/daguill/ros2_humble/adv_ws/install/c_srv_coms:/home/daguill/ros2_humble/adv_ws/install/c_msg_coms:/home/daguill/ros2_humble/adv_ws/install/my_interface:/home/daguill/ros2_humble/adv_ws/install/interface:/home/daguill/ros2_humble/adv_ws/install/service:/opt/ros/humble LD_LIBRARY_PATH=/home/daguill/ros2_humble/adv_ws/src/install/my_interface/lib:${LD_LIBRARY_PATH} PYTHONPATH=/home/daguill/ros2_humble/adv_ws/src/install/my_interface/local/lib/python3.10/dist-packages:${PYTHONPATH} /usr/bin/cmake /home/daguill/ros2_humble/adv_ws/src/c_srv_coms -DCMAKE_INSTALL_PREFIX=/home/daguill/ros2_humble/adv_ws/src/install/c_srv_coms
[0.925s] Invoking command in '/home/daguill/ros2_humble/adv_ws/src/build/c_srv_coms': AMENT_PREFIX_PATH=/home/daguill/ros2_humble/adv_ws/src/install/my_interface:${AMENT_PREFIX_PATH} CMAKE_PREFIX_PATH=/home/daguill/ros2_humble/adv_ws/src/install/my_interface:/home/daguill/ros2_humble/adv_ws/install/c_srv_coms:/home/daguill/ros2_humble/adv_ws/install/c_msg_coms:/home/daguill/ros2_humble/adv_ws/install/my_interface:/home/daguill/ros2_humble/adv_ws/install/interface:/home/daguill/ros2_humble/adv_ws/install/service:/opt/ros/humble LD_LIBRARY_PATH=/home/daguill/ros2_humble/adv_ws/src/install/my_interface/lib:${LD_LIBRARY_PATH} PYTHONPATH=/home/daguill/ros2_humble/adv_ws/src/install/my_interface/local/lib/python3.10/dist-packages:${PYTHONPATH} /usr/bin/cmake --build /home/daguill/ros2_humble/adv_ws/src/build/c_srv_coms -- -j12 -l12
[0.966s] [ 50%] [32mBuilding CXX object CMakeFiles/server.dir/src/service.cpp.o[0m
[0.966s] [ 50%] [32mBuilding CXX object CMakeFiles/client.dir/src/client.cpp.o[0m
[4.041s] [ 75%] [32m[1mLinking CXX executable server[0m
[4.238s] [ 75%] Built target server
[4.403s] [100%] [32m[1mLinking CXX executable client[0m
[4.577s] [100%] Built target client
[4.588s] Invoked command in '/home/daguill/ros2_humble/adv_ws/src/build/c_srv_coms' returned '0': AMENT_PREFIX_PATH=/home/daguill/ros2_humble/adv_ws/src/install/my_interface:${AMENT_PREFIX_PATH} CMAKE_PREFIX_PATH=/home/daguill/ros2_humble/adv_ws/src/install/my_interface:/home/daguill/ros2_humble/adv_ws/install/c_srv_coms:/home/daguill/ros2_humble/adv_ws/install/c_msg_coms:/home/daguill/ros2_humble/adv_ws/install/my_interface:/home/daguill/ros2_humble/adv_ws/install/interface:/home/daguill/ros2_humble/adv_ws/install/service:/opt/ros/humble LD_LIBRARY_PATH=/home/daguill/ros2_humble/adv_ws/src/install/my_interface/lib:${LD_LIBRARY_PATH} PYTHONPATH=/home/daguill/ros2_humble/adv_ws/src/install/my_interface/local/lib/python3.10/dist-packages:${PYTHONPATH} /usr/bin/cmake --build /home/daguill/ros2_humble/adv_ws/src/build/c_srv_coms -- -j12 -l12
[4.629s] Invoking command in '/home/daguill/ros2_humble/adv_ws/src/build/c_srv_coms': AMENT_PREFIX_PATH=/home/daguill/ros2_humble/adv_ws/src/install/my_interface:${AMENT_PREFIX_PATH} CMAKE_PREFIX_PATH=/home/daguill/ros2_humble/adv_ws/src/install/my_interface:/home/daguill/ros2_humble/adv_ws/install/c_srv_coms:/home/daguill/ros2_humble/adv_ws/install/c_msg_coms:/home/daguill/ros2_humble/adv_ws/install/my_interface:/home/daguill/ros2_humble/adv_ws/install/interface:/home/daguill/ros2_humble/adv_ws/install/service:/opt/ros/humble LD_LIBRARY_PATH=/home/daguill/ros2_humble/adv_ws/src/install/my_interface/lib:${LD_LIBRARY_PATH} PYTHONPATH=/home/daguill/ros2_humble/adv_ws/src/install/my_interface/local/lib/python3.10/dist-packages:${PYTHONPATH} /usr/bin/cmake --install /home/daguill/ros2_humble/adv_ws/src/build/c_srv_coms
[4.638s] -- Install configuration: ""
[4.638s] -- Installing: /home/daguill/ros2_humble/adv_ws/src/install/c_srv_coms/lib/c_srv_coms/server
[4.638s] -- Set runtime path of "/home/daguill/ros2_humble/adv_ws/src/install/c_srv_coms/lib/c_srv_coms/server" to ""
[4.638s] -- Installing: /home/daguill/ros2_humble/adv_ws/src/install/c_srv_coms/lib/c_srv_coms/client
[4.639s] -- Set runtime path of "/home/daguill/ros2_humble/adv_ws/src/install/c_srv_coms/lib/c_srv_coms/client" to ""
[4.639s] -- Installing: /home/daguill/ros2_humble/adv_ws/src/install/c_srv_coms/share/ament_index/resource_index/package_run_dependencies/c_srv_coms
[4.639s] -- Installing: /home/daguill/ros2_humble/adv_ws/src/install/c_srv_coms/share/ament_index/resource_index/parent_prefix_path/c_srv_coms
[4.640s] -- Installing: /home/daguill/ros2_humble/adv_ws/src/install/c_srv_coms/share/c_srv_coms/environment/ament_prefix_path.sh
[4.640s] -- Installing: /home/daguill/ros2_humble/adv_ws/src/install/c_srv_coms/share/c_srv_coms/environment/ament_prefix_path.dsv
[4.640s] -- Installing: /home/daguill/ros2_humble/adv_ws/src/install/c_srv_coms/share/c_srv_coms/environment/path.sh
[4.640s] -- Installing: /home/daguill/ros2_humble/adv_ws/src/install/c_srv_coms/share/c_srv_coms/environment/path.dsv
[4.640s] -- Installing: /home/daguill/ros2_humble/adv_ws/src/install/c_srv_coms/share/c_srv_coms/local_setup.bash
[4.640s] -- Installing: /home/daguill/ros2_humble/adv_ws/src/install/c_srv_coms/share/c_srv_coms/local_setup.sh
[4.640s] -- Installing: /home/daguill/ros2_humble/adv_ws/src/install/c_srv_coms/share/c_srv_coms/local_setup.zsh
[4.640s] -- Installing: /home/daguill/ros2_humble/adv_ws/src/install/c_srv_coms/share/c_srv_coms/local_setup.dsv
[4.641s] -- Installing: /home/daguill/ros2_humble/adv_ws/src/install/c_srv_coms/share/c_srv_coms/package.dsv
[4.641s] -- Installing: /home/daguill/ros2_humble/adv_ws/src/install/c_srv_coms/share/ament_index/resource_index/packages/c_srv_coms
[4.641s] -- Installing: /home/daguill/ros2_humble/adv_ws/src/install/c_srv_coms/share/c_srv_coms/cmake/c_srv_comsConfig.cmake
[4.641s] -- Installing: /home/daguill/ros2_humble/adv_ws/src/install/c_srv_coms/share/c_srv_coms/cmake/c_srv_comsConfig-version.cmake
[4.641s] -- Installing: /home/daguill/ros2_humble/adv_ws/src/install/c_srv_coms/share/c_srv_coms/package.xml
[4.643s] Invoked command in '/home/daguill/ros2_humble/adv_ws/src/build/c_srv_coms' returned '0': AMENT_PREFIX_PATH=/home/daguill/ros2_humble/adv_ws/src/install/my_interface:${AMENT_PREFIX_PATH} CMAKE_PREFIX_PATH=/home/daguill/ros2_humble/adv_ws/src/install/my_interface:/home/daguill/ros2_humble/adv_ws/install/c_srv_coms:/home/daguill/ros2_humble/adv_ws/install/c_msg_coms:/home/daguill/ros2_humble/adv_ws/install/my_interface:/home/daguill/ros2_humble/adv_ws/install/interface:/home/daguill/ros2_humble/adv_ws/install/service:/opt/ros/humble LD_LIBRARY_PATH=/home/daguill/ros2_humble/adv_ws/src/install/my_interface/lib:${LD_LIBRARY_PATH} PYTHONPATH=/home/daguill/ros2_humble/adv_ws/src/install/my_interface/local/lib/python3.10/dist-packages:${PYTHONPATH} /usr/bin/cmake --install /home/daguill/ros2_humble/adv_ws/src/build/c_srv_coms
