running egg_info
creating ../../build/p_int/p_int.egg-info
writing ../../build/p_int/p_int.egg-info/PKG-INFO
writing dependency_links to ../../build/p_int/p_int.egg-info/dependency_links.txt
writing entry points to ../../build/p_int/p_int.egg-info/entry_points.txt
writing requirements to ../../build/p_int/p_int.egg-info/requires.txt
writing top-level names to ../../build/p_int/p_int.egg-info/top_level.txt
writing manifest file '../../build/p_int/p_int.egg-info/SOURCES.txt'
reading manifest file '../../build/p_int/p_int.egg-info/SOURCES.txt'
adding license file 'LICENSE'
writing manifest file '../../build/p_int/p_int.egg-info/SOURCES.txt'
running build
running build_py
creating /home/daguill/my_ws/build/p_int/build
creating /home/daguill/my_ws/build/p_int/build/lib
creating /home/daguill/my_ws/build/p_int/build/lib/p_int
copying p_int/arr_sub.py -> /home/daguill/my_ws/build/p_int/build/lib/p_int
copying p_int/__init__.py -> /home/daguill/my_ws/build/p_int/build/lib/p_int
copying p_int/arr_pub.py -> /home/daguill/my_ws/build/p_int/build/lib/p_int
running install
running install_lib
creating /home/daguill/my_ws/install/p_int/lib/python3.10/site-packages/p_int
copying /home/daguill/my_ws/build/p_int/build/lib/p_int/arr_sub.py -> /home/daguill/my_ws/install/p_int/lib/python3.10/site-packages/p_int
copying /home/daguill/my_ws/build/p_int/build/lib/p_int/__init__.py -> /home/daguill/my_ws/install/p_int/lib/python3.10/site-packages/p_int
copying /home/daguill/my_ws/build/p_int/build/lib/p_int/arr_pub.py -> /home/daguill/my_ws/install/p_int/lib/python3.10/site-packages/p_int
byte-compiling /home/daguill/my_ws/install/p_int/lib/python3.10/site-packages/p_int/arr_sub.py to arr_sub.cpython-310.pyc
byte-compiling /home/daguill/my_ws/install/p_int/lib/python3.10/site-packages/p_int/__init__.py to __init__.cpython-310.pyc
byte-compiling /home/daguill/my_ws/install/p_int/lib/python3.10/site-packages/p_int/arr_pub.py to arr_pub.cpython-310.pyc
running install_data
creating /home/daguill/my_ws/install/p_int/share/ament_index
creating /home/daguill/my_ws/install/p_int/share/ament_index/resource_index
creating /home/daguill/my_ws/install/p_int/share/ament_index/resource_index/packages
copying resource/p_int -> /home/daguill/my_ws/install/p_int/share/ament_index/resource_index/packages
copying package.xml -> /home/daguill/my_ws/install/p_int/share/p_int
creating /home/daguill/my_ws/install/p_int/share/p_int/launch
copying launch/_launch.py -> /home/daguill/my_ws/install/p_int/share/p_int/launch
running install_egg_info
Copying ../../build/p_int/p_int.egg-info to /home/daguill/my_ws/install/p_int/lib/python3.10/site-packages/p_int-0.0.0-py3.10.egg-info
running install_scripts
Installing array_listen script to /home/daguill/my_ws/install/p_int/lib/p_int
Installing array_talk script to /home/daguill/my_ws/install/p_int/lib/p_int
writing list of installed files to '/home/daguill/my_ws/build/p_int/install.log'
