[0.483s] Invoking command in '/home/daguill/my_ws/src/p_int': PYTHONPATH=/home/daguill/my_ws/build/p_int/prefix_override:/usr/lib/python3/dist-packages/colcon_core/task/python/colcon_distutils_commands:/home/daguill/my_ws/install/p_int/lib/python3.10/site-packages:${PYTHONPATH} /usr/bin/python3 -W ignore:setup.py install is deprecated setup.py egg_info --egg-base ../../build/p_int build --build-base /home/daguill/my_ws/build/p_int/build install --record /home/daguill/my_ws/build/p_int/install.log --single-version-externally-managed install_data
[0.683s] running egg_info
[0.683s] creating ../../build/p_int/p_int.egg-info
[0.683s] writing ../../build/p_int/p_int.egg-info/PKG-INFO
[0.684s] writing dependency_links to ../../build/p_int/p_int.egg-info/dependency_links.txt
[0.684s] writing entry points to ../../build/p_int/p_int.egg-info/entry_points.txt
[0.684s] writing requirements to ../../build/p_int/p_int.egg-info/requires.txt
[0.684s] writing top-level names to ../../build/p_int/p_int.egg-info/top_level.txt
[0.684s] writing manifest file '../../build/p_int/p_int.egg-info/SOURCES.txt'
[0.686s] reading manifest file '../../build/p_int/p_int.egg-info/SOURCES.txt'
[0.686s] adding license file 'LICENSE'
[0.686s] writing manifest file '../../build/p_int/p_int.egg-info/SOURCES.txt'
[0.686s] running build
[0.687s] running build_py
[0.687s] creating /home/daguill/my_ws/build/p_int/build
[0.687s] creating /home/daguill/my_ws/build/p_int/build/lib
[0.687s] creating /home/daguill/my_ws/build/p_int/build/lib/p_int
[0.687s] copying p_int/arr_sub.py -> /home/daguill/my_ws/build/p_int/build/lib/p_int
[0.687s] copying p_int/__init__.py -> /home/daguill/my_ws/build/p_int/build/lib/p_int
[0.687s] copying p_int/arr_pub.py -> /home/daguill/my_ws/build/p_int/build/lib/p_int
[0.687s] running install
[0.687s] running install_lib
[0.688s] creating /home/daguill/my_ws/install/p_int/lib/python3.10/site-packages/p_int
[0.688s] copying /home/daguill/my_ws/build/p_int/build/lib/p_int/arr_sub.py -> /home/daguill/my_ws/install/p_int/lib/python3.10/site-packages/p_int
[0.688s] copying /home/daguill/my_ws/build/p_int/build/lib/p_int/__init__.py -> /home/daguill/my_ws/install/p_int/lib/python3.10/site-packages/p_int
[0.688s] copying /home/daguill/my_ws/build/p_int/build/lib/p_int/arr_pub.py -> /home/daguill/my_ws/install/p_int/lib/python3.10/site-packages/p_int
[0.688s] byte-compiling /home/daguill/my_ws/install/p_int/lib/python3.10/site-packages/p_int/arr_sub.py to arr_sub.cpython-310.pyc
[0.689s] byte-compiling /home/daguill/my_ws/install/p_int/lib/python3.10/site-packages/p_int/__init__.py to __init__.cpython-310.pyc
[0.689s] byte-compiling /home/daguill/my_ws/install/p_int/lib/python3.10/site-packages/p_int/arr_pub.py to arr_pub.cpython-310.pyc
[0.689s] running install_data
[0.689s] creating /home/daguill/my_ws/install/p_int/share/ament_index
[0.689s] creating /home/daguill/my_ws/install/p_int/share/ament_index/resource_index
[0.689s] creating /home/daguill/my_ws/install/p_int/share/ament_index/resource_index/packages
[0.689s] copying resource/p_int -> /home/daguill/my_ws/install/p_int/share/ament_index/resource_index/packages
[0.690s] copying package.xml -> /home/daguill/my_ws/install/p_int/share/p_int
[0.690s] creating /home/daguill/my_ws/install/p_int/share/p_int/launch
[0.690s] copying launch/_launch.py -> /home/daguill/my_ws/install/p_int/share/p_int/launch
[0.690s] running install_egg_info
[0.691s] Copying ../../build/p_int/p_int.egg-info to /home/daguill/my_ws/install/p_int/lib/python3.10/site-packages/p_int-0.0.0-py3.10.egg-info
[0.692s] running install_scripts
[0.708s] Installing array_listen script to /home/daguill/my_ws/install/p_int/lib/p_int
[0.708s] Installing array_talk script to /home/daguill/my_ws/install/p_int/lib/p_int
[0.709s] writing list of installed files to '/home/daguill/my_ws/build/p_int/install.log'
[0.726s] Invoked command in '/home/daguill/my_ws/src/p_int' returned '0': PYTHONPATH=/home/daguill/my_ws/build/p_int/prefix_override:/usr/lib/python3/dist-packages/colcon_core/task/python/colcon_distutils_commands:/home/daguill/my_ws/install/p_int/lib/python3.10/site-packages:${PYTHONPATH} /usr/bin/python3 -W ignore:setup.py install is deprecated setup.py egg_info --egg-base ../../build/p_int build --build-base /home/daguill/my_ws/build/p_int/build install --record /home/daguill/my_ws/build/p_int/install.log --single-version-externally-managed install_data
