running egg_info
writing ../../build/p_int/p_int.egg-info/PKG-INFO
writing dependency_links to ../../build/p_int/p_int.egg-info/dependency_links.txt
writing entry points to ../../build/p_int/p_int.egg-info/entry_points.txt
writing requirements to ../../build/p_int/p_int.egg-info/requires.txt
writing top-level names to ../../build/p_int/p_int.egg-info/top_level.txt
reading manifest file '../../build/p_int/p_int.egg-info/SOURCES.txt'
adding license file 'LICENSE'
writing manifest file '../../build/p_int/p_int.egg-info/SOURCES.txt'
running build
running build_py
copying p_int/arr_pub.py -> /home/daguill/my_ws/build/p_int/build/lib/p_int
running install
running install_lib
copying /home/daguill/my_ws/build/p_int/build/lib/p_int/arr_pub.py -> /home/daguill/my_ws/install/p_int/lib/python3.10/site-packages/p_int
byte-compiling /home/daguill/my_ws/install/p_int/lib/python3.10/site-packages/p_int/arr_pub.py to arr_pub.cpython-310.pyc
running install_data
running install_egg_info
removing '/home/daguill/my_ws/install/p_int/lib/python3.10/site-packages/p_int-0.0.0-py3.10.egg-info' (and everything under it)
Copying ../../build/p_int/p_int.egg-info to /home/daguill/my_ws/install/p_int/lib/python3.10/site-packages/p_int-0.0.0-py3.10.egg-info
running install_scripts
Installing array_listen script to /home/daguill/my_ws/install/p_int/lib/p_int
Installing array_talk script to /home/daguill/my_ws/install/p_int/lib/p_int
writing list of installed files to '/home/daguill/my_ws/build/p_int/install.log'
