/home/daguill/my_ws/install/p_pckg/lib/python3.10/site-packages/p_pckg/tranceiver_member_function.py
/home/daguill/my_ws/install/p_pckg/lib/python3.10/site-packages/p_pckg/subscriber_member_function.py
/home/daguill/my_ws/install/p_pckg/lib/python3.10/site-packages/p_pckg/publisher_member_function.py
/home/daguill/my_ws/install/p_pckg/lib/python3.10/site-packages/p_pckg/__init__.py
/home/daguill/my_ws/install/p_pckg/lib/python3.10/site-packages/p_pckg/__pycache__/tranceiver_member_function.cpython-310.pyc
/home/daguill/my_ws/install/p_pckg/lib/python3.10/site-packages/p_pckg/__pycache__/subscriber_member_function.cpython-310.pyc
/home/daguill/my_ws/install/p_pckg/lib/python3.10/site-packages/p_pckg/__pycache__/publisher_member_function.cpython-310.pyc
/home/daguill/my_ws/install/p_pckg/lib/python3.10/site-packages/p_pckg/__pycache__/__init__.cpython-310.pyc
/home/daguill/my_ws/install/p_pckg/share/ament_index/resource_index/packages/p_pckg
/home/daguill/my_ws/install/p_pckg/share/p_pckg/package.xml
/home/daguill/my_ws/install/p_pckg/share/p_pckg/launch/_launch.py
/home/daguill/my_ws/install/p_pckg/lib/python3.10/site-packages/p_pckg-0.0.0-py3.10.egg-info/zip-safe
/home/daguill/my_ws/install/p_pckg/lib/python3.10/site-packages/p_pckg-0.0.0-py3.10.egg-info/dependency_links.txt
/home/daguill/my_ws/install/p_pckg/lib/python3.10/site-packages/p_pckg-0.0.0-py3.10.egg-info/top_level.txt
/home/daguill/my_ws/install/p_pckg/lib/python3.10/site-packages/p_pckg-0.0.0-py3.10.egg-info/requires.txt
/home/daguill/my_ws/install/p_pckg/lib/python3.10/site-packages/p_pckg-0.0.0-py3.10.egg-info/SOURCES.txt
/home/daguill/my_ws/install/p_pckg/lib/python3.10/site-packages/p_pckg-0.0.0-py3.10.egg-info/entry_points.txt
/home/daguill/my_ws/install/p_pckg/lib/python3.10/site-packages/p_pckg-0.0.0-py3.10.egg-info/PKG-INFO
/home/daguill/my_ws/install/p_pckg/lib/p_pckg/listener
/home/daguill/my_ws/install/p_pckg/lib/p_pckg/talker
/home/daguill/my_ws/install/p_pckg/lib/p_pckg/tranceiver
