[0.799s] Invoking command in '/home/daguill/my_ws/src/p_pckg': PYTHONPATH=/home/daguill/my_ws/build/p_pckg/prefix_override:/usr/lib/python3/dist-packages/colcon_core/task/python/colcon_distutils_commands:/home/daguill/my_ws/install/p_pckg/lib/python3.10/site-packages:${PYTHONPATH} /usr/bin/python3 -W ignore:setup.py install is deprecated setup.py egg_info --egg-base ../../build/p_pckg build --build-base /home/daguill/my_ws/build/p_pckg/build install --record /home/daguill/my_ws/build/p_pckg/install.log --single-version-externally-managed install_data
[1.111s] running egg_info
[1.112s] writing ../../build/p_pckg/p_pckg.egg-info/PKG-INFO
[1.113s] writing dependency_links to ../../build/p_pckg/p_pckg.egg-info/dependency_links.txt
[1.113s] writing entry points to ../../build/p_pckg/p_pckg.egg-info/entry_points.txt
[1.113s] writing requirements to ../../build/p_pckg/p_pckg.egg-info/requires.txt
[1.113s] writing top-level names to ../../build/p_pckg/p_pckg.egg-info/top_level.txt
[1.116s] reading manifest file '../../build/p_pckg/p_pckg.egg-info/SOURCES.txt'
[1.117s] adding license file 'LICENSE'
[1.119s] writing manifest file '../../build/p_pckg/p_pckg.egg-info/SOURCES.txt'
[1.119s] running build
[1.119s] running build_py
[1.120s] running install
[1.120s] running install_lib
[1.122s] running install_data
[1.123s] running install_egg_info
[1.125s] removing '/home/daguill/my_ws/install/p_pckg/lib/python3.10/site-packages/p_pckg-0.0.0-py3.10.egg-info' (and everything under it)
[1.125s] Copying ../../build/p_pckg/p_pckg.egg-info to /home/daguill/my_ws/install/p_pckg/lib/python3.10/site-packages/p_pckg-0.0.0-py3.10.egg-info
[1.127s] running install_scripts
[1.153s] writing list of installed files to '/home/daguill/my_ws/build/p_pckg/install.log'
[1.176s] Invoked command in '/home/daguill/my_ws/src/p_pckg' returned '0': PYTHONPATH=/home/daguill/my_ws/build/p_pckg/prefix_override:/usr/lib/python3/dist-packages/colcon_core/task/python/colcon_distutils_commands:/home/daguill/my_ws/install/p_pckg/lib/python3.10/site-packages:${PYTHONPATH} /usr/bin/python3 -W ignore:setup.py install is deprecated setup.py egg_info --egg-base ../../build/p_pckg build --build-base /home/daguill/my_ws/build/p_pckg/build install --record /home/daguill/my_ws/build/p_pckg/install.log --single-version-externally-managed install_data
