[35m[1mConsolidate compiler generated dependencies of target talker[0m
[35m[1mConsolidate compiler generated dependencies of target tranceiver[0m
[ 33%] Built target listener
[100%] Built target talker
[100%] Built target tranceiver
-- Install configuration: ""
-- Up-to-date: /home/daguill/my_ws/install/c_pckg/lib/c_pckg/talker
-- Up-to-date: /home/daguill/my_ws/install/c_pckg/lib/c_pckg/listener
-- Up-to-date: /home/daguill/my_ws/install/c_pckg/lib/c_pckg/tranceiver
-- Up-to-date: /home/daguill/my_ws/install/c_pckg/share/ament_index/resource_index/package_run_dependencies/c_pckg
-- Up-to-date: /home/daguill/my_ws/install/c_pckg/share/ament_index/resource_index/parent_prefix_path/c_pckg
-- Up-to-date: /home/daguill/my_ws/install/c_pckg/share/c_pckg/environment/ament_prefix_path.sh
-- Up-to-date: /home/daguill/my_ws/install/c_pckg/share/c_pckg/environment/ament_prefix_path.dsv
-- Up-to-date: /home/daguill/my_ws/install/c_pckg/share/c_pckg/environment/path.sh
-- Up-to-date: /home/daguill/my_ws/install/c_pckg/share/c_pckg/environment/path.dsv
-- Up-to-date: /home/daguill/my_ws/install/c_pckg/share/c_pckg/local_setup.bash
-- Up-to-date: /home/daguill/my_ws/install/c_pckg/share/c_pckg/local_setup.sh
-- Up-to-date: /home/daguill/my_ws/install/c_pckg/share/c_pckg/local_setup.zsh
-- Up-to-date: /home/daguill/my_ws/install/c_pckg/share/c_pckg/local_setup.dsv
-- Installing: /home/daguill/my_ws/install/c_pckg/share/c_pckg/package.dsv
-- Up-to-date: /home/daguill/my_ws/install/c_pckg/share/ament_index/resource_index/packages/c_pckg
-- Up-to-date: /home/daguill/my_ws/install/c_pckg/share/c_pckg/cmake/c_pckgConfig.cmake
-- Up-to-date: /home/daguill/my_ws/install/c_pckg/share/c_pckg/cmake/c_pckgConfig-version.cmake
-- Up-to-date: /home/daguill/my_ws/install/c_pckg/share/c_pckg/package.xml
