-- Found ament_cmake: 1.3.10 (/opt/ros/humble/share/ament_cmake/cmake)
-- Found rclcpp: 16.0.10 (/opt/ros/humble/share/rclcpp/cmake)
-- Found rosidl_generator_c: 3.1.5 (/opt/ros/humble/share/rosidl_generator_c/cmake)
-- Found rosidl_adapter: 3.1.5 (/opt/ros/humble/share/rosidl_adapter/cmake)
-- Found rosidl_generator_cpp: 3.1.5 (/opt/ros/humble/share/rosidl_generator_cpp/cmake)
-- Using all available rosidl_typesupport_c: rosidl_typesupport_fastrtps_c;rosidl_typesupport_introspection_c
-- Using all available rosidl_typesupport_cpp: rosidl_typesupport_fastrtps_cpp;rosidl_typesupport_introspection_cpp
-- Found rmw_implementation_cmake: 6.1.2 (/opt/ros/humble/share/rmw_implementation_cmake/cmake)
-- Found rmw_fastrtps_cpp: 6.2.7 (/opt/ros/humble/share/rmw_fastrtps_cpp/cmake)
-- Using RMW implementation 'rmw_fastrtps_cpp' as default
-- Found ament_lint_auto: 0.12.11 (/opt/ros/humble/share/ament_lint_auto/cmake)
-- Added test 'cppcheck' to perform static code analysis on C / C++ code
-- Configured cppcheck include dirs: 
-- Configured cppcheck exclude dirs and/or files: 
-- Added test 'lint_cmake' to check CMake code style
-- Added test 'uncrustify' to check C / C++ code style
-- Configured uncrustify additional arguments: 
-- Added test 'xmllint' to check XML markup files
-- Configuring done
-- Generating done
-- Build files have been written to: /home/daguill/my_ws/build/c_pckg
[35m[1mConsolidate compiler generated dependencies of target tranceiver[0m
[35m[1mConsolidate compiler generated dependencies of target talker[0m
[35m[1mConsolidate compiler generated dependencies of target listener[0m
[ 83%] Built target talker
[ 83%] Built target listener
[ 66%] [32m[1mLinking CXX executable tranceiver[0m
[100%] Built target tranceiver
-- Install configuration: ""
-- Up-to-date: /home/daguill/my_ws/install/c_pckg/lib/c_pckg/talker
-- Up-to-date: /home/daguill/my_ws/install/c_pckg/lib/c_pckg/listener
-- Installing: /home/daguill/my_ws/install/c_pckg/lib/c_pckg/tranceiver
-- Set runtime path of "/home/daguill/my_ws/install/c_pckg/lib/c_pckg/tranceiver" to ""
-- Up-to-date: /home/daguill/my_ws/install/c_pckg/share/ament_index/resource_index/package_run_dependencies/c_pckg
-- Installing: /home/daguill/my_ws/install/c_pckg/share/ament_index/resource_index/parent_prefix_path/c_pckg
-- Up-to-date: /home/daguill/my_ws/install/c_pckg/share/c_pckg/environment/ament_prefix_path.sh
-- Installing: /home/daguill/my_ws/install/c_pckg/share/c_pckg/environment/ament_prefix_path.dsv
-- Up-to-date: /home/daguill/my_ws/install/c_pckg/share/c_pckg/environment/path.sh
-- Installing: /home/daguill/my_ws/install/c_pckg/share/c_pckg/environment/path.dsv
-- Up-to-date: /home/daguill/my_ws/install/c_pckg/share/c_pckg/local_setup.bash
-- Up-to-date: /home/daguill/my_ws/install/c_pckg/share/c_pckg/local_setup.sh
-- Up-to-date: /home/daguill/my_ws/install/c_pckg/share/c_pckg/local_setup.zsh
-- Installing: /home/daguill/my_ws/install/c_pckg/share/c_pckg/local_setup.dsv
-- Installing: /home/daguill/my_ws/install/c_pckg/share/c_pckg/package.dsv
-- Up-to-date: /home/daguill/my_ws/install/c_pckg/share/ament_index/resource_index/packages/c_pckg
-- Up-to-date: /home/daguill/my_ws/install/c_pckg/share/c_pckg/cmake/c_pckgConfig.cmake
-- Up-to-date: /home/daguill/my_ws/install/c_pckg/share/c_pckg/cmake/c_pckgConfig-version.cmake
-- Up-to-date: /home/daguill/my_ws/install/c_pckg/share/c_pckg/package.xml
