[0.010s] Invoking command in '/home/daguill/my_ws/build/c_pckg': CMAKE_PREFIX_PATH=${CMAKE_PREFIX_PATH}:/home/daguill/my_ws/install/p_pckg:/opt/ros/humble /usr/bin/cmake --build /home/daguill/my_ws/build/c_pckg -- -j12 -l12
[0.028s] -- Found ament_cmake: 1.3.10 (/opt/ros/humble/share/ament_cmake/cmake)
[0.127s] -- Found rclcpp: 16.0.10 (/opt/ros/humble/share/rclcpp/cmake)
[0.149s] -- Found rosidl_generator_c: 3.1.5 (/opt/ros/humble/share/rosidl_generator_c/cmake)
[0.151s] -- Found rosidl_adapter: 3.1.5 (/opt/ros/humble/share/rosidl_adapter/cmake)
[0.156s] -- Found rosidl_generator_cpp: 3.1.5 (/opt/ros/humble/share/rosidl_generator_cpp/cmake)
[0.164s] -- Using all available rosidl_typesupport_c: rosidl_typesupport_fastrtps_c;rosidl_typesupport_introspection_c
[0.175s] -- Using all available rosidl_typesupport_cpp: rosidl_typesupport_fastrtps_cpp;rosidl_typesupport_introspection_cpp
[0.202s] -- Found rmw_implementation_cmake: 6.1.2 (/opt/ros/humble/share/rmw_implementation_cmake/cmake)
[0.203s] -- Found rmw_fastrtps_cpp: 6.2.7 (/opt/ros/humble/share/rmw_fastrtps_cpp/cmake)
[0.277s] -- Using RMW implementation 'rmw_fastrtps_cpp' as default
[0.323s] -- Found ament_lint_auto: 0.12.11 (/opt/ros/humble/share/ament_lint_auto/cmake)
[0.376s] -- Added test 'cppcheck' to perform static code analysis on C / C++ code
[0.376s] -- Configured cppcheck include dirs: 
[0.376s] -- Configured cppcheck exclude dirs and/or files: 
[0.377s] -- Added test 'lint_cmake' to check CMake code style
[0.377s] -- Added test 'uncrustify' to check C / C++ code style
[0.377s] -- Configured uncrustify additional arguments: 
[0.378s] -- Added test 'xmllint' to check XML markup files
[0.379s] -- Configuring done
[0.392s] -- Generating done
[0.394s] -- Build files have been written to: /home/daguill/my_ws/build/c_pckg
[0.414s] [35m[1mConsolidate compiler generated dependencies of target tranceiver[0m
[0.414s] [35m[1mConsolidate compiler generated dependencies of target talker[0m
[0.415s] [35m[1mConsolidate compiler generated dependencies of target listener[0m
[0.433s] [ 83%] Built target talker
[0.433s] [ 83%] Built target listener
[0.433s] [ 66%] [32m[1mLinking CXX executable tranceiver[0m
[0.564s] [100%] Built target tranceiver
[0.572s] Invoked command in '/home/daguill/my_ws/build/c_pckg' returned '0': CMAKE_PREFIX_PATH=${CMAKE_PREFIX_PATH}:/home/daguill/my_ws/install/p_pckg:/opt/ros/humble /usr/bin/cmake --build /home/daguill/my_ws/build/c_pckg -- -j12 -l12
[0.598s] Invoking command in '/home/daguill/my_ws/build/c_pckg': CMAKE_PREFIX_PATH=${CMAKE_PREFIX_PATH}:/home/daguill/my_ws/install/p_pckg:/opt/ros/humble /usr/bin/cmake --install /home/daguill/my_ws/build/c_pckg
[0.603s] -- Install configuration: ""
[0.603s] -- Up-to-date: /home/daguill/my_ws/install/c_pckg/lib/c_pckg/talker
[0.603s] -- Up-to-date: /home/daguill/my_ws/install/c_pckg/lib/c_pckg/listener
[0.604s] -- Installing: /home/daguill/my_ws/install/c_pckg/lib/c_pckg/tranceiver
[0.604s] -- Set runtime path of "/home/daguill/my_ws/install/c_pckg/lib/c_pckg/tranceiver" to ""
[0.604s] -- Up-to-date: /home/daguill/my_ws/install/c_pckg/share/ament_index/resource_index/package_run_dependencies/c_pckg
[0.605s] -- Installing: /home/daguill/my_ws/install/c_pckg/share/ament_index/resource_index/parent_prefix_path/c_pckg
[0.605s] -- Up-to-date: /home/daguill/my_ws/install/c_pckg/share/c_pckg/environment/ament_prefix_path.sh
[0.605s] -- Installing: /home/daguill/my_ws/install/c_pckg/share/c_pckg/environment/ament_prefix_path.dsv
[0.605s] -- Up-to-date: /home/daguill/my_ws/install/c_pckg/share/c_pckg/environment/path.sh
[0.605s] -- Installing: /home/daguill/my_ws/install/c_pckg/share/c_pckg/environment/path.dsv
[0.605s] -- Up-to-date: /home/daguill/my_ws/install/c_pckg/share/c_pckg/local_setup.bash
[0.605s] -- Up-to-date: /home/daguill/my_ws/install/c_pckg/share/c_pckg/local_setup.sh
[0.605s] -- Up-to-date: /home/daguill/my_ws/install/c_pckg/share/c_pckg/local_setup.zsh
[0.605s] -- Installing: /home/daguill/my_ws/install/c_pckg/share/c_pckg/local_setup.dsv
[0.606s] -- Installing: /home/daguill/my_ws/install/c_pckg/share/c_pckg/package.dsv
[0.606s] -- Up-to-date: /home/daguill/my_ws/install/c_pckg/share/ament_index/resource_index/packages/c_pckg
[0.606s] -- Up-to-date: /home/daguill/my_ws/install/c_pckg/share/c_pckg/cmake/c_pckgConfig.cmake
[0.607s] -- Up-to-date: /home/daguill/my_ws/install/c_pckg/share/c_pckg/cmake/c_pckgConfig-version.cmake
[0.607s] -- Up-to-date: /home/daguill/my_ws/install/c_pckg/share/c_pckg/package.xml
[0.609s] Invoked command in '/home/daguill/my_ws/build/c_pckg' returned '0': CMAKE_PREFIX_PATH=${CMAKE_PREFIX_PATH}:/home/daguill/my_ws/install/p_pckg:/opt/ros/humble /usr/bin/cmake --install /home/daguill/my_ws/build/c_pckg
