running egg_info
writing ../../build/p_pckg/p_pckg.egg-info/PKG-INFO
writing dependency_links to ../../build/p_pckg/p_pckg.egg-info/dependency_links.txt
writing entry points to ../../build/p_pckg/p_pckg.egg-info/entry_points.txt
writing requirements to ../../build/p_pckg/p_pckg.egg-info/requires.txt
writing top-level names to ../../build/p_pckg/p_pckg.egg-info/top_level.txt
reading manifest file '../../build/p_pckg/p_pckg.egg-info/SOURCES.txt'
adding license file 'LICENSE'
writing manifest file '../../build/p_pckg/p_pckg.egg-info/SOURCES.txt'
running build
running build_py
running install
running install_lib
running install_data
running install_egg_info
removing '/home/daguill/my_ws/install/p_pckg/lib/python3.10/site-packages/p_pckg-0.0.0-py3.10.egg-info' (and everything under it)
Copying ../../build/p_pckg/p_pckg.egg-info to /home/daguill/my_ws/install/p_pckg/lib/python3.10/site-packages/p_pckg-0.0.0-py3.10.egg-info
running install_scripts
Installing listener script to /home/daguill/my_ws/install/p_pckg/lib/p_pckg
Installing talker script to /home/daguill/my_ws/install/p_pckg/lib/p_pckg
Installing tranceiver script to /home/daguill/my_ws/install/p_pckg/lib/p_pckg
writing list of installed files to '/home/daguill/my_ws/build/p_pckg/install.log'
