[0.553s] Invoking command in '/home/daguill/my_ws/src/p_pckg': PYTHONPATH=/home/daguill/my_ws/build/p_pckg/prefix_override:/usr/lib/python3/dist-packages/colcon_core/task/python/colcon_distutils_commands:/home/daguill/my_ws/install/p_pckg/lib/python3.10/site-packages:${PYTHONPATH} /usr/bin/python3 -W ignore:setup.py install is deprecated setup.py egg_info --egg-base ../../build/p_pckg build --build-base /home/daguill/my_ws/build/p_pckg/build install --record /home/daguill/my_ws/build/p_pckg/install.log --single-version-externally-managed install_data
[0.754s] running egg_info
[0.754s] writing ../../build/p_pckg/p_pckg.egg-info/PKG-INFO
[0.755s] writing dependency_links to ../../build/p_pckg/p_pckg.egg-info/dependency_links.txt
[0.755s] writing entry points to ../../build/p_pckg/p_pckg.egg-info/entry_points.txt
[0.755s] writing requirements to ../../build/p_pckg/p_pckg.egg-info/requires.txt
[0.755s] writing top-level names to ../../build/p_pckg/p_pckg.egg-info/top_level.txt
[0.757s] reading manifest file '../../build/p_pckg/p_pckg.egg-info/SOURCES.txt'
[0.757s] adding license file 'LICENSE'
[0.758s] writing manifest file '../../build/p_pckg/p_pckg.egg-info/SOURCES.txt'
[0.758s] running build
[0.758s] running build_py
[0.759s] running install
[0.759s] running install_lib
[0.760s] running install_data
[0.761s] running install_egg_info
[0.762s] removing '/home/daguill/my_ws/install/p_pckg/lib/python3.10/site-packages/p_pckg-0.0.0-py3.10.egg-info' (and everything under it)
[0.762s] Copying ../../build/p_pckg/p_pckg.egg-info to /home/daguill/my_ws/install/p_pckg/lib/python3.10/site-packages/p_pckg-0.0.0-py3.10.egg-info
[0.763s] running install_scripts
[0.780s] Installing listener script to /home/daguill/my_ws/install/p_pckg/lib/p_pckg
[0.780s] Installing talker script to /home/daguill/my_ws/install/p_pckg/lib/p_pckg
[0.780s] Installing tranceiver script to /home/daguill/my_ws/install/p_pckg/lib/p_pckg
[0.780s] writing list of installed files to '/home/daguill/my_ws/build/p_pckg/install.log'
[0.796s] Invoked command in '/home/daguill/my_ws/src/p_pckg' returned '0': PYTHONPATH=/home/daguill/my_ws/build/p_pckg/prefix_override:/usr/lib/python3/dist-packages/colcon_core/task/python/colcon_distutils_commands:/home/daguill/my_ws/install/p_pckg/lib/python3.10/site-packages:${PYTHONPATH} /usr/bin/python3 -W ignore:setup.py install is deprecated setup.py egg_info --egg-base ../../build/p_pckg build --build-base /home/daguill/my_ws/build/p_pckg/build install --record /home/daguill/my_ws/build/p_pckg/install.log --single-version-externally-managed install_data
