[0.484s] Invoking command in '/home/daguill/my_ws/src/p_pckg': PYTHONPATH=/home/daguill/my_ws/build/p_pckg/prefix_override:/usr/lib/python3/dist-packages/colcon_core/task/python/colcon_distutils_commands:/home/daguill/my_ws/install/p_pckg/lib/python3.10/site-packages:${PYTHONPATH} /usr/bin/python3 -W ignore:setup.py install is deprecated setup.py egg_info --egg-base ../../build/p_pckg build --build-base /home/daguill/my_ws/build/p_pckg/build install --record /home/daguill/my_ws/build/p_pckg/install.log --single-version-externally-managed install_data
[0.684s] running egg_info
[0.684s] writing ../../build/p_pckg/p_pckg.egg-info/PKG-INFO
[0.684s] writing dependency_links to ../../build/p_pckg/p_pckg.egg-info/dependency_links.txt
[0.684s] writing entry points to ../../build/p_pckg/p_pckg.egg-info/entry_points.txt
[0.685s] writing requirements to ../../build/p_pckg/p_pckg.egg-info/requires.txt
[0.685s] writing top-level names to ../../build/p_pckg/p_pckg.egg-info/top_level.txt
[0.686s] reading manifest file '../../build/p_pckg/p_pckg.egg-info/SOURCES.txt'
[0.686s] adding license file 'LICENSE'
[0.687s] writing manifest file '../../build/p_pckg/p_pckg.egg-info/SOURCES.txt'
[0.687s] running build
[0.687s] running build_py
[0.687s] copying p_pckg/subscriber_member_function.py -> /home/daguill/my_ws/build/p_pckg/build/lib/p_pckg
[0.687s] running install
[0.687s] running install_lib
[0.688s] copying /home/daguill/my_ws/build/p_pckg/build/lib/p_pckg/subscriber_member_function.py -> /home/daguill/my_ws/install/p_pckg/lib/python3.10/site-packages/p_pckg
[0.688s] byte-compiling /home/daguill/my_ws/install/p_pckg/lib/python3.10/site-packages/p_pckg/subscriber_member_function.py to subscriber_member_function.cpython-310.pyc
[0.689s] running install_data
[0.689s] running install_egg_info
[0.690s] removing '/home/daguill/my_ws/install/p_pckg/lib/python3.10/site-packages/p_pckg-0.0.0-py3.10.egg-info' (and everything under it)
[0.690s] Copying ../../build/p_pckg/p_pckg.egg-info to /home/daguill/my_ws/install/p_pckg/lib/python3.10/site-packages/p_pckg-0.0.0-py3.10.egg-info
[0.691s] running install_scripts
[0.707s] Installing listener script to /home/daguill/my_ws/install/p_pckg/lib/p_pckg
[0.708s] Installing talker script to /home/daguill/my_ws/install/p_pckg/lib/p_pckg
[0.708s] Installing tranceiver script to /home/daguill/my_ws/install/p_pckg/lib/p_pckg
[0.708s] writing list of installed files to '/home/daguill/my_ws/build/p_pckg/install.log'
[0.724s] Invoked command in '/home/daguill/my_ws/src/p_pckg' returned '0': PYTHONPATH=/home/daguill/my_ws/build/p_pckg/prefix_override:/usr/lib/python3/dist-packages/colcon_core/task/python/colcon_distutils_commands:/home/daguill/my_ws/install/p_pckg/lib/python3.10/site-packages:${PYTHONPATH} /usr/bin/python3 -W ignore:setup.py install is deprecated setup.py egg_info --egg-base ../../build/p_pckg build --build-base /home/daguill/my_ws/build/p_pckg/build install --record /home/daguill/my_ws/build/p_pckg/install.log --single-version-externally-managed install_data
