running egg_info
creating ../../build/p_pckg/p_pckg.egg-info
writing ../../build/p_pckg/p_pckg.egg-info/PKG-INFO
writing dependency_links to ../../build/p_pckg/p_pckg.egg-info/dependency_links.txt
writing entry points to ../../build/p_pckg/p_pckg.egg-info/entry_points.txt
writing requirements to ../../build/p_pckg/p_pckg.egg-info/requires.txt
writing top-level names to ../../build/p_pckg/p_pckg.egg-info/top_level.txt
writing manifest file '../../build/p_pckg/p_pckg.egg-info/SOURCES.txt'
reading manifest file '../../build/p_pckg/p_pckg.egg-info/SOURCES.txt'
adding license file 'LICENSE'
writing manifest file '../../build/p_pckg/p_pckg.egg-info/SOURCES.txt'
running build
running build_py
creating /home/daguill/my_ws/build/p_pckg/build
creating /home/daguill/my_ws/build/p_pckg/build/lib
creating /home/daguill/my_ws/build/p_pckg/build/lib/p_pckg
copying p_pckg/p_node.py -> /home/daguill/my_ws/build/p_pckg/build/lib/p_pckg
copying p_pckg/__init__.py -> /home/daguill/my_ws/build/p_pckg/build/lib/p_pckg
running install
running install_lib
creating /home/daguill/my_ws/install/p_pckg/lib/python3.10/site-packages/p_pckg
copying /home/daguill/my_ws/build/p_pckg/build/lib/p_pckg/p_node.py -> /home/daguill/my_ws/install/p_pckg/lib/python3.10/site-packages/p_pckg
copying /home/daguill/my_ws/build/p_pckg/build/lib/p_pckg/__init__.py -> /home/daguill/my_ws/install/p_pckg/lib/python3.10/site-packages/p_pckg
byte-compiling /home/daguill/my_ws/install/p_pckg/lib/python3.10/site-packages/p_pckg/p_node.py to p_node.cpython-310.pyc
byte-compiling /home/daguill/my_ws/install/p_pckg/lib/python3.10/site-packages/p_pckg/__init__.py to __init__.cpython-310.pyc
running install_data
creating /home/daguill/my_ws/install/p_pckg/share/ament_index
creating /home/daguill/my_ws/install/p_pckg/share/ament_index/resource_index
creating /home/daguill/my_ws/install/p_pckg/share/ament_index/resource_index/packages
copying resource/p_pckg -> /home/daguill/my_ws/install/p_pckg/share/ament_index/resource_index/packages
copying package.xml -> /home/daguill/my_ws/install/p_pckg/share/p_pckg
running install_egg_info
Copying ../../build/p_pckg/p_pckg.egg-info to /home/daguill/my_ws/install/p_pckg/lib/python3.10/site-packages/p_pckg-0.0.0-py3.10.egg-info
running install_scripts
writing list of installed files to '/home/daguill/my_ws/build/p_pckg/install.log'
