[0.491s] Invoking command in '/home/daguill/my_ws/src/p_pckg': PYTHONPATH=/home/daguill/my_ws/build/p_pckg/prefix_override:/usr/lib/python3/dist-packages/colcon_core/task/python/colcon_distutils_commands:/home/daguill/my_ws/install/p_pckg/lib/python3.10/site-packages:${PYTHONPATH} /usr/bin/python3 -W ignore:setup.py install is deprecated setup.py egg_info --egg-base ../../build/p_pckg build --build-base /home/daguill/my_ws/build/p_pckg/build install --record /home/daguill/my_ws/build/p_pckg/install.log --single-version-externally-managed install_data
[0.667s] running egg_info
[0.668s] writing ../../build/p_pckg/p_pckg.egg-info/PKG-INFO
[0.670s] writing dependency_links to ../../build/p_pckg/p_pckg.egg-info/dependency_links.txt
[0.670s] writing entry points to ../../build/p_pckg/p_pckg.egg-info/entry_points.txt
[0.670s] writing requirements to ../../build/p_pckg/p_pckg.egg-info/requires.txt
[0.670s] writing top-level names to ../../build/p_pckg/p_pckg.egg-info/top_level.txt
[0.672s] reading manifest file '../../build/p_pckg/p_pckg.egg-info/SOURCES.txt'
[0.672s] adding license file 'LICENSE'
[0.673s] writing manifest file '../../build/p_pckg/p_pckg.egg-info/SOURCES.txt'
[0.673s] running build
[0.673s] running build_py
[0.674s] running install
[0.674s] running install_lib
[0.676s] running install_data
[0.676s] creating /home/daguill/my_ws/install/p_pckg/share/p_pckg/launch
[0.676s] copying launch/_launch.py -> /home/daguill/my_ws/install/p_pckg/share/p_pckg/launch
[0.676s] running install_egg_info
[0.677s] removing '/home/daguill/my_ws/install/p_pckg/lib/python3.10/site-packages/p_pckg-0.0.0-py3.10.egg-info' (and everything under it)
[0.678s] Copying ../../build/p_pckg/p_pckg.egg-info to /home/daguill/my_ws/install/p_pckg/lib/python3.10/site-packages/p_pckg-0.0.0-py3.10.egg-info
[0.678s] running install_scripts
[0.694s] Installing listener script to /home/daguill/my_ws/install/p_pckg/lib/p_pckg
[0.694s] Installing talker script to /home/daguill/my_ws/install/p_pckg/lib/p_pckg
[0.694s] Installing tranceiver script to /home/daguill/my_ws/install/p_pckg/lib/p_pckg
[0.694s] writing list of installed files to '/home/daguill/my_ws/build/p_pckg/install.log'
[0.710s] Invoked command in '/home/daguill/my_ws/src/p_pckg' returned '0': PYTHONPATH=/home/daguill/my_ws/build/p_pckg/prefix_override:/usr/lib/python3/dist-packages/colcon_core/task/python/colcon_distutils_commands:/home/daguill/my_ws/install/p_pckg/lib/python3.10/site-packages:${PYTHONPATH} /usr/bin/python3 -W ignore:setup.py install is deprecated setup.py egg_info --egg-base ../../build/p_pckg build --build-base /home/daguill/my_ws/build/p_pckg/build install --record /home/daguill/my_ws/build/p_pckg/install.log --single-version-externally-managed install_data
