[0.011s] Invoking command in '/home/daguill/my_ws/src/build/c_arith': CMAKE_PREFIX_PATH=${CMAKE_PREFIX_PATH}:/home/daguill/my_ws/install/p_int:/home/daguill/my_ws/install/p_pckg:/opt/ros/humble /usr/bin/cmake --build /home/daguill/my_ws/src/build/c_arith -- -j12 -l12
[0.040s] [35m[1mConsolidate compiler generated dependencies of target sum_array[0m
[0.053s] [ 50%] [32mBuilding CXX object CMakeFiles/sum_array.dir/src/sum.cpp.o[0m
[2.176s] [100%] [32m[1mLinking CXX executable sum_array[0m
[2.251s] [100%] Built target sum_array
[2.258s] Invoked command in '/home/daguill/my_ws/src/build/c_arith' returned '0': CMAKE_PREFIX_PATH=${CMAKE_PREFIX_PATH}:/home/daguill/my_ws/install/p_int:/home/daguill/my_ws/install/p_pckg:/opt/ros/humble /usr/bin/cmake --build /home/daguill/my_ws/src/build/c_arith -- -j12 -l12
[2.282s] Invoking command in '/home/daguill/my_ws/src/build/c_arith': CMAKE_PREFIX_PATH=${CMAKE_PREFIX_PATH}:/home/daguill/my_ws/install/p_int:/home/daguill/my_ws/install/p_pckg:/opt/ros/humble /usr/bin/cmake --install /home/daguill/my_ws/src/build/c_arith
[2.287s] -- Install configuration: ""
[2.287s] -- Installing: /home/daguill/my_ws/src/install/c_arith/lib/c_arith/sum_array
[2.288s] -- Set runtime path of "/home/daguill/my_ws/src/install/c_arith/lib/c_arith/sum_array" to ""
[2.288s] -- Installing: /home/daguill/my_ws/src/install/c_arith/share/c_arith//launch
[2.288s] -- Installing: /home/daguill/my_ws/src/install/c_arith/share/c_arith//launch/1_launch.py
[2.288s] -- Installing: /home/daguill/my_ws/src/install/c_arith/share/c_arith//launch/2_launch.py
[2.288s] -- Installing: /home/daguill/my_ws/src/install/c_arith/share/ament_index/resource_index/package_run_dependencies/c_arith
[2.288s] -- Installing: /home/daguill/my_ws/src/install/c_arith/share/ament_index/resource_index/parent_prefix_path/c_arith
[2.288s] -- Installing: /home/daguill/my_ws/src/install/c_arith/share/c_arith/environment/ament_prefix_path.sh
[2.288s] -- Installing: /home/daguill/my_ws/src/install/c_arith/share/c_arith/environment/ament_prefix_path.dsv
[2.288s] -- Installing: /home/daguill/my_ws/src/install/c_arith/share/c_arith/environment/path.sh
[2.289s] -- Installing: /home/daguill/my_ws/src/install/c_arith/share/c_arith/environment/path.dsv
[2.289s] -- Installing: /home/daguill/my_ws/src/install/c_arith/share/c_arith/local_setup.bash
[2.289s] -- Installing: /home/daguill/my_ws/src/install/c_arith/share/c_arith/local_setup.sh
[2.289s] -- Installing: /home/daguill/my_ws/src/install/c_arith/share/c_arith/local_setup.zsh
[2.289s] -- Installing: /home/daguill/my_ws/src/install/c_arith/share/c_arith/local_setup.dsv
[2.289s] -- Installing: /home/daguill/my_ws/src/install/c_arith/share/c_arith/package.dsv
[2.289s] -- Installing: /home/daguill/my_ws/src/install/c_arith/share/ament_index/resource_index/packages/c_arith
[2.289s] -- Installing: /home/daguill/my_ws/src/install/c_arith/share/c_arith/cmake/c_arithConfig.cmake
[2.289s] -- Installing: /home/daguill/my_ws/src/install/c_arith/share/c_arith/cmake/c_arithConfig-version.cmake
[2.290s] -- Installing: /home/daguill/my_ws/src/install/c_arith/share/c_arith/package.xml
[2.291s] Invoked command in '/home/daguill/my_ws/src/build/c_arith' returned '0': CMAKE_PREFIX_PATH=${CMAKE_PREFIX_PATH}:/home/daguill/my_ws/install/p_int:/home/daguill/my_ws/install/p_pckg:/opt/ros/humble /usr/bin/cmake --install /home/daguill/my_ws/src/build/c_arith
