[0.092s] DEBUG:colcon:Command line arguments: ['/usr/bin/colcon', 'build', '--packages-select', 'c_arith']
[0.092s] DEBUG:colcon:Parsed command line arguments: Namespace(log_base=None, log_level=None, verb_name='build', build_base='build', install_base='install', merge_install=False, symlink_install=False, test_result_base=None, continue_on_error=False, executor='parallel', parallel_workers=12, event_handlers=None, ignore_user_meta=False, metas=['./colcon.meta'], base_paths=['.'], packages_ignore=None, packages_ignore_regex=None, paths=None, packages_up_to=None, packages_up_to_regex=None, packages_above=None, packages_above_and_dependencies=None, packages_above_depth=None, packages_select_by_dep=None, packages_skip_by_dep=None, packages_skip_up_to=None, packages_select_build_failed=False, packages_skip_build_finished=False, packages_select_test_failures=False, packages_skip_test_passed=False, packages_select=['c_arith'], packages_skip=None, packages_select_regex=None, packages_skip_regex=None, packages_start=None, packages_end=None, allow_overriding=[], cmake_args=None, cmake_target=None, cmake_target_skip_unavailable=False, cmake_clean_cache=False, cmake_clean_first=False, cmake_force_configure=False, ament_cmake_args=None, catkin_cmake_args=None, catkin_skip_building_tests=False, mixin_files=None, mixin=None, verb_parser=<colcon_mixin.mixin.mixin_argument.MixinArgumentDecorator object at 0x7b8bd673a620>, verb_extension=<colcon_core.verb.build.BuildVerb object at 0x7b8bd6739db0>, main=<bound method BuildVerb.main of <colcon_core.verb.build.BuildVerb object at 0x7b8bd6739db0>>, mixin_verb=('build',))
[0.227s] Level 1:colcon.colcon_core.package_discovery:discover_packages(colcon_meta) check parameters
[0.227s] Level 1:colcon.colcon_core.package_discovery:discover_packages(recursive) check parameters
[0.227s] Level 1:colcon.colcon_core.package_discovery:discover_packages(ignore) check parameters
[0.227s] Level 1:colcon.colcon_core.package_discovery:discover_packages(path) check parameters
[0.227s] Level 1:colcon.colcon_core.package_discovery:discover_packages(colcon_meta) discover
[0.227s] Level 1:colcon.colcon_core.package_discovery:discover_packages(recursive) discover
[0.227s] INFO:colcon.colcon_core.package_discovery:Crawling recursively for packages in '/home/daguill/my_ws/src'
[0.227s] Level 1:colcon.colcon_core.package_identification:_identify(.) by extensions ['ignore', 'ignore_ament_install']
[0.227s] Level 1:colcon.colcon_core.package_identification:_identify(.) by extension 'ignore'
[0.228s] Level 1:colcon.colcon_core.package_identification:_identify(.) by extension 'ignore_ament_install'
[0.228s] Level 1:colcon.colcon_core.package_identification:_identify(.) by extensions ['colcon_pkg']
[0.228s] Level 1:colcon.colcon_core.package_identification:_identify(.) by extension 'colcon_pkg'
[0.228s] Level 1:colcon.colcon_core.package_identification:_identify(.) by extensions ['colcon_meta']
[0.228s] Level 1:colcon.colcon_core.package_identification:_identify(.) by extension 'colcon_meta'
[0.228s] Level 1:colcon.colcon_core.package_identification:_identify(.) by extensions ['ros']
[0.228s] Level 1:colcon.colcon_core.package_identification:_identify(.) by extension 'ros'
[0.236s] Level 1:colcon.colcon_core.package_identification:_identify(.) by extensions ['cmake', 'python']
[0.236s] Level 1:colcon.colcon_core.package_identification:_identify(.) by extension 'cmake'
[0.236s] Level 1:colcon.colcon_core.package_identification:_identify(.) by extension 'python'
[0.236s] Level 1:colcon.colcon_core.package_identification:_identify(.) by extensions ['python_setup_py']
[0.236s] Level 1:colcon.colcon_core.package_identification:_identify(.) by extension 'python_setup_py'
[0.236s] Level 1:colcon.colcon_core.package_identification:_identify(build) by extensions ['ignore', 'ignore_ament_install']
[0.237s] Level 1:colcon.colcon_core.package_identification:_identify(build) by extension 'ignore'
[0.237s] Level 1:colcon.colcon_core.package_identification:_identify(build) ignored
[0.237s] Level 1:colcon.colcon_core.package_identification:_identify(c_arith) by extensions ['ignore', 'ignore_ament_install']
[0.237s] Level 1:colcon.colcon_core.package_identification:_identify(c_arith) by extension 'ignore'
[0.237s] Level 1:colcon.colcon_core.package_identification:_identify(c_arith) by extension 'ignore_ament_install'
[0.237s] Level 1:colcon.colcon_core.package_identification:_identify(c_arith) by extensions ['colcon_pkg']
[0.237s] Level 1:colcon.colcon_core.package_identification:_identify(c_arith) by extension 'colcon_pkg'
[0.237s] Level 1:colcon.colcon_core.package_identification:_identify(c_arith) by extensions ['colcon_meta']
[0.237s] Level 1:colcon.colcon_core.package_identification:_identify(c_arith) by extension 'colcon_meta'
[0.237s] Level 1:colcon.colcon_core.package_identification:_identify(c_arith) by extensions ['ros']
[0.237s] Level 1:colcon.colcon_core.package_identification:_identify(c_arith) by extension 'ros'
[0.239s] DEBUG:colcon.colcon_core.package_identification:Package 'c_arith' with type 'ros.ament_cmake' and name 'c_arith'
[0.239s] Level 1:colcon.colcon_core.package_identification:_identify(c_int) by extensions ['ignore', 'ignore_ament_install']
[0.239s] Level 1:colcon.colcon_core.package_identification:_identify(c_int) by extension 'ignore'
[0.239s] Level 1:colcon.colcon_core.package_identification:_identify(c_int) by extension 'ignore_ament_install'
[0.239s] Level 1:colcon.colcon_core.package_identification:_identify(c_int) by extensions ['colcon_pkg']
[0.239s] Level 1:colcon.colcon_core.package_identification:_identify(c_int) by extension 'colcon_pkg'
[0.239s] Level 1:colcon.colcon_core.package_identification:_identify(c_int) by extensions ['colcon_meta']
[0.239s] Level 1:colcon.colcon_core.package_identification:_identify(c_int) by extension 'colcon_meta'
[0.239s] Level 1:colcon.colcon_core.package_identification:_identify(c_int) by extensions ['ros']
[0.239s] Level 1:colcon.colcon_core.package_identification:_identify(c_int) by extension 'ros'
[0.240s] DEBUG:colcon.colcon_core.package_identification:Package 'c_int' with type 'ros.ament_cmake' and name 'c_int'
[0.240s] Level 1:colcon.colcon_core.package_identification:_identify(c_pckg) by extensions ['ignore', 'ignore_ament_install']
[0.240s] Level 1:colcon.colcon_core.package_identification:_identify(c_pckg) by extension 'ignore'
[0.240s] Level 1:colcon.colcon_core.package_identification:_identify(c_pckg) by extension 'ignore_ament_install'
[0.240s] Level 1:colcon.colcon_core.package_identification:_identify(c_pckg) by extensions ['colcon_pkg']
[0.240s] Level 1:colcon.colcon_core.package_identification:_identify(c_pckg) by extension 'colcon_pkg'
[0.240s] Level 1:colcon.colcon_core.package_identification:_identify(c_pckg) by extensions ['colcon_meta']
[0.240s] Level 1:colcon.colcon_core.package_identification:_identify(c_pckg) by extension 'colcon_meta'
[0.240s] Level 1:colcon.colcon_core.package_identification:_identify(c_pckg) by extensions ['ros']
[0.240s] Level 1:colcon.colcon_core.package_identification:_identify(c_pckg) by extension 'ros'
[0.240s] DEBUG:colcon.colcon_core.package_identification:Package 'c_pckg' with type 'ros.ament_cmake' and name 'c_pckg'
[0.240s] Level 1:colcon.colcon_core.package_identification:_identify(install) by extensions ['ignore', 'ignore_ament_install']
[0.240s] Level 1:colcon.colcon_core.package_identification:_identify(install) by extension 'ignore'
[0.240s] Level 1:colcon.colcon_core.package_identification:_identify(install) ignored
[0.241s] Level 1:colcon.colcon_core.package_identification:_identify(log) by extensions ['ignore', 'ignore_ament_install']
[0.241s] Level 1:colcon.colcon_core.package_identification:_identify(log) by extension 'ignore'
[0.241s] Level 1:colcon.colcon_core.package_identification:_identify(log) ignored
[0.241s] Level 1:colcon.colcon_core.package_identification:_identify(p_int) by extensions ['ignore', 'ignore_ament_install']
[0.241s] Level 1:colcon.colcon_core.package_identification:_identify(p_int) by extension 'ignore'
[0.241s] Level 1:colcon.colcon_core.package_identification:_identify(p_int) by extension 'ignore_ament_install'
[0.241s] Level 1:colcon.colcon_core.package_identification:_identify(p_int) by extensions ['colcon_pkg']
[0.241s] Level 1:colcon.colcon_core.package_identification:_identify(p_int) by extension 'colcon_pkg'
[0.241s] Level 1:colcon.colcon_core.package_identification:_identify(p_int) by extensions ['colcon_meta']
[0.241s] Level 1:colcon.colcon_core.package_identification:_identify(p_int) by extension 'colcon_meta'
[0.241s] Level 1:colcon.colcon_core.package_identification:_identify(p_int) by extensions ['ros']
[0.241s] Level 1:colcon.colcon_core.package_identification:_identify(p_int) by extension 'ros'
[0.241s] DEBUG:colcon.colcon_core.package_identification:Package 'p_int' with type 'ros.ament_python' and name 'p_int'
[0.242s] Level 1:colcon.colcon_core.package_identification:_identify(p_pckg) by extensions ['ignore', 'ignore_ament_install']
[0.242s] Level 1:colcon.colcon_core.package_identification:_identify(p_pckg) by extension 'ignore'
[0.242s] Level 1:colcon.colcon_core.package_identification:_identify(p_pckg) by extension 'ignore_ament_install'
[0.242s] Level 1:colcon.colcon_core.package_identification:_identify(p_pckg) by extensions ['colcon_pkg']
[0.242s] Level 1:colcon.colcon_core.package_identification:_identify(p_pckg) by extension 'colcon_pkg'
[0.242s] Level 1:colcon.colcon_core.package_identification:_identify(p_pckg) by extensions ['colcon_meta']
[0.242s] Level 1:colcon.colcon_core.package_identification:_identify(p_pckg) by extension 'colcon_meta'
[0.242s] Level 1:colcon.colcon_core.package_identification:_identify(p_pckg) by extensions ['ros']
[0.242s] Level 1:colcon.colcon_core.package_identification:_identify(p_pckg) by extension 'ros'
[0.242s] DEBUG:colcon.colcon_core.package_identification:Package 'p_pckg' with type 'ros.ament_python' and name 'p_pckg'
[0.242s] Level 1:colcon.colcon_core.package_discovery:discover_packages(recursive) using defaults
[0.242s] Level 1:colcon.colcon_core.package_discovery:discover_packages(ignore) discover
[0.242s] Level 1:colcon.colcon_core.package_discovery:discover_packages(ignore) using defaults
[0.242s] Level 1:colcon.colcon_core.package_discovery:discover_packages(path) discover
[0.242s] Level 1:colcon.colcon_core.package_discovery:discover_packages(path) using defaults
[0.257s] INFO:colcon.colcon_core.package_selection:Skipping not selected package 'c_int' in 'c_int'
[0.257s] INFO:colcon.colcon_core.package_selection:Skipping not selected package 'c_pckg' in 'c_pckg'
[0.258s] INFO:colcon.colcon_core.package_selection:Skipping not selected package 'p_int' in 'p_int'
[0.258s] INFO:colcon.colcon_core.package_selection:Skipping not selected package 'p_pckg' in 'p_pckg'
[0.258s] Level 1:colcon.colcon_core.package_discovery:discover_packages(prefix_path) check parameters
[0.258s] Level 1:colcon.colcon_core.package_discovery:discover_packages(prefix_path) discover
[0.259s] DEBUG:colcon.colcon_installed_package_information.package_discovery:Found 4 installed packages in /home/daguill/my_ws/install
[0.260s] DEBUG:colcon.colcon_installed_package_information.package_discovery:Found 293 installed packages in /opt/ros/humble
[0.269s] Level 1:colcon.colcon_core.package_discovery:discover_packages(prefix_path) using defaults
[0.303s] Level 5:colcon.colcon_core.verb:set package 'c_arith' build argument 'cmake_args' from command line to 'None'
[0.303s] Level 5:colcon.colcon_core.verb:set package 'c_arith' build argument 'cmake_target' from command line to 'None'
[0.303s] Level 5:colcon.colcon_core.verb:set package 'c_arith' build argument 'cmake_target_skip_unavailable' from command line to 'False'
[0.303s] Level 5:colcon.colcon_core.verb:set package 'c_arith' build argument 'cmake_clean_cache' from command line to 'False'
[0.303s] Level 5:colcon.colcon_core.verb:set package 'c_arith' build argument 'cmake_clean_first' from command line to 'False'
[0.303s] Level 5:colcon.colcon_core.verb:set package 'c_arith' build argument 'cmake_force_configure' from command line to 'False'
[0.303s] Level 5:colcon.colcon_core.verb:set package 'c_arith' build argument 'ament_cmake_args' from command line to 'None'
[0.303s] Level 5:colcon.colcon_core.verb:set package 'c_arith' build argument 'catkin_cmake_args' from command line to 'None'
[0.303s] Level 5:colcon.colcon_core.verb:set package 'c_arith' build argument 'catkin_skip_building_tests' from command line to 'False'
[0.303s] DEBUG:colcon.colcon_core.verb:Building package 'c_arith' with the following arguments: {'ament_cmake_args': None, 'build_base': '/home/daguill/my_ws/src/build/c_arith', 'catkin_cmake_args': None, 'catkin_skip_building_tests': False, 'cmake_args': None, 'cmake_clean_cache': False, 'cmake_clean_first': False, 'cmake_force_configure': False, 'cmake_target': None, 'cmake_target_skip_unavailable': False, 'install_base': '/home/daguill/my_ws/src/install/c_arith', 'merge_install': False, 'path': '/home/daguill/my_ws/src/c_arith', 'symlink_install': False, 'test_result_base': None}
[0.303s] INFO:colcon.colcon_core.executor:Executing jobs using 'parallel' executor
[0.304s] DEBUG:colcon.colcon_parallel_executor.executor.parallel:run_until_complete
[0.304s] INFO:colcon.colcon_ros.task.ament_cmake.build:Building ROS package in '/home/daguill/my_ws/src/c_arith' with build type 'ament_cmake'
[0.304s] INFO:colcon.colcon_cmake.task.cmake.build:Building CMake package in '/home/daguill/my_ws/src/c_arith'
[0.306s] INFO:colcon.colcon_core.plugin_system:Skipping extension 'colcon_core.shell.bat': Not used on non-Windows systems
[0.306s] INFO:colcon.colcon_core.shell:Skip shell extension 'powershell' for command environment: Not usable outside of PowerShell
[0.306s] DEBUG:colcon.colcon_core.shell:Skip shell extension 'dsv' for command environment
[0.312s] DEBUG:colcon.colcon_core.event_handler.log_command:Invoking command in '/home/daguill/my_ws/src/build/c_arith': CMAKE_PREFIX_PATH=${CMAKE_PREFIX_PATH}:/home/daguill/my_ws/install/p_int:/home/daguill/my_ws/install/p_pckg:/opt/ros/humble /usr/bin/cmake /home/daguill/my_ws/src/c_arith -DCMAKE_INSTALL_PREFIX=/home/daguill/my_ws/src/install/c_arith
[1.998s] DEBUG:colcon.colcon_core.event_handler.log_command:Invoked command in '/home/daguill/my_ws/src/build/c_arith' returned '0': CMAKE_PREFIX_PATH=${CMAKE_PREFIX_PATH}:/home/daguill/my_ws/install/p_int:/home/daguill/my_ws/install/p_pckg:/opt/ros/humble /usr/bin/cmake /home/daguill/my_ws/src/c_arith -DCMAKE_INSTALL_PREFIX=/home/daguill/my_ws/src/install/c_arith
[2.000s] DEBUG:colcon.colcon_core.event_handler.log_command:Invoking command in '/home/daguill/my_ws/src/build/c_arith': CMAKE_PREFIX_PATH=${CMAKE_PREFIX_PATH}:/home/daguill/my_ws/install/p_int:/home/daguill/my_ws/install/p_pckg:/opt/ros/humble /usr/bin/cmake --build /home/daguill/my_ws/src/build/c_arith -- -j12 -l12
[4.446s] DEBUG:colcon.colcon_core.event_handler.log_command:Invoked command in '/home/daguill/my_ws/src/build/c_arith' returned '2': CMAKE_PREFIX_PATH=${CMAKE_PREFIX_PATH}:/home/daguill/my_ws/install/p_int:/home/daguill/my_ws/install/p_pckg:/opt/ros/humble /usr/bin/cmake --build /home/daguill/my_ws/src/build/c_arith -- -j12 -l12
[4.462s] Level 1:colcon.colcon_core.environment:create_environment_scripts_only(c_arith)
[4.464s] Level 1:colcon.colcon_core.environment:checking '/home/daguill/my_ws/src/install/c_arith' for CMake module files
[4.465s] Level 1:colcon.colcon_core.environment:checking '/home/daguill/my_ws/src/install/c_arith' for CMake config files
[4.465s] Level 1:colcon.colcon_core.environment:checking '/home/daguill/my_ws/src/install/c_arith/bin'
[4.465s] Level 1:colcon.colcon_core.environment:checking '/home/daguill/my_ws/src/install/c_arith/lib/pkgconfig/c_arith.pc'
[4.465s] Level 1:colcon.colcon_core.environment:checking '/home/daguill/my_ws/src/install/c_arith/lib/python3.10/site-packages'
[4.465s] Level 1:colcon.colcon_core.environment:checking '/home/daguill/my_ws/src/install/c_arith/bin'
[4.466s] INFO:colcon.colcon_core.shell:Creating package script '/home/daguill/my_ws/src/install/c_arith/share/c_arith/package.ps1'
[4.466s] INFO:colcon.colcon_core.shell:Creating package descriptor '/home/daguill/my_ws/src/install/c_arith/share/c_arith/package.dsv'
[4.467s] INFO:colcon.colcon_core.shell:Creating package script '/home/daguill/my_ws/src/install/c_arith/share/c_arith/package.sh'
[4.467s] INFO:colcon.colcon_core.shell:Creating package script '/home/daguill/my_ws/src/install/c_arith/share/c_arith/package.bash'
[4.468s] INFO:colcon.colcon_core.shell:Creating package script '/home/daguill/my_ws/src/install/c_arith/share/c_arith/package.zsh'
[4.468s] Level 1:colcon.colcon_core.environment:create_file_with_runtime_dependencies(/home/daguill/my_ws/src/install/c_arith/share/colcon-core/packages/c_arith)
[4.479s] DEBUG:colcon.colcon_parallel_executor.executor.parallel:closing loop
[4.479s] DEBUG:colcon.colcon_parallel_executor.executor.parallel:loop closed
[4.479s] DEBUG:colcon.colcon_parallel_executor.executor.parallel:run_until_complete finished with '2'
[4.479s] DEBUG:colcon.colcon_core.event_reactor:joining thread
[4.483s] INFO:colcon.colcon_core.plugin_system:Skipping extension 'colcon_notification.desktop_notification.terminal_notifier': Not used on non-Darwin systems
[4.484s] INFO:colcon.colcon_core.plugin_system:Skipping extension 'colcon_notification.desktop_notification.win32': Not used on non-Windows systems
[4.484s] INFO:colcon.colcon_notification.desktop_notification:Sending desktop notification using 'notify2'
[4.493s] DEBUG:colcon.colcon_core.event_reactor:joined thread
[4.493s] INFO:colcon.colcon_core.shell:Creating prefix script '/home/daguill/my_ws/src/install/local_setup.ps1'
[4.494s] INFO:colcon.colcon_core.shell:Creating prefix util module '/home/daguill/my_ws/src/install/_local_setup_util_ps1.py'
[4.495s] INFO:colcon.colcon_core.shell:Creating prefix chain script '/home/daguill/my_ws/src/install/setup.ps1'
[4.496s] INFO:colcon.colcon_core.shell:Creating prefix script '/home/daguill/my_ws/src/install/local_setup.sh'
[4.496s] INFO:colcon.colcon_core.shell:Creating prefix util module '/home/daguill/my_ws/src/install/_local_setup_util_sh.py'
[4.497s] INFO:colcon.colcon_core.shell:Creating prefix chain script '/home/daguill/my_ws/src/install/setup.sh'
[4.498s] INFO:colcon.colcon_core.shell:Creating prefix script '/home/daguill/my_ws/src/install/local_setup.bash'
[4.499s] INFO:colcon.colcon_core.shell:Creating prefix chain script '/home/daguill/my_ws/src/install/setup.bash'
[4.500s] INFO:colcon.colcon_core.shell:Creating prefix script '/home/daguill/my_ws/src/install/local_setup.zsh'
[4.500s] INFO:colcon.colcon_core.shell:Creating prefix chain script '/home/daguill/my_ws/src/install/setup.zsh'
