[0.017s] Invoking command in '/home/daguill/my_ws/build/c_pckg': CMAKE_PREFIX_PATH=${CMAKE_PREFIX_PATH}:/opt/ros/humble /usr/bin/cmake --build /home/daguill/my_ws/build/c_pckg -- -j12 -l12
[0.087s] [35m[1mConsolidate compiler generated dependencies of target listener[0m
[0.117s] [ 50%] [32mBuilding CXX object CMakeFiles/talker.dir/src/publisher_member_function.cpp.o[0m
[0.118s] [ 50%] [32mBuilding CXX object CMakeFiles/listener.dir/src/subscriber_member_function.cpp.o[0m
[7.925s] [ 75%] [32m[1mLinking CXX executable talker[0m
[8.093s] [ 75%] Built target talker
[10.819s] [100%] [32m[1mLinking CXX executable listener[0m
[11.088s] [100%] Built target listener
[11.095s] Invoked command in '/home/daguill/my_ws/build/c_pckg' returned '0': CMAKE_PREFIX_PATH=${CMAKE_PREFIX_PATH}:/opt/ros/humble /usr/bin/cmake --build /home/daguill/my_ws/build/c_pckg -- -j12 -l12
[11.121s] Invoking command in '/home/daguill/my_ws/build/c_pckg': CMAKE_PREFIX_PATH=${CMAKE_PREFIX_PATH}:/opt/ros/humble /usr/bin/cmake --install /home/daguill/my_ws/build/c_pckg
[11.127s] -- Install configuration: ""
[11.128s] -- Installing: /home/daguill/my_ws/install/c_pckg/lib/c_pckg/talker
[11.128s] -- Set runtime path of "/home/daguill/my_ws/install/c_pckg/lib/c_pckg/talker" to ""
[11.129s] -- Installing: /home/daguill/my_ws/install/c_pckg/lib/c_pckg/listener
[11.131s] -- Set runtime path of "/home/daguill/my_ws/install/c_pckg/lib/c_pckg/listener" to ""
[11.131s] -- Up-to-date: /home/daguill/my_ws/install/c_pckg/share/ament_index/resource_index/package_run_dependencies/c_pckg
[11.131s] -- Up-to-date: /home/daguill/my_ws/install/c_pckg/share/ament_index/resource_index/parent_prefix_path/c_pckg
[11.132s] -- Up-to-date: /home/daguill/my_ws/install/c_pckg/share/c_pckg/environment/ament_prefix_path.sh
[11.132s] -- Up-to-date: /home/daguill/my_ws/install/c_pckg/share/c_pckg/environment/ament_prefix_path.dsv
[11.132s] -- Up-to-date: /home/daguill/my_ws/install/c_pckg/share/c_pckg/environment/path.sh
[11.132s] -- Up-to-date: /home/daguill/my_ws/install/c_pckg/share/c_pckg/environment/path.dsv
[11.132s] -- Up-to-date: /home/daguill/my_ws/install/c_pckg/share/c_pckg/local_setup.bash
[11.132s] -- Up-to-date: /home/daguill/my_ws/install/c_pckg/share/c_pckg/local_setup.sh
[11.132s] -- Up-to-date: /home/daguill/my_ws/install/c_pckg/share/c_pckg/local_setup.zsh
[11.132s] -- Up-to-date: /home/daguill/my_ws/install/c_pckg/share/c_pckg/local_setup.dsv
[11.132s] -- Installing: /home/daguill/my_ws/install/c_pckg/share/c_pckg/package.dsv
[11.132s] -- Up-to-date: /home/daguill/my_ws/install/c_pckg/share/ament_index/resource_index/packages/c_pckg
[11.132s] -- Up-to-date: /home/daguill/my_ws/install/c_pckg/share/c_pckg/cmake/c_pckgConfig.cmake
[11.132s] -- Up-to-date: /home/daguill/my_ws/install/c_pckg/share/c_pckg/cmake/c_pckgConfig-version.cmake
[11.132s] -- Up-to-date: /home/daguill/my_ws/install/c_pckg/share/c_pckg/package.xml
[11.133s] Invoked command in '/home/daguill/my_ws/build/c_pckg' returned '0': CMAKE_PREFIX_PATH=${CMAKE_PREFIX_PATH}:/opt/ros/humble /usr/bin/cmake --install /home/daguill/my_ws/build/c_pckg
