[ 66%] [32mBuilding CXX object CMakeFiles/listener.dir/src/subscriber_member_function.cpp.o[0m
[ 83%] Built target talker
[ 83%] Built target tranceiver
[100%] [32m[1mLinking CXX executable listener[0m
[100%] Built target listener
-- Install configuration: ""
-- Up-to-date: /home/daguill/my_ws/install/c_pckg/lib/c_pckg/talker
-- Installing: /home/daguill/my_ws/install/c_pckg/lib/c_pckg/listener
-- Set runtime path of "/home/daguill/my_ws/install/c_pckg/lib/c_pckg/listener" to ""
-- Up-to-date: /home/daguill/my_ws/install/c_pckg/lib/c_pckg/tranceiver
-- Up-to-date: /home/daguill/my_ws/install/c_pckg/share/ament_index/resource_index/package_run_dependencies/c_pckg
-- Up-to-date: /home/daguill/my_ws/install/c_pckg/share/ament_index/resource_index/parent_prefix_path/c_pckg
-- Up-to-date: /home/daguill/my_ws/install/c_pckg/share/c_pckg/environment/ament_prefix_path.sh
-- Up-to-date: /home/daguill/my_ws/install/c_pckg/share/c_pckg/environment/ament_prefix_path.dsv
-- Up-to-date: /home/daguill/my_ws/install/c_pckg/share/c_pckg/environment/path.sh
-- Up-to-date: /home/daguill/my_ws/install/c_pckg/share/c_pckg/environment/path.dsv
-- Up-to-date: /home/daguill/my_ws/install/c_pckg/share/c_pckg/local_setup.bash
-- Up-to-date: /home/daguill/my_ws/install/c_pckg/share/c_pckg/local_setup.sh
-- Up-to-date: /home/daguill/my_ws/install/c_pckg/share/c_pckg/local_setup.zsh
-- Up-to-date: /home/daguill/my_ws/install/c_pckg/share/c_pckg/local_setup.dsv
-- Up-to-date: /home/daguill/my_ws/install/c_pckg/share/c_pckg/package.dsv
-- Up-to-date: /home/daguill/my_ws/install/c_pckg/share/ament_index/resource_index/packages/c_pckg
-- Up-to-date: /home/daguill/my_ws/install/c_pckg/share/c_pckg/cmake/c_pckgConfig.cmake
-- Up-to-date: /home/daguill/my_ws/install/c_pckg/share/c_pckg/cmake/c_pckgConfig-version.cmake
-- Up-to-date: /home/daguill/my_ws/install/c_pckg/share/c_pckg/package.xml
