[0.012s] Invoking command in '/home/daguill/ros2_humble/adv_ws/src/build/my_interface': CMAKE_PREFIX_PATH=${CMAKE_PREFIX_PATH}:/opt/ros/humble /usr/bin/cmake /home/daguill/ros2_humble/adv_ws/src/interface -DCMAKE_INSTALL_PREFIX=/home/daguill/ros2_humble/adv_ws/src/install/my_interface
[0.055s] -- The C compiler identification is GNU 11.4.0
[0.098s] -- The CXX compiler identification is GNU 11.4.0
[0.104s] -- Detecting C compiler ABI info
[0.154s] -- Detecting C compiler ABI info - done
[0.163s] -- Check for working C compiler: /usr/bin/cc - skipped
[0.163s] -- Detecting C compile features
[0.163s] -- Detecting C compile features - done
[0.166s] -- Detecting CXX compiler ABI info
[0.223s] -- Detecting CXX compiler ABI info - done
[0.230s] -- Check for working CXX compiler: /usr/bin/c++ - skipped
[0.231s] -- Detecting CXX compile features
[0.231s] -- Detecting CXX compile features - done
[0.233s] -- Found ament_cmake: 1.3.10 (/opt/ros/humble/share/ament_cmake/cmake)
[0.352s] -- Found Python3: /usr/bin/python3 (found version "3.10.12") found components: Interpreter 
[0.424s] -- Found geometry_msgs: 4.2.4 (/opt/ros/humble/share/geometry_msgs/cmake)
[0.453s] -- Found rosidl_generator_c: 3.1.5 (/opt/ros/humble/share/rosidl_generator_c/cmake)
[0.457s] -- Found rosidl_adapter: 3.1.5 (/opt/ros/humble/share/rosidl_adapter/cmake)
[0.464s] -- Found rosidl_generator_cpp: 3.1.5 (/opt/ros/humble/share/rosidl_generator_cpp/cmake)
[0.477s] -- Using all available rosidl_typesupport_c: rosidl_typesupport_fastrtps_c;rosidl_typesupport_introspection_c
[0.490s] -- Using all available rosidl_typesupport_cpp: rosidl_typesupport_fastrtps_cpp;rosidl_typesupport_introspection_cpp
[0.525s] -- Found rosidl_default_generators: 1.2.0 (/opt/ros/humble/share/rosidl_default_generators/cmake)
[0.533s] -- Found ament_lint_auto: 0.12.11 (/opt/ros/humble/share/ament_lint_auto/cmake)
[0.774s] -- Found ament_cmake_ros: 0.10.0 (/opt/ros/humble/share/ament_cmake_ros/cmake)
[1.099s] -- Using all available rosidl_typesupport_c: rosidl_typesupport_fastrtps_c;rosidl_typesupport_introspection_c
[1.226s] -- Using all available rosidl_typesupport_cpp: rosidl_typesupport_fastrtps_cpp;rosidl_typesupport_introspection_cpp
[1.244s] -- Found PythonInterp: /usr/bin/python3 (found suitable version "3.10.12", minimum required is "3.6") 
[1.245s] -- Found python_cmake_module: 0.10.0 (/opt/ros/humble/share/python_cmake_module/cmake)
[1.266s] -- Found PythonLibs: /usr/lib/x86_64-linux-gnu/libpython3.10.so (found suitable version "3.10.12", minimum required is "3.5") 
[1.266s] -- Using PYTHON_EXECUTABLE: /usr/bin/python3
[1.266s] -- Using PYTHON_INCLUDE_DIRS: /usr/include/python3.10
[1.266s] -- Using PYTHON_LIBRARIES: /usr/lib/x86_64-linux-gnu/libpython3.10.so
[1.283s] -- Found PythonExtra: .so  
[1.332s] -- Added test 'lint_cmake' to check CMake code style
[1.333s] -- Added test 'xmllint' to check XML markup files
[1.337s] -- Configuring done
[1.365s] -- Generating done
[1.367s] -- Build files have been written to: /home/daguill/ros2_humble/adv_ws/src/build/my_interface
[1.374s] Invoked command in '/home/daguill/ros2_humble/adv_ws/src/build/my_interface' returned '0': CMAKE_PREFIX_PATH=${CMAKE_PREFIX_PATH}:/opt/ros/humble /usr/bin/cmake /home/daguill/ros2_humble/adv_ws/src/interface -DCMAKE_INSTALL_PREFIX=/home/daguill/ros2_humble/adv_ws/src/install/my_interface
[1.375s] Invoking command in '/home/daguill/ros2_humble/adv_ws/src/build/my_interface': CMAKE_PREFIX_PATH=${CMAKE_PREFIX_PATH}:/opt/ros/humble /usr/bin/cmake --build /home/daguill/ros2_humble/adv_ws/src/build/my_interface -- -j12 -l12
[1.402s] [  2%] [34m[1mGenerating C code for ROS interfaces[0m
[1.409s] [  4%] [34m[1mGenerating C++ code for ROS interfaces[0m
[1.415s] [  4%] Built target ament_cmake_python_copy_my_interface
[1.660s] running egg_info
[1.661s] creating my_interface.egg-info
[1.661s] writing my_interface.egg-info/PKG-INFO
[1.661s] writing dependency_links to my_interface.egg-info/dependency_links.txt
[1.661s] writing top-level names to my_interface.egg-info/top_level.txt
[1.661s] writing manifest file 'my_interface.egg-info/SOURCES.txt'
[1.663s] reading manifest file 'my_interface.egg-info/SOURCES.txt'
[1.663s] writing manifest file 'my_interface.egg-info/SOURCES.txt'
[1.682s] [  4%] Built target ament_cmake_python_build_my_interface_egg
[1.838s] [  4%] Built target my_interface__cpp
[1.847s] [  6%] [32mBuilding C object CMakeFiles/my_interface__rosidl_generator_c.dir/rosidl_generator_c/my_interface/msg/detail/num__functions.c.o[0m
[1.847s] [  8%] [32mBuilding C object CMakeFiles/my_interface__rosidl_generator_c.dir/rosidl_generator_c/my_interface/srv/detail/add_three_ints__functions.c.o[0m
[1.848s] [ 10%] [32mBuilding C object CMakeFiles/my_interface__rosidl_generator_c.dir/rosidl_generator_c/my_interface/msg/detail/sphere__functions.c.o[0m
[1.861s] [ 14%] [34m[1mGenerating C++ type support dispatch for ROS interfaces[0m
[1.862s] [ 14%] [34m[1mGenerating C++ type support for eProsima Fast-RTPS[0m
[1.863s] [ 17%] [34m[1mGenerating C++ introspection for ROS interfaces[0m
[1.918s] [ 19%] [32m[1mLinking C shared library libmy_interface__rosidl_generator_c.so[0m
[1.967s] [ 19%] Built target my_interface__rosidl_generator_c
[1.978s] [ 25%] [34m[1mGenerating C type support for eProsima Fast-RTPS[0m
[1.979s] [ 25%] [34m[1mGenerating C type support dispatch for ROS interfaces[0m
[1.979s] [ 25%] [34m[1mGenerating C introspection for ROS interfaces[0m
[2.263s] [ 27%] [32mBuilding CXX object CMakeFiles/my_interface__rosidl_typesupport_cpp.dir/rosidl_typesupport_cpp/my_interface/msg/num__type_support.cpp.o[0m
[2.266s] [ 29%] [32mBuilding CXX object CMakeFiles/my_interface__rosidl_typesupport_cpp.dir/rosidl_typesupport_cpp/my_interface/msg/sphere__type_support.cpp.o[0m
[2.266s] [ 31%] [32mBuilding CXX object CMakeFiles/my_interface__rosidl_typesupport_cpp.dir/rosidl_typesupport_cpp/my_interface/srv/add_three_ints__type_support.cpp.o[0m
[2.402s] [ 34%] [32mBuilding CXX object CMakeFiles/my_interface__rosidl_typesupport_introspection_cpp.dir/rosidl_typesupport_introspection_cpp/my_interface/msg/detail/num__type_support.cpp.o[0m
[2.409s] [ 38%] [32mBuilding CXX object CMakeFiles/my_interface__rosidl_typesupport_introspection_cpp.dir/rosidl_typesupport_introspection_cpp/my_interface/srv/detail/add_three_ints__type_support.cpp.o[0m
[2.410s] [ 38%] [32mBuilding CXX object CMakeFiles/my_interface__rosidl_typesupport_introspection_cpp.dir/rosidl_typesupport_introspection_cpp/my_interface/msg/detail/sphere__type_support.cpp.o[0m
[2.418s] [ 40%] [32mBuilding CXX object CMakeFiles/my_interface__rosidl_typesupport_c.dir/rosidl_typesupport_c/my_interface/srv/add_three_ints__type_support.cpp.o[0m
[2.421s] [ 42%] [32mBuilding CXX object CMakeFiles/my_interface__rosidl_typesupport_c.dir/rosidl_typesupport_c/my_interface/msg/sphere__type_support.cpp.o[0m
[2.424s] [ 44%] [32mBuilding CXX object CMakeFiles/my_interface__rosidl_typesupport_c.dir/rosidl_typesupport_c/my_interface/msg/num__type_support.cpp.o[0m
[2.439s] [ 46%] [32mBuilding CXX object CMakeFiles/my_interface__rosidl_typesupport_fastrtps_cpp.dir/rosidl_typesupport_fastrtps_cpp/my_interface/msg/detail/dds_fastrtps/num__type_support.cpp.o[0m
[2.486s] [ 51%] [32mBuilding CXX object CMakeFiles/my_interface__rosidl_typesupport_fastrtps_cpp.dir/rosidl_typesupport_fastrtps_cpp/my_interface/msg/detail/dds_fastrtps/sphere__type_support.cpp.o[0m
[2.486s] [ 51%] [32mBuilding CXX object CMakeFiles/my_interface__rosidl_typesupport_fastrtps_cpp.dir/rosidl_typesupport_fastrtps_cpp/my_interface/srv/detail/dds_fastrtps/add_three_ints__type_support.cpp.o[0m
[2.489s] [ 53%] [32m[1mLinking CXX shared library libmy_interface__rosidl_typesupport_c.so[0m
[2.588s] [ 53%] Built target my_interface__rosidl_typesupport_c
[2.641s] [ 55%] [32mBuilding CXX object CMakeFiles/my_interface__rosidl_typesupport_fastrtps_c.dir/rosidl_typesupport_fastrtps_c/my_interface/msg/detail/num__type_support_c.cpp.o[0m
[2.647s] [ 57%] [32mBuilding CXX object CMakeFiles/my_interface__rosidl_typesupport_fastrtps_c.dir/rosidl_typesupport_fastrtps_c/my_interface/msg/detail/sphere__type_support_c.cpp.o[0m
[2.712s] [ 59%] [32mBuilding C object CMakeFiles/my_interface__rosidl_typesupport_introspection_c.dir/rosidl_typesupport_introspection_c/my_interface/msg/detail/num__type_support.c.o[0m
[2.782s] [ 61%] [32mBuilding C object CMakeFiles/my_interface__rosidl_typesupport_introspection_c.dir/rosidl_typesupport_introspection_c/my_interface/msg/detail/sphere__type_support.c.o[0m
[2.857s] [ 63%] [32mBuilding C object CMakeFiles/my_interface__rosidl_typesupport_introspection_c.dir/rosidl_typesupport_introspection_c/my_interface/srv/detail/add_three_ints__type_support.c.o[0m
[2.919s] [ 65%] [32mBuilding CXX object CMakeFiles/my_interface__rosidl_typesupport_fastrtps_c.dir/rosidl_typesupport_fastrtps_c/my_interface/srv/detail/add_three_ints__type_support_c.cpp.o[0m
[2.921s] [ 68%] [32m[1mLinking CXX shared library libmy_interface__rosidl_typesupport_cpp.so[0m
[2.942s] [ 70%] [32m[1mLinking C shared library libmy_interface__rosidl_typesupport_introspection_c.so[0m
[3.010s] [ 70%] Built target my_interface__rosidl_typesupport_introspection_c
[3.010s] [ 70%] Built target my_interface__rosidl_typesupport_cpp
[3.337s] [ 72%] [32m[1mLinking CXX shared library libmy_interface__rosidl_typesupport_introspection_cpp.so[0m
[3.372s] [ 74%] [32m[1mLinking CXX shared library libmy_interface__rosidl_typesupport_fastrtps_cpp.so[0m
[3.392s] [ 74%] Built target my_interface__rosidl_typesupport_introspection_cpp
[3.429s] [ 74%] Built target my_interface__rosidl_typesupport_fastrtps_cpp
[3.467s] [ 76%] [32m[1mLinking CXX shared library libmy_interface__rosidl_typesupport_fastrtps_c.so[0m
[3.519s] [ 76%] Built target my_interface__rosidl_typesupport_fastrtps_c
[3.533s] [ 76%] Built target my_interface
[3.548s] [ 78%] [34m[1mGenerating Python code for ROS interfaces[0m
[3.977s] [ 78%] Built target my_interface__py
[3.992s] [ 85%] [32mBuilding C object CMakeFiles/my_interface__rosidl_generator_py.dir/rosidl_generator_py/my_interface/msg/_sphere_s.c.o[0m
[3.992s] [ 85%] [32mBuilding C object CMakeFiles/my_interface__rosidl_generator_py.dir/rosidl_generator_py/my_interface/msg/_num_s.c.o[0m
[3.992s] [ 85%] [32mBuilding C object CMakeFiles/my_interface__rosidl_generator_py.dir/rosidl_generator_py/my_interface/srv/_add_three_ints_s.c.o[0m
[4.079s] [ 87%] [32m[1mLinking C shared library rosidl_generator_py/my_interface/libmy_interface__rosidl_generator_py.so[0m
[4.109s] [ 87%] Built target my_interface__rosidl_generator_py
[4.123s] [ 93%] [32mBuilding C object CMakeFiles/my_interface__rosidl_typesupport_introspection_c__pyext.dir/rosidl_generator_py/my_interface/_my_interface_s.ep.rosidl_typesupport_introspection_c.c.o[0m
[4.124s] [ 93%] [32mBuilding C object CMakeFiles/my_interface__rosidl_typesupport_fastrtps_c__pyext.dir/rosidl_generator_py/my_interface/_my_interface_s.ep.rosidl_typesupport_fastrtps_c.c.o[0m
[4.124s] [ 93%] [32mBuilding C object CMakeFiles/my_interface__rosidl_typesupport_c__pyext.dir/rosidl_generator_py/my_interface/_my_interface_s.ep.rosidl_typesupport_c.c.o[0m
[4.207s] [ 95%] [32m[1mLinking C shared library rosidl_generator_py/my_interface/my_interface_s__rosidl_typesupport_c.cpython-310-x86_64-linux-gnu.so[0m
[4.207s] [ 97%] [32m[1mLinking C shared library rosidl_generator_py/my_interface/my_interface_s__rosidl_typesupport_fastrtps_c.cpython-310-x86_64-linux-gnu.so[0m
[4.210s] [100%] [32m[1mLinking C shared library rosidl_generator_py/my_interface/my_interface_s__rosidl_typesupport_introspection_c.cpython-310-x86_64-linux-gnu.so[0m
[4.238s] [100%] Built target my_interface__rosidl_typesupport_c__pyext
[4.238s] [100%] Built target my_interface__rosidl_typesupport_fastrtps_c__pyext
[4.248s] [100%] Built target my_interface__rosidl_typesupport_introspection_c__pyext
[4.265s] Invoked command in '/home/daguill/ros2_humble/adv_ws/src/build/my_interface' returned '0': CMAKE_PREFIX_PATH=${CMAKE_PREFIX_PATH}:/opt/ros/humble /usr/bin/cmake --build /home/daguill/ros2_humble/adv_ws/src/build/my_interface -- -j12 -l12
[4.404s] Invoking command in '/home/daguill/ros2_humble/adv_ws/src/build/my_interface': CMAKE_PREFIX_PATH=${CMAKE_PREFIX_PATH}:/opt/ros/humble /usr/bin/cmake --install /home/daguill/ros2_humble/adv_ws/src/build/my_interface
[4.418s] -- Install configuration: ""
[4.418s] -- Installing: /home/daguill/ros2_humble/adv_ws/src/install/my_interface/share/ament_index/resource_index/rosidl_interfaces/my_interface
[4.418s] -- Installing: /home/daguill/ros2_humble/adv_ws/src/install/my_interface/include/my_interface/my_interface
[4.419s] -- Installing: /home/daguill/ros2_humble/adv_ws/src/install/my_interface/include/my_interface/my_interface/srv
[4.419s] -- Installing: /home/daguill/ros2_humble/adv_ws/src/install/my_interface/include/my_interface/my_interface/srv/detail
[4.419s] -- Installing: /home/daguill/ros2_humble/adv_ws/src/install/my_interface/include/my_interface/my_interface/srv/detail/add_three_ints__type_support.h
[4.419s] -- Installing: /home/daguill/ros2_humble/adv_ws/src/install/my_interface/include/my_interface/my_interface/srv/detail/add_three_ints__struct.h
[4.420s] -- Installing: /home/daguill/ros2_humble/adv_ws/src/install/my_interface/include/my_interface/my_interface/srv/detail/add_three_ints__functions.h
[4.420s] -- Installing: /home/daguill/ros2_humble/adv_ws/src/install/my_interface/include/my_interface/my_interface/srv/detail/add_three_ints__functions.c
[4.420s] -- Installing: /home/daguill/ros2_humble/adv_ws/src/install/my_interface/include/my_interface/my_interface/srv/add_three_ints.h
[4.420s] -- Installing: /home/daguill/ros2_humble/adv_ws/src/install/my_interface/include/my_interface/my_interface/msg
[4.421s] -- Installing: /home/daguill/ros2_humble/adv_ws/src/install/my_interface/include/my_interface/my_interface/msg/detail
[4.421s] -- Installing: /home/daguill/ros2_humble/adv_ws/src/install/my_interface/include/my_interface/my_interface/msg/detail/sphere__struct.h
[4.421s] -- Installing: /home/daguill/ros2_humble/adv_ws/src/install/my_interface/include/my_interface/my_interface/msg/detail/sphere__type_support.h
[4.421s] -- Installing: /home/daguill/ros2_humble/adv_ws/src/install/my_interface/include/my_interface/my_interface/msg/detail/sphere__functions.h
[4.421s] -- Installing: /home/daguill/ros2_humble/adv_ws/src/install/my_interface/include/my_interface/my_interface/msg/detail/num__functions.c
[4.422s] -- Installing: /home/daguill/ros2_humble/adv_ws/src/install/my_interface/include/my_interface/my_interface/msg/detail/num__type_support.h
[4.422s] -- Installing: /home/daguill/ros2_humble/adv_ws/src/install/my_interface/include/my_interface/my_interface/msg/detail/num__struct.h
[4.422s] -- Installing: /home/daguill/ros2_humble/adv_ws/src/install/my_interface/include/my_interface/my_interface/msg/detail/sphere__functions.c
[4.422s] -- Installing: /home/daguill/ros2_humble/adv_ws/src/install/my_interface/include/my_interface/my_interface/msg/detail/num__functions.h
[4.422s] -- Installing: /home/daguill/ros2_humble/adv_ws/src/install/my_interface/include/my_interface/my_interface/msg/num.h
[4.422s] -- Installing: /home/daguill/ros2_humble/adv_ws/src/install/my_interface/include/my_interface/my_interface/msg/sphere.h
[4.423s] -- Installing: /home/daguill/ros2_humble/adv_ws/src/install/my_interface/include/my_interface/my_interface/msg/rosidl_generator_c__visibility_control.h
[4.423s] -- Installing: /home/daguill/ros2_humble/adv_ws/src/install/my_interface/share/my_interface/environment/library_path.sh
[4.423s] -- Installing: /home/daguill/ros2_humble/adv_ws/src/install/my_interface/share/my_interface/environment/library_path.dsv
[4.423s] -- Installing: /home/daguill/ros2_humble/adv_ws/src/install/my_interface/lib/libmy_interface__rosidl_generator_c.so
[4.424s] -- Set runtime path of "/home/daguill/ros2_humble/adv_ws/src/install/my_interface/lib/libmy_interface__rosidl_generator_c.so" to ""
[4.424s] -- Up-to-date: /home/daguill/ros2_humble/adv_ws/src/install/my_interface/include/my_interface/my_interface
[4.424s] -- Up-to-date: /home/daguill/ros2_humble/adv_ws/src/install/my_interface/include/my_interface/my_interface/srv
[4.424s] -- Up-to-date: /home/daguill/ros2_humble/adv_ws/src/install/my_interface/include/my_interface/my_interface/srv/detail
[4.425s] -- Installing: /home/daguill/ros2_humble/adv_ws/src/install/my_interface/include/my_interface/my_interface/srv/detail/add_three_ints__rosidl_typesupport_fastrtps_c.h
[4.425s] -- Up-to-date: /home/daguill/ros2_humble/adv_ws/src/install/my_interface/include/my_interface/my_interface/msg
[4.425s] -- Up-to-date: /home/daguill/ros2_humble/adv_ws/src/install/my_interface/include/my_interface/my_interface/msg/detail
[4.425s] -- Installing: /home/daguill/ros2_humble/adv_ws/src/install/my_interface/include/my_interface/my_interface/msg/detail/sphere__rosidl_typesupport_fastrtps_c.h
[4.425s] -- Installing: /home/daguill/ros2_humble/adv_ws/src/install/my_interface/include/my_interface/my_interface/msg/detail/num__rosidl_typesupport_fastrtps_c.h
[4.425s] -- Installing: /home/daguill/ros2_humble/adv_ws/src/install/my_interface/include/my_interface/my_interface/msg/rosidl_typesupport_fastrtps_c__visibility_control.h
[4.426s] -- Installing: /home/daguill/ros2_humble/adv_ws/src/install/my_interface/lib/libmy_interface__rosidl_typesupport_fastrtps_c.so
[4.426s] -- Set runtime path of "/home/daguill/ros2_humble/adv_ws/src/install/my_interface/lib/libmy_interface__rosidl_typesupport_fastrtps_c.so" to ""
[4.426s] -- Up-to-date: /home/daguill/ros2_humble/adv_ws/src/install/my_interface/include/my_interface/my_interface
[4.426s] -- Up-to-date: /home/daguill/ros2_humble/adv_ws/src/install/my_interface/include/my_interface/my_interface/srv
[4.426s] -- Up-to-date: /home/daguill/ros2_humble/adv_ws/src/install/my_interface/include/my_interface/my_interface/srv/detail
[4.427s] -- Installing: /home/daguill/ros2_humble/adv_ws/src/install/my_interface/include/my_interface/my_interface/srv/detail/add_three_ints__builder.hpp
[4.427s] -- Installing: /home/daguill/ros2_humble/adv_ws/src/install/my_interface/include/my_interface/my_interface/srv/detail/add_three_ints__traits.hpp
[4.427s] -- Installing: /home/daguill/ros2_humble/adv_ws/src/install/my_interface/include/my_interface/my_interface/srv/detail/add_three_ints__struct.hpp
[4.427s] -- Installing: /home/daguill/ros2_humble/adv_ws/src/install/my_interface/include/my_interface/my_interface/srv/add_three_ints.hpp
[4.427s] -- Up-to-date: /home/daguill/ros2_humble/adv_ws/src/install/my_interface/include/my_interface/my_interface/msg
[4.428s] -- Up-to-date: /home/daguill/ros2_humble/adv_ws/src/install/my_interface/include/my_interface/my_interface/msg/detail
[4.428s] -- Installing: /home/daguill/ros2_humble/adv_ws/src/install/my_interface/include/my_interface/my_interface/msg/detail/num__traits.hpp
[4.428s] -- Installing: /home/daguill/ros2_humble/adv_ws/src/install/my_interface/include/my_interface/my_interface/msg/detail/num__struct.hpp
[4.428s] -- Installing: /home/daguill/ros2_humble/adv_ws/src/install/my_interface/include/my_interface/my_interface/msg/detail/sphere__struct.hpp
[4.428s] -- Installing: /home/daguill/ros2_humble/adv_ws/src/install/my_interface/include/my_interface/my_interface/msg/detail/sphere__traits.hpp
[4.429s] -- Installing: /home/daguill/ros2_humble/adv_ws/src/install/my_interface/include/my_interface/my_interface/msg/detail/num__builder.hpp
[4.429s] -- Installing: /home/daguill/ros2_humble/adv_ws/src/install/my_interface/include/my_interface/my_interface/msg/detail/sphere__builder.hpp
[4.429s] -- Installing: /home/daguill/ros2_humble/adv_ws/src/install/my_interface/include/my_interface/my_interface/msg/sphere.hpp
[4.429s] -- Installing: /home/daguill/ros2_humble/adv_ws/src/install/my_interface/include/my_interface/my_interface/msg/num.hpp
[4.429s] -- Up-to-date: /home/daguill/ros2_humble/adv_ws/src/install/my_interface/include/my_interface/my_interface
[4.429s] -- Up-to-date: /home/daguill/ros2_humble/adv_ws/src/install/my_interface/include/my_interface/my_interface/srv
[4.429s] -- Up-to-date: /home/daguill/ros2_humble/adv_ws/src/install/my_interface/include/my_interface/my_interface/srv/detail
[4.429s] -- Installing: /home/daguill/ros2_humble/adv_ws/src/install/my_interface/include/my_interface/my_interface/srv/detail/dds_fastrtps
[4.430s] -- Installing: /home/daguill/ros2_humble/adv_ws/src/install/my_interface/include/my_interface/my_interface/srv/detail/add_three_ints__rosidl_typesupport_fastrtps_cpp.hpp
[4.430s] -- Up-to-date: /home/daguill/ros2_humble/adv_ws/src/install/my_interface/include/my_interface/my_interface/msg
[4.430s] -- Up-to-date: /home/daguill/ros2_humble/adv_ws/src/install/my_interface/include/my_interface/my_interface/msg/detail
[4.430s] -- Installing: /home/daguill/ros2_humble/adv_ws/src/install/my_interface/include/my_interface/my_interface/msg/detail/sphere__rosidl_typesupport_fastrtps_cpp.hpp
[4.430s] -- Installing: /home/daguill/ros2_humble/adv_ws/src/install/my_interface/include/my_interface/my_interface/msg/detail/dds_fastrtps
[4.430s] -- Installing: /home/daguill/ros2_humble/adv_ws/src/install/my_interface/include/my_interface/my_interface/msg/detail/num__rosidl_typesupport_fastrtps_cpp.hpp
[4.430s] -- Installing: /home/daguill/ros2_humble/adv_ws/src/install/my_interface/include/my_interface/my_interface/msg/rosidl_typesupport_fastrtps_cpp__visibility_control.h
[4.430s] -- Installing: /home/daguill/ros2_humble/adv_ws/src/install/my_interface/lib/libmy_interface__rosidl_typesupport_fastrtps_cpp.so
[4.430s] -- Set runtime path of "/home/daguill/ros2_humble/adv_ws/src/install/my_interface/lib/libmy_interface__rosidl_typesupport_fastrtps_cpp.so" to ""
[4.430s] -- Up-to-date: /home/daguill/ros2_humble/adv_ws/src/install/my_interface/include/my_interface/my_interface
[4.430s] -- Up-to-date: /home/daguill/ros2_humble/adv_ws/src/install/my_interface/include/my_interface/my_interface/srv
[4.430s] -- Up-to-date: /home/daguill/ros2_humble/adv_ws/src/install/my_interface/include/my_interface/my_interface/srv/detail
[4.430s] -- Installing: /home/daguill/ros2_humble/adv_ws/src/install/my_interface/include/my_interface/my_interface/srv/detail/add_three_ints__type_support.c
[4.430s] -- Installing: /home/daguill/ros2_humble/adv_ws/src/install/my_interface/include/my_interface/my_interface/srv/detail/add_three_ints__rosidl_typesupport_introspection_c.h
[4.430s] -- Up-to-date: /home/daguill/ros2_humble/adv_ws/src/install/my_interface/include/my_interface/my_interface/msg
[4.430s] -- Up-to-date: /home/daguill/ros2_humble/adv_ws/src/install/my_interface/include/my_interface/my_interface/msg/detail
[4.431s] -- Installing: /home/daguill/ros2_humble/adv_ws/src/install/my_interface/include/my_interface/my_interface/msg/detail/sphere__type_support.c
[4.431s] -- Installing: /home/daguill/ros2_humble/adv_ws/src/install/my_interface/include/my_interface/my_interface/msg/detail/num__rosidl_typesupport_introspection_c.h
[4.431s] -- Installing: /home/daguill/ros2_humble/adv_ws/src/install/my_interface/include/my_interface/my_interface/msg/detail/num__type_support.c
[4.431s] -- Installing: /home/daguill/ros2_humble/adv_ws/src/install/my_interface/include/my_interface/my_interface/msg/detail/sphere__rosidl_typesupport_introspection_c.h
[4.431s] -- Installing: /home/daguill/ros2_humble/adv_ws/src/install/my_interface/include/my_interface/my_interface/msg/rosidl_typesupport_introspection_c__visibility_control.h
[4.431s] -- Installing: /home/daguill/ros2_humble/adv_ws/src/install/my_interface/lib/libmy_interface__rosidl_typesupport_introspection_c.so
[4.431s] -- Set runtime path of "/home/daguill/ros2_humble/adv_ws/src/install/my_interface/lib/libmy_interface__rosidl_typesupport_introspection_c.so" to ""
[4.431s] -- Installing: /home/daguill/ros2_humble/adv_ws/src/install/my_interface/lib/libmy_interface__rosidl_typesupport_c.so
[4.431s] -- Set runtime path of "/home/daguill/ros2_humble/adv_ws/src/install/my_interface/lib/libmy_interface__rosidl_typesupport_c.so" to ""
[4.431s] -- Up-to-date: /home/daguill/ros2_humble/adv_ws/src/install/my_interface/include/my_interface/my_interface
[4.431s] -- Up-to-date: /home/daguill/ros2_humble/adv_ws/src/install/my_interface/include/my_interface/my_interface/srv
[4.431s] -- Up-to-date: /home/daguill/ros2_humble/adv_ws/src/install/my_interface/include/my_interface/my_interface/srv/detail
[4.431s] -- Installing: /home/daguill/ros2_humble/adv_ws/src/install/my_interface/include/my_interface/my_interface/srv/detail/add_three_ints__rosidl_typesupport_introspection_cpp.hpp
[4.431s] -- Installing: /home/daguill/ros2_humble/adv_ws/src/install/my_interface/include/my_interface/my_interface/srv/detail/add_three_ints__type_support.cpp
[4.431s] -- Up-to-date: /home/daguill/ros2_humble/adv_ws/src/install/my_interface/include/my_interface/my_interface/msg
[4.431s] -- Up-to-date: /home/daguill/ros2_humble/adv_ws/src/install/my_interface/include/my_interface/my_interface/msg/detail
[4.432s] -- Installing: /home/daguill/ros2_humble/adv_ws/src/install/my_interface/include/my_interface/my_interface/msg/detail/sphere__type_support.cpp
[4.432s] -- Installing: /home/daguill/ros2_humble/adv_ws/src/install/my_interface/include/my_interface/my_interface/msg/detail/num__rosidl_typesupport_introspection_cpp.hpp
[4.432s] -- Installing: /home/daguill/ros2_humble/adv_ws/src/install/my_interface/include/my_interface/my_interface/msg/detail/num__type_support.cpp
[4.432s] -- Installing: /home/daguill/ros2_humble/adv_ws/src/install/my_interface/include/my_interface/my_interface/msg/detail/sphere__rosidl_typesupport_introspection_cpp.hpp
[4.432s] -- Installing: /home/daguill/ros2_humble/adv_ws/src/install/my_interface/lib/libmy_interface__rosidl_typesupport_introspection_cpp.so
[4.432s] -- Set runtime path of "/home/daguill/ros2_humble/adv_ws/src/install/my_interface/lib/libmy_interface__rosidl_typesupport_introspection_cpp.so" to ""
[4.432s] -- Installing: /home/daguill/ros2_humble/adv_ws/src/install/my_interface/lib/libmy_interface__rosidl_typesupport_cpp.so
[4.432s] -- Set runtime path of "/home/daguill/ros2_humble/adv_ws/src/install/my_interface/lib/libmy_interface__rosidl_typesupport_cpp.so" to ""
[4.432s] -- Installing: /home/daguill/ros2_humble/adv_ws/src/install/my_interface/share/my_interface/environment/pythonpath.sh
[4.432s] -- Installing: /home/daguill/ros2_humble/adv_ws/src/install/my_interface/share/my_interface/environment/pythonpath.dsv
[4.432s] -- Installing: /home/daguill/ros2_humble/adv_ws/src/install/my_interface/local/lib/python3.10/dist-packages/my_interface-0.0.0-py3.10.egg-info
[4.432s] -- Installing: /home/daguill/ros2_humble/adv_ws/src/install/my_interface/local/lib/python3.10/dist-packages/my_interface-0.0.0-py3.10.egg-info/dependency_links.txt
[4.433s] -- Installing: /home/daguill/ros2_humble/adv_ws/src/install/my_interface/local/lib/python3.10/dist-packages/my_interface-0.0.0-py3.10.egg-info/top_level.txt
[4.433s] -- Installing: /home/daguill/ros2_humble/adv_ws/src/install/my_interface/local/lib/python3.10/dist-packages/my_interface-0.0.0-py3.10.egg-info/SOURCES.txt
[4.433s] -- Installing: /home/daguill/ros2_humble/adv_ws/src/install/my_interface/local/lib/python3.10/dist-packages/my_interface-0.0.0-py3.10.egg-info/PKG-INFO
[4.433s] -- Installing: /home/daguill/ros2_humble/adv_ws/src/install/my_interface/local/lib/python3.10/dist-packages/my_interface
[4.433s] -- Installing: /home/daguill/ros2_humble/adv_ws/src/install/my_interface/local/lib/python3.10/dist-packages/my_interface/_my_interface_s.ep.rosidl_typesupport_c.c
[4.433s] -- Installing: /home/daguill/ros2_humble/adv_ws/src/install/my_interface/local/lib/python3.10/dist-packages/my_interface/my_interface_s__rosidl_typesupport_fastrtps_c.cpython-310-x86_64-linux-gnu.so
[4.433s] -- Installing: /home/daguill/ros2_humble/adv_ws/src/install/my_interface/local/lib/python3.10/dist-packages/my_interface/my_interface_s__rosidl_typesupport_c.cpython-310-x86_64-linux-gnu.so
[4.433s] -- Installing: /home/daguill/ros2_humble/adv_ws/src/install/my_interface/local/lib/python3.10/dist-packages/my_interface/srv
[4.433s] -- Installing: /home/daguill/ros2_humble/adv_ws/src/install/my_interface/local/lib/python3.10/dist-packages/my_interface/srv/_add_three_ints.py
[4.433s] -- Installing: /home/daguill/ros2_humble/adv_ws/src/install/my_interface/local/lib/python3.10/dist-packages/my_interface/srv/_add_three_ints_s.c
[4.434s] -- Installing: /home/daguill/ros2_humble/adv_ws/src/install/my_interface/local/lib/python3.10/dist-packages/my_interface/srv/__init__.py
[4.435s] -- Installing: /home/daguill/ros2_humble/adv_ws/src/install/my_interface/local/lib/python3.10/dist-packages/my_interface/_my_interface_s.ep.rosidl_typesupport_fastrtps_c.c
[4.435s] -- Installing: /home/daguill/ros2_humble/adv_ws/src/install/my_interface/local/lib/python3.10/dist-packages/my_interface/__init__.py
[4.435s] -- Installing: /home/daguill/ros2_humble/adv_ws/src/install/my_interface/local/lib/python3.10/dist-packages/my_interface/my_interface_s__rosidl_typesupport_introspection_c.cpython-310-x86_64-linux-gnu.so
[4.436s] -- Installing: /home/daguill/ros2_humble/adv_ws/src/install/my_interface/local/lib/python3.10/dist-packages/my_interface/_my_interface_s.ep.rosidl_typesupport_introspection_c.c
[4.436s] -- Installing: /home/daguill/ros2_humble/adv_ws/src/install/my_interface/local/lib/python3.10/dist-packages/my_interface/libmy_interface__rosidl_generator_py.so
[4.436s] -- Installing: /home/daguill/ros2_humble/adv_ws/src/install/my_interface/local/lib/python3.10/dist-packages/my_interface/msg
[4.436s] -- Installing: /home/daguill/ros2_humble/adv_ws/src/install/my_interface/local/lib/python3.10/dist-packages/my_interface/msg/_sphere_s.c
[4.436s] -- Installing: /home/daguill/ros2_humble/adv_ws/src/install/my_interface/local/lib/python3.10/dist-packages/my_interface/msg/__init__.py
[4.436s] -- Installing: /home/daguill/ros2_humble/adv_ws/src/install/my_interface/local/lib/python3.10/dist-packages/my_interface/msg/_sphere.py
[4.436s] -- Installing: /home/daguill/ros2_humble/adv_ws/src/install/my_interface/local/lib/python3.10/dist-packages/my_interface/msg/_num_s.c
[4.436s] -- Installing: /home/daguill/ros2_humble/adv_ws/src/install/my_interface/local/lib/python3.10/dist-packages/my_interface/msg/_num.py
[4.464s] Listing '/home/daguill/ros2_humble/adv_ws/src/install/my_interface/local/lib/python3.10/dist-packages/my_interface'...
[4.464s] Compiling '/home/daguill/ros2_humble/adv_ws/src/install/my_interface/local/lib/python3.10/dist-packages/my_interface/__init__.py'...
[4.464s] Listing '/home/daguill/ros2_humble/adv_ws/src/install/my_interface/local/lib/python3.10/dist-packages/my_interface/msg'...
[4.464s] Compiling '/home/daguill/ros2_humble/adv_ws/src/install/my_interface/local/lib/python3.10/dist-packages/my_interface/msg/__init__.py'...
[4.464s] Compiling '/home/daguill/ros2_humble/adv_ws/src/install/my_interface/local/lib/python3.10/dist-packages/my_interface/msg/_num.py'...
[4.464s] Compiling '/home/daguill/ros2_humble/adv_ws/src/install/my_interface/local/lib/python3.10/dist-packages/my_interface/msg/_sphere.py'...
[4.465s] Listing '/home/daguill/ros2_humble/adv_ws/src/install/my_interface/local/lib/python3.10/dist-packages/my_interface/srv'...
[4.465s] Compiling '/home/daguill/ros2_humble/adv_ws/src/install/my_interface/local/lib/python3.10/dist-packages/my_interface/srv/__init__.py'...
[4.465s] Compiling '/home/daguill/ros2_humble/adv_ws/src/install/my_interface/local/lib/python3.10/dist-packages/my_interface/srv/_add_three_ints.py'...
[4.467s] -- Installing: /home/daguill/ros2_humble/adv_ws/src/install/my_interface/local/lib/python3.10/dist-packages/my_interface/my_interface_s__rosidl_typesupport_fastrtps_c.cpython-310-x86_64-linux-gnu.so
[4.468s] -- Set runtime path of "/home/daguill/ros2_humble/adv_ws/src/install/my_interface/local/lib/python3.10/dist-packages/my_interface/my_interface_s__rosidl_typesupport_fastrtps_c.cpython-310-x86_64-linux-gnu.so" to ""
[4.468s] -- Installing: /home/daguill/ros2_humble/adv_ws/src/install/my_interface/local/lib/python3.10/dist-packages/my_interface/my_interface_s__rosidl_typesupport_introspection_c.cpython-310-x86_64-linux-gnu.so
[4.468s] -- Set runtime path of "/home/daguill/ros2_humble/adv_ws/src/install/my_interface/local/lib/python3.10/dist-packages/my_interface/my_interface_s__rosidl_typesupport_introspection_c.cpython-310-x86_64-linux-gnu.so" to ""
[4.468s] -- Installing: /home/daguill/ros2_humble/adv_ws/src/install/my_interface/local/lib/python3.10/dist-packages/my_interface/my_interface_s__rosidl_typesupport_c.cpython-310-x86_64-linux-gnu.so
[4.468s] -- Set runtime path of "/home/daguill/ros2_humble/adv_ws/src/install/my_interface/local/lib/python3.10/dist-packages/my_interface/my_interface_s__rosidl_typesupport_c.cpython-310-x86_64-linux-gnu.so" to ""
[4.469s] -- Installing: /home/daguill/ros2_humble/adv_ws/src/install/my_interface/lib/libmy_interface__rosidl_generator_py.so
[4.469s] -- Set runtime path of "/home/daguill/ros2_humble/adv_ws/src/install/my_interface/lib/libmy_interface__rosidl_generator_py.so" to ""
[4.469s] -- Installing: /home/daguill/ros2_humble/adv_ws/src/install/my_interface/share/my_interface/msg/Num.idl
[4.469s] -- Installing: /home/daguill/ros2_humble/adv_ws/src/install/my_interface/share/my_interface/msg/Sphere.idl
[4.469s] -- Installing: /home/daguill/ros2_humble/adv_ws/src/install/my_interface/share/my_interface/srv/AddThreeInts.idl
[4.469s] -- Installing: /home/daguill/ros2_humble/adv_ws/src/install/my_interface/share/my_interface/msg/Num.msg
[4.469s] -- Installing: /home/daguill/ros2_humble/adv_ws/src/install/my_interface/share/my_interface/msg/Sphere.msg
[4.469s] -- Installing: /home/daguill/ros2_humble/adv_ws/src/install/my_interface/share/my_interface/srv/AddThreeInts.srv
[4.469s] -- Installing: /home/daguill/ros2_humble/adv_ws/src/install/my_interface/share/my_interface/srv/AddThreeInts_Request.msg
[4.469s] -- Installing: /home/daguill/ros2_humble/adv_ws/src/install/my_interface/share/my_interface/srv/AddThreeInts_Response.msg
[4.469s] -- Installing: /home/daguill/ros2_humble/adv_ws/src/install/my_interface/share/ament_index/resource_index/package_run_dependencies/my_interface
[4.470s] -- Installing: /home/daguill/ros2_humble/adv_ws/src/install/my_interface/share/ament_index/resource_index/parent_prefix_path/my_interface
[4.470s] -- Installing: /home/daguill/ros2_humble/adv_ws/src/install/my_interface/share/my_interface/environment/ament_prefix_path.sh
[4.470s] -- Installing: /home/daguill/ros2_humble/adv_ws/src/install/my_interface/share/my_interface/environment/ament_prefix_path.dsv
[4.470s] -- Installing: /home/daguill/ros2_humble/adv_ws/src/install/my_interface/share/my_interface/environment/path.sh
[4.470s] -- Installing: /home/daguill/ros2_humble/adv_ws/src/install/my_interface/share/my_interface/environment/path.dsv
[4.470s] -- Installing: /home/daguill/ros2_humble/adv_ws/src/install/my_interface/share/my_interface/local_setup.bash
[4.470s] -- Installing: /home/daguill/ros2_humble/adv_ws/src/install/my_interface/share/my_interface/local_setup.sh
[4.470s] -- Installing: /home/daguill/ros2_humble/adv_ws/src/install/my_interface/share/my_interface/local_setup.zsh
[4.470s] -- Installing: /home/daguill/ros2_humble/adv_ws/src/install/my_interface/share/my_interface/local_setup.dsv
[4.470s] -- Installing: /home/daguill/ros2_humble/adv_ws/src/install/my_interface/share/my_interface/package.dsv
[4.471s] -- Installing: /home/daguill/ros2_humble/adv_ws/src/install/my_interface/share/ament_index/resource_index/packages/my_interface
[4.471s] -- Installing: /home/daguill/ros2_humble/adv_ws/src/install/my_interface/share/my_interface/cmake/export_my_interface__rosidl_generator_cExport.cmake
[4.471s] -- Installing: /home/daguill/ros2_humble/adv_ws/src/install/my_interface/share/my_interface/cmake/export_my_interface__rosidl_generator_cExport-noconfig.cmake
[4.471s] -- Installing: /home/daguill/ros2_humble/adv_ws/src/install/my_interface/share/my_interface/cmake/export_my_interface__rosidl_typesupport_fastrtps_cExport.cmake
[4.471s] -- Installing: /home/daguill/ros2_humble/adv_ws/src/install/my_interface/share/my_interface/cmake/export_my_interface__rosidl_typesupport_fastrtps_cExport-noconfig.cmake
[4.471s] -- Installing: /home/daguill/ros2_humble/adv_ws/src/install/my_interface/share/my_interface/cmake/export_my_interface__rosidl_generator_cppExport.cmake
[4.471s] -- Installing: /home/daguill/ros2_humble/adv_ws/src/install/my_interface/share/my_interface/cmake/export_my_interface__rosidl_typesupport_fastrtps_cppExport.cmake
[4.471s] -- Installing: /home/daguill/ros2_humble/adv_ws/src/install/my_interface/share/my_interface/cmake/export_my_interface__rosidl_typesupport_fastrtps_cppExport-noconfig.cmake
[4.471s] -- Installing: /home/daguill/ros2_humble/adv_ws/src/install/my_interface/share/my_interface/cmake/my_interface__rosidl_typesupport_introspection_cExport.cmake
[4.471s] -- Installing: /home/daguill/ros2_humble/adv_ws/src/install/my_interface/share/my_interface/cmake/my_interface__rosidl_typesupport_introspection_cExport-noconfig.cmake
[4.472s] -- Installing: /home/daguill/ros2_humble/adv_ws/src/install/my_interface/share/my_interface/cmake/my_interface__rosidl_typesupport_cExport.cmake
[4.472s] -- Installing: /home/daguill/ros2_humble/adv_ws/src/install/my_interface/share/my_interface/cmake/my_interface__rosidl_typesupport_cExport-noconfig.cmake
[4.472s] -- Installing: /home/daguill/ros2_humble/adv_ws/src/install/my_interface/share/my_interface/cmake/my_interface__rosidl_typesupport_introspection_cppExport.cmake
[4.472s] -- Installing: /home/daguill/ros2_humble/adv_ws/src/install/my_interface/share/my_interface/cmake/my_interface__rosidl_typesupport_introspection_cppExport-noconfig.cmake
[4.472s] -- Installing: /home/daguill/ros2_humble/adv_ws/src/install/my_interface/share/my_interface/cmake/my_interface__rosidl_typesupport_cppExport.cmake
[4.472s] -- Installing: /home/daguill/ros2_humble/adv_ws/src/install/my_interface/share/my_interface/cmake/my_interface__rosidl_typesupport_cppExport-noconfig.cmake
[4.472s] -- Installing: /home/daguill/ros2_humble/adv_ws/src/install/my_interface/share/my_interface/cmake/export_my_interface__rosidl_generator_pyExport.cmake
[4.472s] -- Installing: /home/daguill/ros2_humble/adv_ws/src/install/my_interface/share/my_interface/cmake/export_my_interface__rosidl_generator_pyExport-noconfig.cmake
[4.472s] -- Installing: /home/daguill/ros2_humble/adv_ws/src/install/my_interface/share/my_interface/cmake/rosidl_cmake-extras.cmake
[4.472s] -- Installing: /home/daguill/ros2_humble/adv_ws/src/install/my_interface/share/my_interface/cmake/ament_cmake_export_dependencies-extras.cmake
[4.473s] -- Installing: /home/daguill/ros2_humble/adv_ws/src/install/my_interface/share/my_interface/cmake/ament_cmake_export_include_directories-extras.cmake
[4.473s] -- Installing: /home/daguill/ros2_humble/adv_ws/src/install/my_interface/share/my_interface/cmake/ament_cmake_export_libraries-extras.cmake
[4.473s] -- Installing: /home/daguill/ros2_humble/adv_ws/src/install/my_interface/share/my_interface/cmake/ament_cmake_export_targets-extras.cmake
[4.473s] -- Installing: /home/daguill/ros2_humble/adv_ws/src/install/my_interface/share/my_interface/cmake/rosidl_cmake_export_typesupport_targets-extras.cmake
[4.473s] -- Installing: /home/daguill/ros2_humble/adv_ws/src/install/my_interface/share/my_interface/cmake/rosidl_cmake_export_typesupport_libraries-extras.cmake
[4.473s] -- Installing: /home/daguill/ros2_humble/adv_ws/src/install/my_interface/share/my_interface/cmake/my_interfaceConfig.cmake
[4.473s] -- Installing: /home/daguill/ros2_humble/adv_ws/src/install/my_interface/share/my_interface/cmake/my_interfaceConfig-version.cmake
[4.473s] -- Installing: /home/daguill/ros2_humble/adv_ws/src/install/my_interface/share/my_interface/package.xml
[4.475s] Invoked command in '/home/daguill/ros2_humble/adv_ws/src/build/my_interface' returned '0': CMAKE_PREFIX_PATH=${CMAKE_PREFIX_PATH}:/opt/ros/humble /usr/bin/cmake --install /home/daguill/ros2_humble/adv_ws/src/build/my_interface
