[0.009s] Invoking command in '/home/daguill/my_ws/build/c_arith': CMAKE_PREFIX_PATH=/opt/ros/humble /usr/bin/cmake --build /home/daguill/my_ws/build/c_arith -- -j12 -l12
[0.040s] [35m[1mConsolidate compiler generated dependencies of target sum_array[0m
[0.052s] [ 50%] [32mBuilding CXX object CMakeFiles/sum_array.dir/src/sum.cpp.o[0m
[6.599s] [100%] [32m[1mLinking CXX executable sum_array[0m
[6.873s] [100%] Built target sum_array
[6.881s] Invoked command in '/home/daguill/my_ws/build/c_arith' returned '0': CMAKE_PREFIX_PATH=/opt/ros/humble /usr/bin/cmake --build /home/daguill/my_ws/build/c_arith -- -j12 -l12
[6.904s] Invoking command in '/home/daguill/my_ws/build/c_arith': CMAKE_PREFIX_PATH=/opt/ros/humble /usr/bin/cmake --install /home/daguill/my_ws/build/c_arith
[6.909s] -- Install configuration: ""
[6.909s] -- Installing: /home/daguill/my_ws/install/c_arith/lib/c_arith/sum_array
[6.911s] -- Set runtime path of "/home/daguill/my_ws/install/c_arith/lib/c_arith/sum_array" to ""
[6.911s] -- Installing: /home/daguill/my_ws/install/c_arith/share/c_arith//launch
[6.911s] -- Installing: /home/daguill/my_ws/install/c_arith/share/c_arith//launch/1_launch.py
[6.911s] -- Installing: /home/daguill/my_ws/install/c_arith/share/c_arith//launch/2_launch.py
[6.911s] -- Installing: /home/daguill/my_ws/install/c_arith/share/ament_index/resource_index/package_run_dependencies/c_arith
[6.912s] -- Installing: /home/daguill/my_ws/install/c_arith/share/ament_index/resource_index/parent_prefix_path/c_arith
[6.912s] -- Installing: /home/daguill/my_ws/install/c_arith/share/c_arith/environment/ament_prefix_path.sh
[6.912s] -- Installing: /home/daguill/my_ws/install/c_arith/share/c_arith/environment/ament_prefix_path.dsv
[6.912s] -- Installing: /home/daguill/my_ws/install/c_arith/share/c_arith/environment/path.sh
[6.912s] -- Installing: /home/daguill/my_ws/install/c_arith/share/c_arith/environment/path.dsv
[6.912s] -- Installing: /home/daguill/my_ws/install/c_arith/share/c_arith/local_setup.bash
[6.912s] -- Installing: /home/daguill/my_ws/install/c_arith/share/c_arith/local_setup.sh
[6.912s] -- Installing: /home/daguill/my_ws/install/c_arith/share/c_arith/local_setup.zsh
[6.912s] -- Installing: /home/daguill/my_ws/install/c_arith/share/c_arith/local_setup.dsv
[6.912s] -- Installing: /home/daguill/my_ws/install/c_arith/share/c_arith/package.dsv
[6.912s] -- Installing: /home/daguill/my_ws/install/c_arith/share/ament_index/resource_index/packages/c_arith
[6.912s] -- Installing: /home/daguill/my_ws/install/c_arith/share/c_arith/cmake/c_arithConfig.cmake
[6.913s] -- Installing: /home/daguill/my_ws/install/c_arith/share/c_arith/cmake/c_arithConfig-version.cmake
[6.913s] -- Installing: /home/daguill/my_ws/install/c_arith/share/c_arith/package.xml
[6.914s] Invoked command in '/home/daguill/my_ws/build/c_arith' returned '0': CMAKE_PREFIX_PATH=/opt/ros/humble /usr/bin/cmake --install /home/daguill/my_ws/build/c_arith
