[0.009s] Invoking command in '/home/daguill/my_ws/build/c_pckg': CMAKE_PREFIX_PATH=/opt/ros/humble /usr/bin/cmake /home/daguill/my_ws/src/c_pckg -DCMAKE_INSTALL_PREFIX=/home/daguill/my_ws/install/c_pckg
[0.124s] -- The C compiler identification is GNU 11.4.0
[0.257s] -- The CXX compiler identification is GNU 11.4.0
[0.266s] -- Detecting C compiler ABI info
[0.326s] -- Detecting C compiler ABI info - done
[0.335s] -- Check for working C compiler: /usr/bin/cc - skipped
[0.335s] -- Detecting C compile features
[0.336s] -- Detecting C compile features - done
[0.339s] -- Detecting CXX compiler ABI info
[0.408s] -- Detecting CXX compiler ABI info - done
[0.416s] -- Check for working CXX compiler: /usr/bin/c++ - skipped
[0.416s] -- Detecting CXX compile features
[0.417s] -- Detecting CXX compile features - done
[0.420s] -- Found ament_cmake: 1.3.10 (/opt/ros/humble/share/ament_cmake/cmake)
[0.539s] -- Found Python3: /usr/bin/python3 (found version "3.10.12") found components: Interpreter 
[0.620s] [31mCMake Error at CMakeLists.txt:9 (find_package):
[0.620s]   find_package called with invalid argument "REQUIERED"
[0.621s] 
[0.621s] [0m
[0.621s] [31mCMake Error at CMakeLists.txt:10 (find_package):
[0.621s]   find_package called with invalid argument "REQUIERED"
[0.621s] 
[0.621s] [0m
[0.621s] [31mCMake Error at /opt/ros/humble/share/ament_cmake_target_dependencies/cmake/ament_target_dependencies.cmake:77 (message):
[0.621s]   ament_target_dependencies() the passed package name 'rclcpp' was not found
[0.621s]   before
[0.621s] Call Stack (most recent call first):
[0.621s]   CMakeLists.txt:13 (ament_target_dependencies)
[0.621s] 
[0.621s] [0m
[0.621s] -- Configuring incomplete, errors occurred!
[0.622s] See also "/home/daguill/my_ws/build/c_pckg/CMakeFiles/CMakeOutput.log".
[0.624s] Invoked command in '/home/daguill/my_ws/build/c_pckg' returned '1': CMAKE_PREFIX_PATH=/opt/ros/humble /usr/bin/cmake /home/daguill/my_ws/src/c_pckg -DCMAKE_INSTALL_PREFIX=/home/daguill/my_ws/install/c_pckg
