[0.527s] Invoking command in '/home/daguill/ros2_humble/adv_ws/src/p_srv_coms': PYTHONPATH=/home/daguill/ros2_humble/adv_ws/src/build/p_srv_coms/prefix_override:/usr/lib/python3/dist-packages/colcon_core/task/python/colcon_distutils_commands:/home/daguill/ros2_humble/adv_ws/src/install/p_srv_coms/lib/python3.10/site-packages:${PYTHONPATH} /usr/bin/python3 -W ignore:setup.py install is deprecated setup.py egg_info --egg-base ../build/p_srv_coms build --build-base /home/daguill/ros2_humble/adv_ws/src/build/p_srv_coms/build install --record /home/daguill/ros2_humble/adv_ws/src/build/p_srv_coms/install.log --single-version-externally-managed install_data
[0.722s] running egg_info
[0.723s] creating ../build/p_srv_coms/p_srv_coms.egg-info
[0.723s] writing ../build/p_srv_coms/p_srv_coms.egg-info/PKG-INFO
[0.723s] writing dependency_links to ../build/p_srv_coms/p_srv_coms.egg-info/dependency_links.txt
[0.723s] writing entry points to ../build/p_srv_coms/p_srv_coms.egg-info/entry_points.txt
[0.723s] writing requirements to ../build/p_srv_coms/p_srv_coms.egg-info/requires.txt
[0.723s] writing top-level names to ../build/p_srv_coms/p_srv_coms.egg-info/top_level.txt
[0.724s] writing manifest file '../build/p_srv_coms/p_srv_coms.egg-info/SOURCES.txt'
[0.725s] reading manifest file '../build/p_srv_coms/p_srv_coms.egg-info/SOURCES.txt'
[0.725s] adding license file 'LICENSE'
[0.726s] writing manifest file '../build/p_srv_coms/p_srv_coms.egg-info/SOURCES.txt'
[0.726s] running build
[0.726s] running build_py
[0.726s] creating /home/daguill/ros2_humble/adv_ws/src/build/p_srv_coms/build
[0.726s] creating /home/daguill/ros2_humble/adv_ws/src/build/p_srv_coms/build/lib
[0.726s] creating /home/daguill/ros2_humble/adv_ws/src/build/p_srv_coms/build/lib/p_srv_coms
[0.726s] copying p_srv_coms/server.py -> /home/daguill/ros2_humble/adv_ws/src/build/p_srv_coms/build/lib/p_srv_coms
[0.727s] copying p_srv_coms/client.py -> /home/daguill/ros2_humble/adv_ws/src/build/p_srv_coms/build/lib/p_srv_coms
[0.727s] copying p_srv_coms/__init__.py -> /home/daguill/ros2_humble/adv_ws/src/build/p_srv_coms/build/lib/p_srv_coms
[0.727s] running install
[0.727s] running install_lib
[0.727s] creating /home/daguill/ros2_humble/adv_ws/src/install/p_srv_coms/lib/python3.10/site-packages/p_srv_coms
[0.727s] copying /home/daguill/ros2_humble/adv_ws/src/build/p_srv_coms/build/lib/p_srv_coms/server.py -> /home/daguill/ros2_humble/adv_ws/src/install/p_srv_coms/lib/python3.10/site-packages/p_srv_coms
[0.728s] copying /home/daguill/ros2_humble/adv_ws/src/build/p_srv_coms/build/lib/p_srv_coms/client.py -> /home/daguill/ros2_humble/adv_ws/src/install/p_srv_coms/lib/python3.10/site-packages/p_srv_coms
[0.728s] copying /home/daguill/ros2_humble/adv_ws/src/build/p_srv_coms/build/lib/p_srv_coms/__init__.py -> /home/daguill/ros2_humble/adv_ws/src/install/p_srv_coms/lib/python3.10/site-packages/p_srv_coms
[0.728s] byte-compiling /home/daguill/ros2_humble/adv_ws/src/install/p_srv_coms/lib/python3.10/site-packages/p_srv_coms/server.py to server.cpython-310.pyc
[0.728s] byte-compiling /home/daguill/ros2_humble/adv_ws/src/install/p_srv_coms/lib/python3.10/site-packages/p_srv_coms/client.py to client.cpython-310.pyc
[0.729s] byte-compiling /home/daguill/ros2_humble/adv_ws/src/install/p_srv_coms/lib/python3.10/site-packages/p_srv_coms/__init__.py to __init__.cpython-310.pyc
[0.729s] running install_data
[0.729s] creating /home/daguill/ros2_humble/adv_ws/src/install/p_srv_coms/share/ament_index
[0.729s] creating /home/daguill/ros2_humble/adv_ws/src/install/p_srv_coms/share/ament_index/resource_index
[0.729s] creating /home/daguill/ros2_humble/adv_ws/src/install/p_srv_coms/share/ament_index/resource_index/packages
[0.730s] copying resource/p_srv_coms -> /home/daguill/ros2_humble/adv_ws/src/install/p_srv_coms/share/ament_index/resource_index/packages
[0.730s] copying package.xml -> /home/daguill/ros2_humble/adv_ws/src/install/p_srv_coms/share/p_srv_coms
[0.730s] running install_egg_info
[0.731s] Copying ../build/p_srv_coms/p_srv_coms.egg-info to /home/daguill/ros2_humble/adv_ws/src/install/p_srv_coms/lib/python3.10/site-packages/p_srv_coms-0.0.0-py3.10.egg-info
[0.731s] running install_scripts
[0.748s] writing list of installed files to '/home/daguill/ros2_humble/adv_ws/src/build/p_srv_coms/install.log'
[0.766s] Invoked command in '/home/daguill/ros2_humble/adv_ws/src/p_srv_coms' returned '0': PYTHONPATH=/home/daguill/ros2_humble/adv_ws/src/build/p_srv_coms/prefix_override:/usr/lib/python3/dist-packages/colcon_core/task/python/colcon_distutils_commands:/home/daguill/ros2_humble/adv_ws/src/install/p_srv_coms/lib/python3.10/site-packages:${PYTHONPATH} /usr/bin/python3 -W ignore:setup.py install is deprecated setup.py egg_info --egg-base ../build/p_srv_coms build --build-base /home/daguill/ros2_humble/adv_ws/src/build/p_srv_coms/build install --record /home/daguill/ros2_humble/adv_ws/src/build/p_srv_coms/install.log --single-version-externally-managed install_data
