[0.144s] DEBUG:colcon:Command line arguments: ['/usr/bin/colcon', 'build', '--packages-select', 'c_pckg']
[0.144s] DEBUG:colcon:Parsed command line arguments: Namespace(log_base=None, log_level=None, verb_name='build', build_base='build', install_base='install', merge_install=False, symlink_install=False, test_result_base=None, continue_on_error=False, executor='parallel', parallel_workers=12, event_handlers=None, ignore_user_meta=False, metas=['./colcon.meta'], base_paths=['.'], packages_ignore=None, packages_ignore_regex=None, paths=None, packages_up_to=None, packages_up_to_regex=None, packages_above=None, packages_above_and_dependencies=None, packages_above_depth=None, packages_select_by_dep=None, packages_skip_by_dep=None, packages_skip_up_to=None, packages_select_build_failed=False, packages_skip_build_finished=False, packages_select_test_failures=False, packages_skip_test_passed=False, packages_select=['c_pckg'], packages_skip=None, packages_select_regex=None, packages_skip_regex=None, packages_start=None, packages_end=None, allow_overriding=[], cmake_args=None, cmake_target=None, cmake_target_skip_unavailable=False, cmake_clean_cache=False, cmake_clean_first=False, cmake_force_configure=False, ament_cmake_args=None, catkin_cmake_args=None, catkin_skip_building_tests=False, mixin_files=None, mixin=None, verb_parser=<colcon_mixin.mixin.mixin_argument.MixinArgumentDecorator object at 0x77f53eb2dd80>, verb_extension=<colcon_core.verb.build.BuildVerb object at 0x77f53eb2d510>, main=<bound method BuildVerb.main of <colcon_core.verb.build.BuildVerb object at 0x77f53eb2d510>>, mixin_verb=('build',))
[0.374s] Level 1:colcon.colcon_core.package_discovery:discover_packages(colcon_meta) check parameters
[0.374s] Level 1:colcon.colcon_core.package_discovery:discover_packages(recursive) check parameters
[0.374s] Level 1:colcon.colcon_core.package_discovery:discover_packages(ignore) check parameters
[0.374s] Level 1:colcon.colcon_core.package_discovery:discover_packages(path) check parameters
[0.375s] Level 1:colcon.colcon_core.package_discovery:discover_packages(colcon_meta) discover
[0.375s] Level 1:colcon.colcon_core.package_discovery:discover_packages(recursive) discover
[0.375s] INFO:colcon.colcon_core.package_discovery:Crawling recursively for packages in '/home/daguill/my_ws'
[0.375s] Level 1:colcon.colcon_core.package_identification:_identify(.) by extensions ['ignore', 'ignore_ament_install']
[0.375s] Level 1:colcon.colcon_core.package_identification:_identify(.) by extension 'ignore'
[0.375s] Level 1:colcon.colcon_core.package_identification:_identify(.) by extension 'ignore_ament_install'
[0.375s] Level 1:colcon.colcon_core.package_identification:_identify(.) by extensions ['colcon_pkg']
[0.375s] Level 1:colcon.colcon_core.package_identification:_identify(.) by extension 'colcon_pkg'
[0.375s] Level 1:colcon.colcon_core.package_identification:_identify(.) by extensions ['colcon_meta']
[0.375s] Level 1:colcon.colcon_core.package_identification:_identify(.) by extension 'colcon_meta'
[0.375s] Level 1:colcon.colcon_core.package_identification:_identify(.) by extensions ['ros']
[0.375s] Level 1:colcon.colcon_core.package_identification:_identify(.) by extension 'ros'
[0.385s] Level 1:colcon.colcon_core.package_identification:_identify(.) by extensions ['cmake', 'python']
[0.385s] Level 1:colcon.colcon_core.package_identification:_identify(.) by extension 'cmake'
[0.385s] Level 1:colcon.colcon_core.package_identification:_identify(.) by extension 'python'
[0.385s] Level 1:colcon.colcon_core.package_identification:_identify(.) by extensions ['python_setup_py']
[0.385s] Level 1:colcon.colcon_core.package_identification:_identify(.) by extension 'python_setup_py'
[0.385s] Level 1:colcon.colcon_core.package_identification:_identify(build) by extensions ['ignore', 'ignore_ament_install']
[0.385s] Level 1:colcon.colcon_core.package_identification:_identify(build) by extension 'ignore'
[0.385s] Level 1:colcon.colcon_core.package_identification:_identify(build) ignored
[0.385s] Level 1:colcon.colcon_core.package_identification:_identify(install) by extensions ['ignore', 'ignore_ament_install']
[0.385s] Level 1:colcon.colcon_core.package_identification:_identify(install) by extension 'ignore'
[0.385s] Level 1:colcon.colcon_core.package_identification:_identify(install) ignored
[0.385s] Level 1:colcon.colcon_core.package_identification:_identify(log) by extensions ['ignore', 'ignore_ament_install']
[0.385s] Level 1:colcon.colcon_core.package_identification:_identify(log) by extension 'ignore'
[0.385s] Level 1:colcon.colcon_core.package_identification:_identify(log) ignored
[0.385s] Level 1:colcon.colcon_core.package_identification:_identify(src) by extensions ['ignore', 'ignore_ament_install']
[0.385s] Level 1:colcon.colcon_core.package_identification:_identify(src) by extension 'ignore'
[0.385s] Level 1:colcon.colcon_core.package_identification:_identify(src) by extension 'ignore_ament_install'
[0.385s] Level 1:colcon.colcon_core.package_identification:_identify(src) by extensions ['colcon_pkg']
[0.386s] Level 1:colcon.colcon_core.package_identification:_identify(src) by extension 'colcon_pkg'
[0.386s] Level 1:colcon.colcon_core.package_identification:_identify(src) by extensions ['colcon_meta']
[0.386s] Level 1:colcon.colcon_core.package_identification:_identify(src) by extension 'colcon_meta'
[0.386s] Level 1:colcon.colcon_core.package_identification:_identify(src) by extensions ['ros']
[0.386s] Level 1:colcon.colcon_core.package_identification:_identify(src) by extension 'ros'
[0.386s] Level 1:colcon.colcon_core.package_identification:_identify(src) by extensions ['cmake', 'python']
[0.386s] Level 1:colcon.colcon_core.package_identification:_identify(src) by extension 'cmake'
[0.386s] Level 1:colcon.colcon_core.package_identification:_identify(src) by extension 'python'
[0.386s] Level 1:colcon.colcon_core.package_identification:_identify(src) by extensions ['python_setup_py']
[0.386s] Level 1:colcon.colcon_core.package_identification:_identify(src) by extension 'python_setup_py'
[0.386s] Level 1:colcon.colcon_core.package_identification:_identify(src/c_pckg) by extensions ['ignore', 'ignore_ament_install']
[0.386s] Level 1:colcon.colcon_core.package_identification:_identify(src/c_pckg) by extension 'ignore'
[0.386s] Level 1:colcon.colcon_core.package_identification:_identify(src/c_pckg) by extension 'ignore_ament_install'
[0.386s] Level 1:colcon.colcon_core.package_identification:_identify(src/c_pckg) by extensions ['colcon_pkg']
[0.386s] Level 1:colcon.colcon_core.package_identification:_identify(src/c_pckg) by extension 'colcon_pkg'
[0.386s] Level 1:colcon.colcon_core.package_identification:_identify(src/c_pckg) by extensions ['colcon_meta']
[0.386s] Level 1:colcon.colcon_core.package_identification:_identify(src/c_pckg) by extension 'colcon_meta'
[0.386s] Level 1:colcon.colcon_core.package_identification:_identify(src/c_pckg) by extensions ['ros']
[0.386s] Level 1:colcon.colcon_core.package_identification:_identify(src/c_pckg) by extension 'ros'
[0.388s] DEBUG:colcon.colcon_core.package_identification:Package 'src/c_pckg' with type 'ros.ament_cmake' and name 'c_pckg'
[0.389s] Level 1:colcon.colcon_core.package_identification:_identify(src/p_pckg) by extensions ['ignore', 'ignore_ament_install']
[0.389s] Level 1:colcon.colcon_core.package_identification:_identify(src/p_pckg) by extension 'ignore'
[0.389s] Level 1:colcon.colcon_core.package_identification:_identify(src/p_pckg) by extension 'ignore_ament_install'
[0.389s] Level 1:colcon.colcon_core.package_identification:_identify(src/p_pckg) by extensions ['colcon_pkg']
[0.389s] Level 1:colcon.colcon_core.package_identification:_identify(src/p_pckg) by extension 'colcon_pkg'
[0.389s] Level 1:colcon.colcon_core.package_identification:_identify(src/p_pckg) by extensions ['colcon_meta']
[0.389s] Level 1:colcon.colcon_core.package_identification:_identify(src/p_pckg) by extension 'colcon_meta'
[0.389s] Level 1:colcon.colcon_core.package_identification:_identify(src/p_pckg) by extensions ['ros']
[0.389s] Level 1:colcon.colcon_core.package_identification:_identify(src/p_pckg) by extension 'ros'
[0.390s] DEBUG:colcon.colcon_core.package_identification:Package 'src/p_pckg' with type 'ros.ament_python' and name 'p_pckg'
[0.390s] Level 1:colcon.colcon_core.package_discovery:discover_packages(recursive) using defaults
[0.390s] Level 1:colcon.colcon_core.package_discovery:discover_packages(ignore) discover
[0.390s] Level 1:colcon.colcon_core.package_discovery:discover_packages(ignore) using defaults
[0.390s] Level 1:colcon.colcon_core.package_discovery:discover_packages(path) discover
[0.390s] Level 1:colcon.colcon_core.package_discovery:discover_packages(path) using defaults
[0.447s] INFO:colcon.colcon_core.package_selection:Skipping not selected package 'p_pckg' in 'src/p_pckg'
[0.447s] Level 1:colcon.colcon_core.package_discovery:discover_packages(prefix_path) check parameters
[0.447s] Level 1:colcon.colcon_core.package_discovery:discover_packages(prefix_path) discover
[0.451s] DEBUG:colcon.colcon_installed_package_information.package_discovery:Found 293 installed packages in /opt/ros/humble
[0.460s] Level 1:colcon.colcon_core.package_discovery:discover_packages(prefix_path) using defaults
[0.493s] Level 5:colcon.colcon_core.verb:set package 'c_pckg' build argument 'cmake_args' from command line to 'None'
[0.493s] Level 5:colcon.colcon_core.verb:set package 'c_pckg' build argument 'cmake_target' from command line to 'None'
[0.493s] Level 5:colcon.colcon_core.verb:set package 'c_pckg' build argument 'cmake_target_skip_unavailable' from command line to 'False'
[0.493s] Level 5:colcon.colcon_core.verb:set package 'c_pckg' build argument 'cmake_clean_cache' from command line to 'False'
[0.493s] Level 5:colcon.colcon_core.verb:set package 'c_pckg' build argument 'cmake_clean_first' from command line to 'False'
[0.493s] Level 5:colcon.colcon_core.verb:set package 'c_pckg' build argument 'cmake_force_configure' from command line to 'False'
[0.493s] Level 5:colcon.colcon_core.verb:set package 'c_pckg' build argument 'ament_cmake_args' from command line to 'None'
[0.493s] Level 5:colcon.colcon_core.verb:set package 'c_pckg' build argument 'catkin_cmake_args' from command line to 'None'
[0.493s] Level 5:colcon.colcon_core.verb:set package 'c_pckg' build argument 'catkin_skip_building_tests' from command line to 'False'
[0.493s] DEBUG:colcon.colcon_core.verb:Building package 'c_pckg' with the following arguments: {'ament_cmake_args': None, 'build_base': '/home/daguill/my_ws/build/c_pckg', 'catkin_cmake_args': None, 'catkin_skip_building_tests': False, 'cmake_args': None, 'cmake_clean_cache': False, 'cmake_clean_first': False, 'cmake_force_configure': False, 'cmake_target': None, 'cmake_target_skip_unavailable': False, 'install_base': '/home/daguill/my_ws/install/c_pckg', 'merge_install': False, 'path': '/home/daguill/my_ws/src/c_pckg', 'symlink_install': False, 'test_result_base': None}
[0.493s] INFO:colcon.colcon_core.executor:Executing jobs using 'parallel' executor
[0.494s] DEBUG:colcon.colcon_parallel_executor.executor.parallel:run_until_complete
[0.494s] INFO:colcon.colcon_ros.task.ament_cmake.build:Building ROS package in '/home/daguill/my_ws/src/c_pckg' with build type 'ament_cmake'
[0.494s] INFO:colcon.colcon_cmake.task.cmake.build:Building CMake package in '/home/daguill/my_ws/src/c_pckg'
[0.498s] INFO:colcon.colcon_core.plugin_system:Skipping extension 'colcon_core.shell.bat': Not used on non-Windows systems
[0.498s] INFO:colcon.colcon_core.shell:Skip shell extension 'powershell' for command environment: Not usable outside of PowerShell
[0.498s] DEBUG:colcon.colcon_core.shell:Skip shell extension 'dsv' for command environment
[0.506s] DEBUG:colcon.colcon_core.event_handler.log_command:Invoking command in '/home/daguill/my_ws/build/c_pckg': CMAKE_PREFIX_PATH=/opt/ros/humble /usr/bin/cmake --build /home/daguill/my_ws/build/c_pckg -- -j12 -l12
[1.076s] DEBUG:colcon.colcon_core.event_handler.log_command:Invoked command in '/home/daguill/my_ws/build/c_pckg' returned '0': CMAKE_PREFIX_PATH=/opt/ros/humble /usr/bin/cmake --build /home/daguill/my_ws/build/c_pckg -- -j12 -l12
[1.102s] DEBUG:colcon.colcon_core.event_handler.log_command:Invoking command in '/home/daguill/my_ws/build/c_pckg': CMAKE_PREFIX_PATH=/opt/ros/humble /usr/bin/cmake --install /home/daguill/my_ws/build/c_pckg
[1.112s] Level 1:colcon.colcon_core.environment:create_environment_scripts_only(c_pckg)
[1.113s] DEBUG:colcon.colcon_core.event_handler.log_command:Invoked command in '/home/daguill/my_ws/build/c_pckg' returned '0': CMAKE_PREFIX_PATH=/opt/ros/humble /usr/bin/cmake --install /home/daguill/my_ws/build/c_pckg
[1.117s] Level 1:colcon.colcon_core.environment:checking '/home/daguill/my_ws/install/c_pckg' for CMake module files
[1.117s] Level 1:colcon.colcon_core.environment:checking '/home/daguill/my_ws/install/c_pckg' for CMake config files
[1.118s] Level 1:colcon.colcon_core.shell:create_environment_hook('c_pckg', 'cmake_prefix_path')
[1.118s] INFO:colcon.colcon_core.shell:Creating environment hook '/home/daguill/my_ws/install/c_pckg/share/c_pckg/hook/cmake_prefix_path.ps1'
[1.119s] INFO:colcon.colcon_core.shell:Creating environment descriptor '/home/daguill/my_ws/install/c_pckg/share/c_pckg/hook/cmake_prefix_path.dsv'
[1.119s] INFO:colcon.colcon_core.shell:Creating environment hook '/home/daguill/my_ws/install/c_pckg/share/c_pckg/hook/cmake_prefix_path.sh'
[1.120s] Level 1:colcon.colcon_core.environment:checking '/home/daguill/my_ws/install/c_pckg/lib'
[1.121s] Level 1:colcon.colcon_core.environment:checking '/home/daguill/my_ws/install/c_pckg/bin'
[1.121s] Level 1:colcon.colcon_core.environment:checking '/home/daguill/my_ws/install/c_pckg/lib/pkgconfig/c_pckg.pc'
[1.121s] Level 1:colcon.colcon_core.environment:checking '/home/daguill/my_ws/install/c_pckg/lib/python3.10/site-packages'
[1.121s] Level 1:colcon.colcon_core.environment:checking '/home/daguill/my_ws/install/c_pckg/bin'
[1.121s] INFO:colcon.colcon_core.shell:Creating package script '/home/daguill/my_ws/install/c_pckg/share/c_pckg/package.ps1'
[1.122s] INFO:colcon.colcon_core.shell:Creating package descriptor '/home/daguill/my_ws/install/c_pckg/share/c_pckg/package.dsv'
[1.123s] INFO:colcon.colcon_core.shell:Creating package script '/home/daguill/my_ws/install/c_pckg/share/c_pckg/package.sh'
[1.124s] INFO:colcon.colcon_core.shell:Creating package script '/home/daguill/my_ws/install/c_pckg/share/c_pckg/package.bash'
[1.125s] INFO:colcon.colcon_core.shell:Creating package script '/home/daguill/my_ws/install/c_pckg/share/c_pckg/package.zsh'
[1.125s] Level 1:colcon.colcon_core.environment:create_file_with_runtime_dependencies(/home/daguill/my_ws/install/c_pckg/share/colcon-core/packages/c_pckg)
[1.150s] Level 1:colcon.colcon_core.environment:create_environment_scripts_only(c_pckg)
[1.151s] Level 1:colcon.colcon_core.environment:checking '/home/daguill/my_ws/install/c_pckg' for CMake module files
[1.151s] Level 1:colcon.colcon_core.environment:checking '/home/daguill/my_ws/install/c_pckg' for CMake config files
[1.151s] Level 1:colcon.colcon_core.shell:create_environment_hook('c_pckg', 'cmake_prefix_path')
[1.152s] INFO:colcon.colcon_core.shell:Creating environment hook '/home/daguill/my_ws/install/c_pckg/share/c_pckg/hook/cmake_prefix_path.ps1'
[1.152s] INFO:colcon.colcon_core.shell:Creating environment descriptor '/home/daguill/my_ws/install/c_pckg/share/c_pckg/hook/cmake_prefix_path.dsv'
[1.152s] INFO:colcon.colcon_core.shell:Creating environment hook '/home/daguill/my_ws/install/c_pckg/share/c_pckg/hook/cmake_prefix_path.sh'
[1.153s] Level 1:colcon.colcon_core.environment:checking '/home/daguill/my_ws/install/c_pckg/lib'
[1.153s] Level 1:colcon.colcon_core.environment:checking '/home/daguill/my_ws/install/c_pckg/bin'
[1.153s] Level 1:colcon.colcon_core.environment:checking '/home/daguill/my_ws/install/c_pckg/lib/pkgconfig/c_pckg.pc'
[1.153s] Level 1:colcon.colcon_core.environment:checking '/home/daguill/my_ws/install/c_pckg/lib/python3.10/site-packages'
[1.154s] Level 1:colcon.colcon_core.environment:checking '/home/daguill/my_ws/install/c_pckg/bin'
[1.154s] INFO:colcon.colcon_core.shell:Creating package script '/home/daguill/my_ws/install/c_pckg/share/c_pckg/package.ps1'
[1.154s] INFO:colcon.colcon_core.shell:Creating package descriptor '/home/daguill/my_ws/install/c_pckg/share/c_pckg/package.dsv'
[1.155s] INFO:colcon.colcon_core.shell:Creating package script '/home/daguill/my_ws/install/c_pckg/share/c_pckg/package.sh'
[1.155s] INFO:colcon.colcon_core.shell:Creating package script '/home/daguill/my_ws/install/c_pckg/share/c_pckg/package.bash'
[1.156s] INFO:colcon.colcon_core.shell:Creating package script '/home/daguill/my_ws/install/c_pckg/share/c_pckg/package.zsh'
[1.156s] Level 1:colcon.colcon_core.environment:create_file_with_runtime_dependencies(/home/daguill/my_ws/install/c_pckg/share/colcon-core/packages/c_pckg)
[1.156s] DEBUG:colcon.colcon_parallel_executor.executor.parallel:closing loop
[1.157s] DEBUG:colcon.colcon_parallel_executor.executor.parallel:loop closed
[1.157s] DEBUG:colcon.colcon_parallel_executor.executor.parallel:run_until_complete finished with '0'
[1.157s] DEBUG:colcon.colcon_core.event_reactor:joining thread
[1.163s] INFO:colcon.colcon_core.plugin_system:Skipping extension 'colcon_notification.desktop_notification.terminal_notifier': Not used on non-Darwin systems
[1.163s] INFO:colcon.colcon_core.plugin_system:Skipping extension 'colcon_notification.desktop_notification.win32': Not used on non-Windows systems
[1.163s] INFO:colcon.colcon_notification.desktop_notification:Sending desktop notification using 'notify2'
[1.180s] DEBUG:colcon.colcon_core.event_reactor:joined thread
[1.180s] INFO:colcon.colcon_core.shell:Creating prefix script '/home/daguill/my_ws/install/local_setup.ps1'
[1.181s] INFO:colcon.colcon_core.shell:Creating prefix util module '/home/daguill/my_ws/install/_local_setup_util_ps1.py'
[1.183s] INFO:colcon.colcon_core.shell:Creating prefix chain script '/home/daguill/my_ws/install/setup.ps1'
[1.184s] INFO:colcon.colcon_core.shell:Creating prefix script '/home/daguill/my_ws/install/local_setup.sh'
[1.185s] INFO:colcon.colcon_core.shell:Creating prefix util module '/home/daguill/my_ws/install/_local_setup_util_sh.py'
[1.186s] INFO:colcon.colcon_core.shell:Creating prefix chain script '/home/daguill/my_ws/install/setup.sh'
[1.187s] INFO:colcon.colcon_core.shell:Creating prefix script '/home/daguill/my_ws/install/local_setup.bash'
[1.188s] INFO:colcon.colcon_core.shell:Creating prefix chain script '/home/daguill/my_ws/install/setup.bash'
[1.189s] INFO:colcon.colcon_core.shell:Creating prefix script '/home/daguill/my_ws/install/local_setup.zsh'
[1.189s] INFO:colcon.colcon_core.shell:Creating prefix chain script '/home/daguill/my_ws/install/setup.zsh'
