[0.086s] DEBUG:colcon:Command line arguments: ['/usr/bin/colcon', 'build', '--packages-select', 'c_arith']
[0.086s] DEBUG:colcon:Parsed command line arguments: Namespace(log_base=None, log_level=None, verb_name='build', build_base='build', install_base='install', merge_install=False, symlink_install=False, test_result_base=None, continue_on_error=False, executor='parallel', parallel_workers=12, event_handlers=None, ignore_user_meta=False, metas=['./colcon.meta'], base_paths=['.'], packages_ignore=None, packages_ignore_regex=None, paths=None, packages_up_to=None, packages_up_to_regex=None, packages_above=None, packages_above_and_dependencies=None, packages_above_depth=None, packages_select_by_dep=None, packages_skip_by_dep=None, packages_skip_up_to=None, packages_select_build_failed=False, packages_skip_build_finished=False, packages_select_test_failures=False, packages_skip_test_passed=False, packages_select=['c_arith'], packages_skip=None, packages_select_regex=None, packages_skip_regex=None, packages_start=None, packages_end=None, allow_overriding=[], cmake_args=None, cmake_target=None, cmake_target_skip_unavailable=False, cmake_clean_cache=False, cmake_clean_first=False, cmake_force_configure=False, ament_cmake_args=None, catkin_cmake_args=None, catkin_skip_building_tests=False, mixin_files=None, mixin=None, verb_parser=<colcon_mixin.mixin.mixin_argument.MixinArgumentDecorator object at 0x76c3ade39db0>, verb_extension=<colcon_core.verb.build.BuildVerb object at 0x76c3ade39540>, main=<bound method BuildVerb.main of <colcon_core.verb.build.BuildVerb object at 0x76c3ade39540>>, mixin_verb=('build',))
[0.210s] Level 1:colcon.colcon_core.package_discovery:discover_packages(colcon_meta) check parameters
[0.211s] Level 1:colcon.colcon_core.package_discovery:discover_packages(recursive) check parameters
[0.211s] Level 1:colcon.colcon_core.package_discovery:discover_packages(ignore) check parameters
[0.211s] Level 1:colcon.colcon_core.package_discovery:discover_packages(path) check parameters
[0.211s] Level 1:colcon.colcon_core.package_discovery:discover_packages(colcon_meta) discover
[0.211s] Level 1:colcon.colcon_core.package_discovery:discover_packages(recursive) discover
[0.211s] INFO:colcon.colcon_core.package_discovery:Crawling recursively for packages in '/home/daguill/my_ws'
[0.211s] Level 1:colcon.colcon_core.package_identification:_identify(.) by extensions ['ignore', 'ignore_ament_install']
[0.211s] Level 1:colcon.colcon_core.package_identification:_identify(.) by extension 'ignore'
[0.211s] Level 1:colcon.colcon_core.package_identification:_identify(.) by extension 'ignore_ament_install'
[0.211s] Level 1:colcon.colcon_core.package_identification:_identify(.) by extensions ['colcon_pkg']
[0.211s] Level 1:colcon.colcon_core.package_identification:_identify(.) by extension 'colcon_pkg'
[0.211s] Level 1:colcon.colcon_core.package_identification:_identify(.) by extensions ['colcon_meta']
[0.211s] Level 1:colcon.colcon_core.package_identification:_identify(.) by extension 'colcon_meta'
[0.211s] Level 1:colcon.colcon_core.package_identification:_identify(.) by extensions ['ros']
[0.211s] Level 1:colcon.colcon_core.package_identification:_identify(.) by extension 'ros'
[0.220s] Level 1:colcon.colcon_core.package_identification:_identify(.) by extensions ['cmake', 'python']
[0.220s] Level 1:colcon.colcon_core.package_identification:_identify(.) by extension 'cmake'
[0.220s] Level 1:colcon.colcon_core.package_identification:_identify(.) by extension 'python'
[0.220s] Level 1:colcon.colcon_core.package_identification:_identify(.) by extensions ['python_setup_py']
[0.220s] Level 1:colcon.colcon_core.package_identification:_identify(.) by extension 'python_setup_py'
[0.220s] Level 1:colcon.colcon_core.package_identification:_identify(build) by extensions ['ignore', 'ignore_ament_install']
[0.220s] Level 1:colcon.colcon_core.package_identification:_identify(build) by extension 'ignore'
[0.220s] Level 1:colcon.colcon_core.package_identification:_identify(build) ignored
[0.220s] Level 1:colcon.colcon_core.package_identification:_identify(install) by extensions ['ignore', 'ignore_ament_install']
[0.220s] Level 1:colcon.colcon_core.package_identification:_identify(install) by extension 'ignore'
[0.220s] Level 1:colcon.colcon_core.package_identification:_identify(install) ignored
[0.221s] Level 1:colcon.colcon_core.package_identification:_identify(log) by extensions ['ignore', 'ignore_ament_install']
[0.221s] Level 1:colcon.colcon_core.package_identification:_identify(log) by extension 'ignore'
[0.221s] Level 1:colcon.colcon_core.package_identification:_identify(log) ignored
[0.221s] Level 1:colcon.colcon_core.package_identification:_identify(src) by extensions ['ignore', 'ignore_ament_install']
[0.221s] Level 1:colcon.colcon_core.package_identification:_identify(src) by extension 'ignore'
[0.221s] Level 1:colcon.colcon_core.package_identification:_identify(src) by extension 'ignore_ament_install'
[0.221s] Level 1:colcon.colcon_core.package_identification:_identify(src) by extensions ['colcon_pkg']
[0.221s] Level 1:colcon.colcon_core.package_identification:_identify(src) by extension 'colcon_pkg'
[0.221s] Level 1:colcon.colcon_core.package_identification:_identify(src) by extensions ['colcon_meta']
[0.221s] Level 1:colcon.colcon_core.package_identification:_identify(src) by extension 'colcon_meta'
[0.221s] Level 1:colcon.colcon_core.package_identification:_identify(src) by extensions ['ros']
[0.221s] Level 1:colcon.colcon_core.package_identification:_identify(src) by extension 'ros'
[0.221s] Level 1:colcon.colcon_core.package_identification:_identify(src) by extensions ['cmake', 'python']
[0.221s] Level 1:colcon.colcon_core.package_identification:_identify(src) by extension 'cmake'
[0.222s] Level 1:colcon.colcon_core.package_identification:_identify(src) by extension 'python'
[0.222s] Level 1:colcon.colcon_core.package_identification:_identify(src) by extensions ['python_setup_py']
[0.222s] Level 1:colcon.colcon_core.package_identification:_identify(src) by extension 'python_setup_py'
[0.222s] Level 1:colcon.colcon_core.package_identification:_identify(src/build) by extensions ['ignore', 'ignore_ament_install']
[0.222s] Level 1:colcon.colcon_core.package_identification:_identify(src/build) by extension 'ignore'
[0.222s] Level 1:colcon.colcon_core.package_identification:_identify(src/build) ignored
[0.222s] Level 1:colcon.colcon_core.package_identification:_identify(src/c_arith) by extensions ['ignore', 'ignore_ament_install']
[0.222s] Level 1:colcon.colcon_core.package_identification:_identify(src/c_arith) by extension 'ignore'
[0.222s] Level 1:colcon.colcon_core.package_identification:_identify(src/c_arith) by extension 'ignore_ament_install'
[0.222s] Level 1:colcon.colcon_core.package_identification:_identify(src/c_arith) by extensions ['colcon_pkg']
[0.222s] Level 1:colcon.colcon_core.package_identification:_identify(src/c_arith) by extension 'colcon_pkg'
[0.222s] Level 1:colcon.colcon_core.package_identification:_identify(src/c_arith) by extensions ['colcon_meta']
[0.222s] Level 1:colcon.colcon_core.package_identification:_identify(src/c_arith) by extension 'colcon_meta'
[0.222s] Level 1:colcon.colcon_core.package_identification:_identify(src/c_arith) by extensions ['ros']
[0.222s] Level 1:colcon.colcon_core.package_identification:_identify(src/c_arith) by extension 'ros'
[0.224s] DEBUG:colcon.colcon_core.package_identification:Package 'src/c_arith' with type 'ros.ament_cmake' and name 'c_arith'
[0.224s] Level 1:colcon.colcon_core.package_identification:_identify(src/c_int) by extensions ['ignore', 'ignore_ament_install']
[0.224s] Level 1:colcon.colcon_core.package_identification:_identify(src/c_int) by extension 'ignore'
[0.225s] Level 1:colcon.colcon_core.package_identification:_identify(src/c_int) by extension 'ignore_ament_install'
[0.225s] Level 1:colcon.colcon_core.package_identification:_identify(src/c_int) by extensions ['colcon_pkg']
[0.225s] Level 1:colcon.colcon_core.package_identification:_identify(src/c_int) by extension 'colcon_pkg'
[0.225s] Level 1:colcon.colcon_core.package_identification:_identify(src/c_int) by extensions ['colcon_meta']
[0.225s] Level 1:colcon.colcon_core.package_identification:_identify(src/c_int) by extension 'colcon_meta'
[0.225s] Level 1:colcon.colcon_core.package_identification:_identify(src/c_int) by extensions ['ros']
[0.225s] Level 1:colcon.colcon_core.package_identification:_identify(src/c_int) by extension 'ros'
[0.225s] DEBUG:colcon.colcon_core.package_identification:Package 'src/c_int' with type 'ros.ament_cmake' and name 'c_int'
[0.225s] Level 1:colcon.colcon_core.package_identification:_identify(src/c_pckg) by extensions ['ignore', 'ignore_ament_install']
[0.225s] Level 1:colcon.colcon_core.package_identification:_identify(src/c_pckg) by extension 'ignore'
[0.226s] Level 1:colcon.colcon_core.package_identification:_identify(src/c_pckg) by extension 'ignore_ament_install'
[0.226s] Level 1:colcon.colcon_core.package_identification:_identify(src/c_pckg) by extensions ['colcon_pkg']
[0.226s] Level 1:colcon.colcon_core.package_identification:_identify(src/c_pckg) by extension 'colcon_pkg'
[0.226s] Level 1:colcon.colcon_core.package_identification:_identify(src/c_pckg) by extensions ['colcon_meta']
[0.226s] Level 1:colcon.colcon_core.package_identification:_identify(src/c_pckg) by extension 'colcon_meta'
[0.226s] Level 1:colcon.colcon_core.package_identification:_identify(src/c_pckg) by extensions ['ros']
[0.226s] Level 1:colcon.colcon_core.package_identification:_identify(src/c_pckg) by extension 'ros'
[0.226s] DEBUG:colcon.colcon_core.package_identification:Package 'src/c_pckg' with type 'ros.ament_cmake' and name 'c_pckg'
[0.226s] Level 1:colcon.colcon_core.package_identification:_identify(src/install) by extensions ['ignore', 'ignore_ament_install']
[0.226s] Level 1:colcon.colcon_core.package_identification:_identify(src/install) by extension 'ignore'
[0.227s] Level 1:colcon.colcon_core.package_identification:_identify(src/install) ignored
[0.227s] Level 1:colcon.colcon_core.package_identification:_identify(src/log) by extensions ['ignore', 'ignore_ament_install']
[0.227s] Level 1:colcon.colcon_core.package_identification:_identify(src/log) by extension 'ignore'
[0.227s] Level 1:colcon.colcon_core.package_identification:_identify(src/log) ignored
[0.227s] Level 1:colcon.colcon_core.package_identification:_identify(src/p_int) by extensions ['ignore', 'ignore_ament_install']
[0.227s] Level 1:colcon.colcon_core.package_identification:_identify(src/p_int) by extension 'ignore'
[0.227s] Level 1:colcon.colcon_core.package_identification:_identify(src/p_int) by extension 'ignore_ament_install'
[0.227s] Level 1:colcon.colcon_core.package_identification:_identify(src/p_int) by extensions ['colcon_pkg']
[0.227s] Level 1:colcon.colcon_core.package_identification:_identify(src/p_int) by extension 'colcon_pkg'
[0.227s] Level 1:colcon.colcon_core.package_identification:_identify(src/p_int) by extensions ['colcon_meta']
[0.227s] Level 1:colcon.colcon_core.package_identification:_identify(src/p_int) by extension 'colcon_meta'
[0.227s] Level 1:colcon.colcon_core.package_identification:_identify(src/p_int) by extensions ['ros']
[0.227s] Level 1:colcon.colcon_core.package_identification:_identify(src/p_int) by extension 'ros'
[0.228s] DEBUG:colcon.colcon_core.package_identification:Package 'src/p_int' with type 'ros.ament_python' and name 'p_int'
[0.228s] Level 1:colcon.colcon_core.package_identification:_identify(src/p_pckg) by extensions ['ignore', 'ignore_ament_install']
[0.228s] Level 1:colcon.colcon_core.package_identification:_identify(src/p_pckg) by extension 'ignore'
[0.228s] Level 1:colcon.colcon_core.package_identification:_identify(src/p_pckg) by extension 'ignore_ament_install'
[0.228s] Level 1:colcon.colcon_core.package_identification:_identify(src/p_pckg) by extensions ['colcon_pkg']
[0.228s] Level 1:colcon.colcon_core.package_identification:_identify(src/p_pckg) by extension 'colcon_pkg'
[0.228s] Level 1:colcon.colcon_core.package_identification:_identify(src/p_pckg) by extensions ['colcon_meta']
[0.228s] Level 1:colcon.colcon_core.package_identification:_identify(src/p_pckg) by extension 'colcon_meta'
[0.228s] Level 1:colcon.colcon_core.package_identification:_identify(src/p_pckg) by extensions ['ros']
[0.228s] Level 1:colcon.colcon_core.package_identification:_identify(src/p_pckg) by extension 'ros'
[0.229s] DEBUG:colcon.colcon_core.package_identification:Package 'src/p_pckg' with type 'ros.ament_python' and name 'p_pckg'
[0.229s] Level 1:colcon.colcon_core.package_discovery:discover_packages(recursive) using defaults
[0.229s] Level 1:colcon.colcon_core.package_discovery:discover_packages(ignore) discover
[0.229s] Level 1:colcon.colcon_core.package_discovery:discover_packages(ignore) using defaults
[0.229s] Level 1:colcon.colcon_core.package_discovery:discover_packages(path) discover
[0.229s] Level 1:colcon.colcon_core.package_discovery:discover_packages(path) using defaults
[0.244s] INFO:colcon.colcon_core.package_selection:Skipping not selected package 'c_int' in 'src/c_int'
[0.244s] INFO:colcon.colcon_core.package_selection:Skipping not selected package 'c_pckg' in 'src/c_pckg'
[0.244s] INFO:colcon.colcon_core.package_selection:Skipping not selected package 'p_int' in 'src/p_int'
[0.244s] INFO:colcon.colcon_core.package_selection:Skipping not selected package 'p_pckg' in 'src/p_pckg'
[0.244s] Level 1:colcon.colcon_core.package_discovery:discover_packages(prefix_path) check parameters
[0.244s] Level 1:colcon.colcon_core.package_discovery:discover_packages(prefix_path) discover
[0.246s] DEBUG:colcon.colcon_installed_package_information.package_discovery:Found 293 installed packages in /opt/ros/humble
[0.254s] Level 1:colcon.colcon_core.package_discovery:discover_packages(prefix_path) using defaults
[0.287s] Level 5:colcon.colcon_core.verb:set package 'c_arith' build argument 'cmake_args' from command line to 'None'
[0.287s] Level 5:colcon.colcon_core.verb:set package 'c_arith' build argument 'cmake_target' from command line to 'None'
[0.287s] Level 5:colcon.colcon_core.verb:set package 'c_arith' build argument 'cmake_target_skip_unavailable' from command line to 'False'
[0.287s] Level 5:colcon.colcon_core.verb:set package 'c_arith' build argument 'cmake_clean_cache' from command line to 'False'
[0.287s] Level 5:colcon.colcon_core.verb:set package 'c_arith' build argument 'cmake_clean_first' from command line to 'False'
[0.287s] Level 5:colcon.colcon_core.verb:set package 'c_arith' build argument 'cmake_force_configure' from command line to 'False'
[0.287s] Level 5:colcon.colcon_core.verb:set package 'c_arith' build argument 'ament_cmake_args' from command line to 'None'
[0.287s] Level 5:colcon.colcon_core.verb:set package 'c_arith' build argument 'catkin_cmake_args' from command line to 'None'
[0.287s] Level 5:colcon.colcon_core.verb:set package 'c_arith' build argument 'catkin_skip_building_tests' from command line to 'False'
[0.287s] DEBUG:colcon.colcon_core.verb:Building package 'c_arith' with the following arguments: {'ament_cmake_args': None, 'build_base': '/home/daguill/my_ws/build/c_arith', 'catkin_cmake_args': None, 'catkin_skip_building_tests': False, 'cmake_args': None, 'cmake_clean_cache': False, 'cmake_clean_first': False, 'cmake_force_configure': False, 'cmake_target': None, 'cmake_target_skip_unavailable': False, 'install_base': '/home/daguill/my_ws/install/c_arith', 'merge_install': False, 'path': '/home/daguill/my_ws/src/c_arith', 'symlink_install': False, 'test_result_base': None}
[0.287s] INFO:colcon.colcon_core.executor:Executing jobs using 'parallel' executor
[0.288s] DEBUG:colcon.colcon_parallel_executor.executor.parallel:run_until_complete
[0.288s] INFO:colcon.colcon_ros.task.ament_cmake.build:Building ROS package in '/home/daguill/my_ws/src/c_arith' with build type 'ament_cmake'
[0.288s] INFO:colcon.colcon_cmake.task.cmake.build:Building CMake package in '/home/daguill/my_ws/src/c_arith'
[0.290s] INFO:colcon.colcon_core.plugin_system:Skipping extension 'colcon_core.shell.bat': Not used on non-Windows systems
[0.290s] INFO:colcon.colcon_core.shell:Skip shell extension 'powershell' for command environment: Not usable outside of PowerShell
[0.290s] DEBUG:colcon.colcon_core.shell:Skip shell extension 'dsv' for command environment
[0.298s] DEBUG:colcon.colcon_core.event_handler.log_command:Invoking command in '/home/daguill/my_ws/build/c_arith': CMAKE_PREFIX_PATH=/opt/ros/humble /usr/bin/cmake --build /home/daguill/my_ws/build/c_arith -- -j12 -l12
[7.170s] DEBUG:colcon.colcon_core.event_handler.log_command:Invoked command in '/home/daguill/my_ws/build/c_arith' returned '0': CMAKE_PREFIX_PATH=/opt/ros/humble /usr/bin/cmake --build /home/daguill/my_ws/build/c_arith -- -j12 -l12
[7.193s] DEBUG:colcon.colcon_core.event_handler.log_command:Invoking command in '/home/daguill/my_ws/build/c_arith': CMAKE_PREFIX_PATH=/opt/ros/humble /usr/bin/cmake --install /home/daguill/my_ws/build/c_arith
[7.202s] Level 1:colcon.colcon_core.environment:create_environment_scripts_only(c_arith)
[7.203s] DEBUG:colcon.colcon_core.event_handler.log_command:Invoked command in '/home/daguill/my_ws/build/c_arith' returned '0': CMAKE_PREFIX_PATH=/opt/ros/humble /usr/bin/cmake --install /home/daguill/my_ws/build/c_arith
[7.205s] Level 1:colcon.colcon_core.environment:checking '/home/daguill/my_ws/install/c_arith' for CMake module files
[7.205s] Level 1:colcon.colcon_core.environment:checking '/home/daguill/my_ws/install/c_arith' for CMake config files
[7.205s] Level 1:colcon.colcon_core.shell:create_environment_hook('c_arith', 'cmake_prefix_path')
[7.206s] INFO:colcon.colcon_core.shell:Creating environment hook '/home/daguill/my_ws/install/c_arith/share/c_arith/hook/cmake_prefix_path.ps1'
[7.206s] INFO:colcon.colcon_core.shell:Creating environment descriptor '/home/daguill/my_ws/install/c_arith/share/c_arith/hook/cmake_prefix_path.dsv'
[7.206s] INFO:colcon.colcon_core.shell:Creating environment hook '/home/daguill/my_ws/install/c_arith/share/c_arith/hook/cmake_prefix_path.sh'
[7.207s] Level 1:colcon.colcon_core.environment:checking '/home/daguill/my_ws/install/c_arith/lib'
[7.207s] Level 1:colcon.colcon_core.environment:checking '/home/daguill/my_ws/install/c_arith/bin'
[7.207s] Level 1:colcon.colcon_core.environment:checking '/home/daguill/my_ws/install/c_arith/lib/pkgconfig/c_arith.pc'
[7.208s] Level 1:colcon.colcon_core.environment:checking '/home/daguill/my_ws/install/c_arith/lib/python3.10/site-packages'
[7.208s] Level 1:colcon.colcon_core.environment:checking '/home/daguill/my_ws/install/c_arith/bin'
[7.208s] INFO:colcon.colcon_core.shell:Creating package script '/home/daguill/my_ws/install/c_arith/share/c_arith/package.ps1'
[7.209s] INFO:colcon.colcon_core.shell:Creating package descriptor '/home/daguill/my_ws/install/c_arith/share/c_arith/package.dsv'
[7.209s] INFO:colcon.colcon_core.shell:Creating package script '/home/daguill/my_ws/install/c_arith/share/c_arith/package.sh'
[7.210s] INFO:colcon.colcon_core.shell:Creating package script '/home/daguill/my_ws/install/c_arith/share/c_arith/package.bash'
[7.210s] INFO:colcon.colcon_core.shell:Creating package script '/home/daguill/my_ws/install/c_arith/share/c_arith/package.zsh'
[7.211s] Level 1:colcon.colcon_core.environment:create_file_with_runtime_dependencies(/home/daguill/my_ws/install/c_arith/share/colcon-core/packages/c_arith)
[7.227s] Level 1:colcon.colcon_core.environment:create_environment_scripts_only(c_arith)
[7.227s] Level 1:colcon.colcon_core.environment:checking '/home/daguill/my_ws/install/c_arith' for CMake module files
[7.227s] Level 1:colcon.colcon_core.environment:checking '/home/daguill/my_ws/install/c_arith' for CMake config files
[7.228s] Level 1:colcon.colcon_core.shell:create_environment_hook('c_arith', 'cmake_prefix_path')
[7.228s] INFO:colcon.colcon_core.shell:Creating environment hook '/home/daguill/my_ws/install/c_arith/share/c_arith/hook/cmake_prefix_path.ps1'
[7.228s] INFO:colcon.colcon_core.shell:Creating environment descriptor '/home/daguill/my_ws/install/c_arith/share/c_arith/hook/cmake_prefix_path.dsv'
[7.228s] INFO:colcon.colcon_core.shell:Creating environment hook '/home/daguill/my_ws/install/c_arith/share/c_arith/hook/cmake_prefix_path.sh'
[7.229s] Level 1:colcon.colcon_core.environment:checking '/home/daguill/my_ws/install/c_arith/lib'
[7.229s] Level 1:colcon.colcon_core.environment:checking '/home/daguill/my_ws/install/c_arith/bin'
[7.229s] Level 1:colcon.colcon_core.environment:checking '/home/daguill/my_ws/install/c_arith/lib/pkgconfig/c_arith.pc'
[7.229s] Level 1:colcon.colcon_core.environment:checking '/home/daguill/my_ws/install/c_arith/lib/python3.10/site-packages'
[7.229s] Level 1:colcon.colcon_core.environment:checking '/home/daguill/my_ws/install/c_arith/bin'
[7.230s] INFO:colcon.colcon_core.shell:Creating package script '/home/daguill/my_ws/install/c_arith/share/c_arith/package.ps1'
[7.230s] INFO:colcon.colcon_core.shell:Creating package descriptor '/home/daguill/my_ws/install/c_arith/share/c_arith/package.dsv'
[7.231s] INFO:colcon.colcon_core.shell:Creating package script '/home/daguill/my_ws/install/c_arith/share/c_arith/package.sh'
[7.231s] INFO:colcon.colcon_core.shell:Creating package script '/home/daguill/my_ws/install/c_arith/share/c_arith/package.bash'
[7.231s] INFO:colcon.colcon_core.shell:Creating package script '/home/daguill/my_ws/install/c_arith/share/c_arith/package.zsh'
[7.232s] Level 1:colcon.colcon_core.environment:create_file_with_runtime_dependencies(/home/daguill/my_ws/install/c_arith/share/colcon-core/packages/c_arith)
[7.232s] DEBUG:colcon.colcon_parallel_executor.executor.parallel:closing loop
[7.232s] DEBUG:colcon.colcon_parallel_executor.executor.parallel:loop closed
[7.232s] DEBUG:colcon.colcon_parallel_executor.executor.parallel:run_until_complete finished with '0'
[7.232s] DEBUG:colcon.colcon_core.event_reactor:joining thread
[7.237s] INFO:colcon.colcon_core.plugin_system:Skipping extension 'colcon_notification.desktop_notification.terminal_notifier': Not used on non-Darwin systems
[7.237s] INFO:colcon.colcon_core.plugin_system:Skipping extension 'colcon_notification.desktop_notification.win32': Not used on non-Windows systems
[7.237s] INFO:colcon.colcon_notification.desktop_notification:Sending desktop notification using 'notify2'
[7.244s] DEBUG:colcon.colcon_core.event_reactor:joined thread
[7.244s] INFO:colcon.colcon_core.shell:Creating prefix script '/home/daguill/my_ws/install/local_setup.ps1'
[7.245s] INFO:colcon.colcon_core.shell:Creating prefix util module '/home/daguill/my_ws/install/_local_setup_util_ps1.py'
[7.246s] INFO:colcon.colcon_core.shell:Creating prefix chain script '/home/daguill/my_ws/install/setup.ps1'
[7.247s] INFO:colcon.colcon_core.shell:Creating prefix script '/home/daguill/my_ws/install/local_setup.sh'
[7.248s] INFO:colcon.colcon_core.shell:Creating prefix util module '/home/daguill/my_ws/install/_local_setup_util_sh.py'
[7.248s] INFO:colcon.colcon_core.shell:Creating prefix chain script '/home/daguill/my_ws/install/setup.sh'
[7.249s] INFO:colcon.colcon_core.shell:Creating prefix script '/home/daguill/my_ws/install/local_setup.bash'
[7.249s] INFO:colcon.colcon_core.shell:Creating prefix chain script '/home/daguill/my_ws/install/setup.bash'
[7.250s] INFO:colcon.colcon_core.shell:Creating prefix script '/home/daguill/my_ws/install/local_setup.zsh'
[7.251s] INFO:colcon.colcon_core.shell:Creating prefix chain script '/home/daguill/my_ws/install/setup.zsh'
