[ 83%] Built target tranceiver
[ 66%] [32mBuilding CXX object CMakeFiles/talker.dir/src/publisher_member_function.cpp.o[0m
[ 83%] Built target listener
[100%] [32m[1mLinking CXX executable talker[0m
[100%] Built target talker
-- Install configuration: ""
-- Installing: /home/daguill/my_ws/install/c_pckg/lib/c_pckg/talker
-- Set runtime path of "/home/daguill/my_ws/install/c_pckg/lib/c_pckg/talker" to ""
-- Up-to-date: /home/daguill/my_ws/install/c_pckg/lib/c_pckg/listener
-- Up-to-date: /home/daguill/my_ws/install/c_pckg/lib/c_pckg/tranceiver
-- Up-to-date: /home/daguill/my_ws/install/c_pckg/share/ament_index/resource_index/package_run_dependencies/c_pckg
-- Up-to-date: /home/daguill/my_ws/install/c_pckg/share/ament_index/resource_index/parent_prefix_path/c_pckg
-- Up-to-date: /home/daguill/my_ws/install/c_pckg/share/c_pckg/environment/ament_prefix_path.sh
-- Up-to-date: /home/daguill/my_ws/install/c_pckg/share/c_pckg/environment/ament_prefix_path.dsv
-- Up-to-date: /home/daguill/my_ws/install/c_pckg/share/c_pckg/environment/path.sh
-- Up-to-date: /home/daguill/my_ws/install/c_pckg/share/c_pckg/environment/path.dsv
-- Up-to-date: /home/daguill/my_ws/install/c_pckg/share/c_pckg/local_setup.bash
-- Up-to-date: /home/daguill/my_ws/install/c_pckg/share/c_pckg/local_setup.sh
-- Up-to-date: /home/daguill/my_ws/install/c_pckg/share/c_pckg/local_setup.zsh
-- Up-to-date: /home/daguill/my_ws/install/c_pckg/share/c_pckg/local_setup.dsv
-- Installing: /home/daguill/my_ws/install/c_pckg/share/c_pckg/package.dsv
-- Up-to-date: /home/daguill/my_ws/install/c_pckg/share/ament_index/resource_index/packages/c_pckg
-- Up-to-date: /home/daguill/my_ws/install/c_pckg/share/c_pckg/cmake/c_pckgConfig.cmake
-- Up-to-date: /home/daguill/my_ws/install/c_pckg/share/c_pckg/cmake/c_pckgConfig-version.cmake
-- Up-to-date: /home/daguill/my_ws/install/c_pckg/share/c_pckg/package.xml
