running egg_info
writing ../build/p_srv_coms/p_srv_coms.egg-info/PKG-INFO
writing dependency_links to ../build/p_srv_coms/p_srv_coms.egg-info/dependency_links.txt
writing entry points to ../build/p_srv_coms/p_srv_coms.egg-info/entry_points.txt
writing requirements to ../build/p_srv_coms/p_srv_coms.egg-info/requires.txt
writing top-level names to ../build/p_srv_coms/p_srv_coms.egg-info/top_level.txt
reading manifest file '../build/p_srv_coms/p_srv_coms.egg-info/SOURCES.txt'
adding license file 'LICENSE'
writing manifest file '../build/p_srv_coms/p_srv_coms.egg-info/SOURCES.txt'
running build
running build_py
running install
running install_lib
running install_data
running install_egg_info
removing '/home/daguill/ros2_humble/adv_ws/src/install/p_srv_coms/lib/python3.10/site-packages/p_srv_coms-0.0.0-py3.10.egg-info' (and everything under it)
Copying ../build/p_srv_coms/p_srv_coms.egg-info to /home/daguill/ros2_humble/adv_ws/src/install/p_srv_coms/lib/python3.10/site-packages/p_srv_coms-0.0.0-py3.10.egg-info
running install_scripts
Installing client script to /home/daguill/ros2_humble/adv_ws/src/install/p_srv_coms/lib/p_srv_coms
Installing server script to /home/daguill/ros2_humble/adv_ws/src/install/p_srv_coms/lib/p_srv_coms
writing list of installed files to '/home/daguill/ros2_humble/adv_ws/src/build/p_srv_coms/install.log'
