[0.011s] Invoking command in '/home/daguill/my_ws/build/c_int': CMAKE_PREFIX_PATH=${CMAKE_PREFIX_PATH}:/home/daguill/my_ws/install/p_pckg:/opt/ros/humble /usr/bin/cmake --build /home/daguill/my_ws/build/c_int -- -j12 -l12
[0.041s] [35m[1mConsolidate compiler generated dependencies of target pub_array[0m
[0.053s] [100%] Built target pub_array
[0.061s] Invoked command in '/home/daguill/my_ws/build/c_int' returned '0': CMAKE_PREFIX_PATH=${CMAKE_PREFIX_PATH}:/home/daguill/my_ws/install/p_pckg:/opt/ros/humble /usr/bin/cmake --build /home/daguill/my_ws/build/c_int -- -j12 -l12
[0.086s] Invoking command in '/home/daguill/my_ws/build/c_int': CMAKE_PREFIX_PATH=${CMAKE_PREFIX_PATH}:/home/daguill/my_ws/install/p_pckg:/opt/ros/humble /usr/bin/cmake --install /home/daguill/my_ws/build/c_int
[0.092s] -- Install configuration: ""
[0.092s] -- Up-to-date: /home/daguill/my_ws/install/c_int/lib/c_int/pub_array
[0.092s] -- Up-to-date: /home/daguill/my_ws/install/c_int/share/c_int//launch
[0.092s] -- Installing: /home/daguill/my_ws/install/c_int/share/c_int//launch/_launch.py
[0.092s] -- Up-to-date: /home/daguill/my_ws/install/c_int/share/ament_index/resource_index/package_run_dependencies/c_int
[0.092s] -- Up-to-date: /home/daguill/my_ws/install/c_int/share/ament_index/resource_index/parent_prefix_path/c_int
[0.093s] -- Up-to-date: /home/daguill/my_ws/install/c_int/share/c_int/environment/ament_prefix_path.sh
[0.093s] -- Up-to-date: /home/daguill/my_ws/install/c_int/share/c_int/environment/ament_prefix_path.dsv
[0.093s] -- Up-to-date: /home/daguill/my_ws/install/c_int/share/c_int/environment/path.sh
[0.093s] -- Up-to-date: /home/daguill/my_ws/install/c_int/share/c_int/environment/path.dsv
[0.093s] -- Up-to-date: /home/daguill/my_ws/install/c_int/share/c_int/local_setup.bash
[0.093s] -- Up-to-date: /home/daguill/my_ws/install/c_int/share/c_int/local_setup.sh
[0.093s] -- Up-to-date: /home/daguill/my_ws/install/c_int/share/c_int/local_setup.zsh
[0.093s] -- Up-to-date: /home/daguill/my_ws/install/c_int/share/c_int/local_setup.dsv
[0.093s] -- Installing: /home/daguill/my_ws/install/c_int/share/c_int/package.dsv
[0.093s] -- Up-to-date: /home/daguill/my_ws/install/c_int/share/ament_index/resource_index/packages/c_int
[0.093s] -- Up-to-date: /home/daguill/my_ws/install/c_int/share/c_int/cmake/c_intConfig.cmake
[0.093s] -- Up-to-date: /home/daguill/my_ws/install/c_int/share/c_int/cmake/c_intConfig-version.cmake
[0.093s] -- Up-to-date: /home/daguill/my_ws/install/c_int/share/c_int/package.xml
[0.094s] Invoked command in '/home/daguill/my_ws/build/c_int' returned '0': CMAKE_PREFIX_PATH=${CMAKE_PREFIX_PATH}:/home/daguill/my_ws/install/p_pckg:/opt/ros/humble /usr/bin/cmake --install /home/daguill/my_ws/build/c_int
