[0.020s] Invoking command in '/home/daguill/my_ws/build/c_int': CMAKE_PREFIX_PATH=/opt/ros/humble /usr/bin/cmake --build /home/daguill/my_ws/build/c_int -- -j12 -l12
[0.096s] [35m[1mConsolidate compiler generated dependencies of target sub_array[0m
[0.120s] [ 50%] Built target sub_array
[0.122s] [100%] Built target pub_array
[0.249s] Invoked command in '/home/daguill/my_ws/build/c_int' returned '0': CMAKE_PREFIX_PATH=/opt/ros/humble /usr/bin/cmake --build /home/daguill/my_ws/build/c_int -- -j12 -l12
[0.279s] Invoking command in '/home/daguill/my_ws/build/c_int': CMAKE_PREFIX_PATH=/opt/ros/humble /usr/bin/cmake --install /home/daguill/my_ws/build/c_int
[0.285s] -- Install configuration: ""
[0.286s] -- Up-to-date: /home/daguill/my_ws/install/c_int/lib/c_int/pub_array
[0.287s] -- Up-to-date: /home/daguill/my_ws/install/c_int/lib/c_int/sub_array
[0.287s] -- Up-to-date: /home/daguill/my_ws/install/c_int/share/c_int//launch
[0.287s] -- Up-to-date: /home/daguill/my_ws/install/c_int/share/c_int//launch/_launch.py
[0.288s] -- Up-to-date: /home/daguill/my_ws/install/c_int/share/ament_index/resource_index/package_run_dependencies/c_int
[0.288s] -- Up-to-date: /home/daguill/my_ws/install/c_int/share/ament_index/resource_index/parent_prefix_path/c_int
[0.288s] -- Up-to-date: /home/daguill/my_ws/install/c_int/share/c_int/environment/ament_prefix_path.sh
[0.288s] -- Up-to-date: /home/daguill/my_ws/install/c_int/share/c_int/environment/ament_prefix_path.dsv
[0.288s] -- Up-to-date: /home/daguill/my_ws/install/c_int/share/c_int/environment/path.sh
[0.288s] -- Up-to-date: /home/daguill/my_ws/install/c_int/share/c_int/environment/path.dsv
[0.288s] -- Up-to-date: /home/daguill/my_ws/install/c_int/share/c_int/local_setup.bash
[0.288s] -- Up-to-date: /home/daguill/my_ws/install/c_int/share/c_int/local_setup.sh
[0.288s] -- Up-to-date: /home/daguill/my_ws/install/c_int/share/c_int/local_setup.zsh
[0.288s] -- Up-to-date: /home/daguill/my_ws/install/c_int/share/c_int/local_setup.dsv
[0.288s] -- Installing: /home/daguill/my_ws/install/c_int/share/c_int/package.dsv
[0.288s] -- Up-to-date: /home/daguill/my_ws/install/c_int/share/ament_index/resource_index/packages/c_int
[0.288s] -- Up-to-date: /home/daguill/my_ws/install/c_int/share/c_int/cmake/c_intConfig.cmake
[0.288s] -- Up-to-date: /home/daguill/my_ws/install/c_int/share/c_int/cmake/c_intConfig-version.cmake
[0.289s] -- Up-to-date: /home/daguill/my_ws/install/c_int/share/c_int/package.xml
[0.290s] Invoked command in '/home/daguill/my_ws/build/c_int' returned '0': CMAKE_PREFIX_PATH=/opt/ros/humble /usr/bin/cmake --install /home/daguill/my_ws/build/c_int
