[0.090s] DEBUG:colcon:Command line arguments: ['/usr/bin/colcon', 'build']
[0.090s] DEBUG:colcon:Parsed command line arguments: Namespace(log_base=None, log_level=None, verb_name='build', build_base='build', install_base='install', merge_install=False, symlink_install=False, test_result_base=None, continue_on_error=False, executor='parallel', parallel_workers=12, event_handlers=None, ignore_user_meta=False, metas=['./colcon.meta'], base_paths=['.'], packages_ignore=None, packages_ignore_regex=None, paths=None, packages_up_to=None, packages_up_to_regex=None, packages_above=None, packages_above_and_dependencies=None, packages_above_depth=None, packages_select_by_dep=None, packages_skip_by_dep=None, packages_skip_up_to=None, packages_select_build_failed=False, packages_skip_build_finished=False, packages_select_test_failures=False, packages_skip_test_passed=False, packages_select=None, packages_skip=None, packages_select_regex=None, packages_skip_regex=None, packages_start=None, packages_end=None, allow_overriding=[], cmake_args=None, cmake_target=None, cmake_target_skip_unavailable=False, cmake_clean_cache=False, cmake_clean_first=False, cmake_force_configure=False, ament_cmake_args=None, catkin_cmake_args=None, catkin_skip_building_tests=False, mixin_files=None, mixin=None, verb_parser=<colcon_mixin.mixin.mixin_argument.MixinArgumentDecorator object at 0x7e8abcc35ab0>, verb_extension=<colcon_core.verb.build.BuildVerb object at 0x7e8abcc35240>, main=<bound method BuildVerb.main of <colcon_core.verb.build.BuildVerb object at 0x7e8abcc35240>>, mixin_verb=('build',))
[0.221s] Level 1:colcon.colcon_core.package_discovery:discover_packages(colcon_meta) check parameters
[0.221s] Level 1:colcon.colcon_core.package_discovery:discover_packages(recursive) check parameters
[0.221s] Level 1:colcon.colcon_core.package_discovery:discover_packages(ignore) check parameters
[0.221s] Level 1:colcon.colcon_core.package_discovery:discover_packages(path) check parameters
[0.221s] Level 1:colcon.colcon_core.package_discovery:discover_packages(colcon_meta) discover
[0.221s] Level 1:colcon.colcon_core.package_discovery:discover_packages(recursive) discover
[0.221s] INFO:colcon.colcon_core.package_discovery:Crawling recursively for packages in '/home/daguill/my_ws'
[0.221s] Level 1:colcon.colcon_core.package_identification:_identify(.) by extensions ['ignore', 'ignore_ament_install']
[0.222s] Level 1:colcon.colcon_core.package_identification:_identify(.) by extension 'ignore'
[0.222s] Level 1:colcon.colcon_core.package_identification:_identify(.) by extension 'ignore_ament_install'
[0.222s] Level 1:colcon.colcon_core.package_identification:_identify(.) by extensions ['colcon_pkg']
[0.222s] Level 1:colcon.colcon_core.package_identification:_identify(.) by extension 'colcon_pkg'
[0.222s] Level 1:colcon.colcon_core.package_identification:_identify(.) by extensions ['colcon_meta']
[0.222s] Level 1:colcon.colcon_core.package_identification:_identify(.) by extension 'colcon_meta'
[0.222s] Level 1:colcon.colcon_core.package_identification:_identify(.) by extensions ['ros']
[0.222s] Level 1:colcon.colcon_core.package_identification:_identify(.) by extension 'ros'
[0.231s] Level 1:colcon.colcon_core.package_identification:_identify(.) by extensions ['cmake', 'python']
[0.231s] Level 1:colcon.colcon_core.package_identification:_identify(.) by extension 'cmake'
[0.231s] Level 1:colcon.colcon_core.package_identification:_identify(.) by extension 'python'
[0.231s] Level 1:colcon.colcon_core.package_identification:_identify(.) by extensions ['python_setup_py']
[0.231s] Level 1:colcon.colcon_core.package_identification:_identify(.) by extension 'python_setup_py'
[0.231s] Level 1:colcon.colcon_core.package_identification:_identify(build) by extensions ['ignore', 'ignore_ament_install']
[0.231s] Level 1:colcon.colcon_core.package_identification:_identify(build) by extension 'ignore'
[0.231s] Level 1:colcon.colcon_core.package_identification:_identify(build) ignored
[0.231s] Level 1:colcon.colcon_core.package_identification:_identify(install) by extensions ['ignore', 'ignore_ament_install']
[0.231s] Level 1:colcon.colcon_core.package_identification:_identify(install) by extension 'ignore'
[0.231s] Level 1:colcon.colcon_core.package_identification:_identify(install) ignored
[0.231s] Level 1:colcon.colcon_core.package_identification:_identify(log) by extensions ['ignore', 'ignore_ament_install']
[0.232s] Level 1:colcon.colcon_core.package_identification:_identify(log) by extension 'ignore'
[0.232s] Level 1:colcon.colcon_core.package_identification:_identify(log) ignored
[0.232s] Level 1:colcon.colcon_core.package_identification:_identify(src) by extensions ['ignore', 'ignore_ament_install']
[0.232s] Level 1:colcon.colcon_core.package_identification:_identify(src) by extension 'ignore'
[0.232s] Level 1:colcon.colcon_core.package_identification:_identify(src) by extension 'ignore_ament_install'
[0.232s] Level 1:colcon.colcon_core.package_identification:_identify(src) by extensions ['colcon_pkg']
[0.232s] Level 1:colcon.colcon_core.package_identification:_identify(src) by extension 'colcon_pkg'
[0.232s] Level 1:colcon.colcon_core.package_identification:_identify(src) by extensions ['colcon_meta']
[0.232s] Level 1:colcon.colcon_core.package_identification:_identify(src) by extension 'colcon_meta'
[0.232s] Level 1:colcon.colcon_core.package_identification:_identify(src) by extensions ['ros']
[0.232s] Level 1:colcon.colcon_core.package_identification:_identify(src) by extension 'ros'
[0.232s] Level 1:colcon.colcon_core.package_identification:_identify(src) by extensions ['cmake', 'python']
[0.232s] Level 1:colcon.colcon_core.package_identification:_identify(src) by extension 'cmake'
[0.232s] Level 1:colcon.colcon_core.package_identification:_identify(src) by extension 'python'
[0.232s] Level 1:colcon.colcon_core.package_identification:_identify(src) by extensions ['python_setup_py']
[0.232s] Level 1:colcon.colcon_core.package_identification:_identify(src) by extension 'python_setup_py'
[0.232s] Level 1:colcon.colcon_core.package_identification:_identify(src/c_pckg) by extensions ['ignore', 'ignore_ament_install']
[0.232s] Level 1:colcon.colcon_core.package_identification:_identify(src/c_pckg) by extension 'ignore'
[0.232s] Level 1:colcon.colcon_core.package_identification:_identify(src/c_pckg) by extension 'ignore_ament_install'
[0.232s] Level 1:colcon.colcon_core.package_identification:_identify(src/c_pckg) by extensions ['colcon_pkg']
[0.232s] Level 1:colcon.colcon_core.package_identification:_identify(src/c_pckg) by extension 'colcon_pkg'
[0.232s] Level 1:colcon.colcon_core.package_identification:_identify(src/c_pckg) by extensions ['colcon_meta']
[0.232s] Level 1:colcon.colcon_core.package_identification:_identify(src/c_pckg) by extension 'colcon_meta'
[0.233s] Level 1:colcon.colcon_core.package_identification:_identify(src/c_pckg) by extensions ['ros']
[0.233s] Level 1:colcon.colcon_core.package_identification:_identify(src/c_pckg) by extension 'ros'
[0.234s] DEBUG:colcon.colcon_core.package_identification:Package 'src/c_pckg' with type 'ros.ament_cmake' and name 'c_pckg'
[0.234s] Level 1:colcon.colcon_core.package_identification:_identify(src/p_pckg) by extensions ['ignore', 'ignore_ament_install']
[0.235s] Level 1:colcon.colcon_core.package_identification:_identify(src/p_pckg) by extension 'ignore'
[0.235s] Level 1:colcon.colcon_core.package_identification:_identify(src/p_pckg) by extension 'ignore_ament_install'
[0.235s] Level 1:colcon.colcon_core.package_identification:_identify(src/p_pckg) by extensions ['colcon_pkg']
[0.235s] Level 1:colcon.colcon_core.package_identification:_identify(src/p_pckg) by extension 'colcon_pkg'
[0.235s] Level 1:colcon.colcon_core.package_identification:_identify(src/p_pckg) by extensions ['colcon_meta']
[0.235s] Level 1:colcon.colcon_core.package_identification:_identify(src/p_pckg) by extension 'colcon_meta'
[0.235s] Level 1:colcon.colcon_core.package_identification:_identify(src/p_pckg) by extensions ['ros']
[0.235s] Level 1:colcon.colcon_core.package_identification:_identify(src/p_pckg) by extension 'ros'
[0.235s] DEBUG:colcon.colcon_core.package_identification:Package 'src/p_pckg' with type 'ros.ament_python' and name 'p_pckg'
[0.235s] Level 1:colcon.colcon_core.package_discovery:discover_packages(recursive) using defaults
[0.235s] Level 1:colcon.colcon_core.package_discovery:discover_packages(ignore) discover
[0.235s] Level 1:colcon.colcon_core.package_discovery:discover_packages(ignore) using defaults
[0.235s] Level 1:colcon.colcon_core.package_discovery:discover_packages(path) discover
[0.235s] Level 1:colcon.colcon_core.package_discovery:discover_packages(path) using defaults
[0.250s] Level 1:colcon.colcon_core.package_discovery:discover_packages(prefix_path) check parameters
[0.250s] Level 1:colcon.colcon_core.package_discovery:discover_packages(prefix_path) discover
[0.252s] DEBUG:colcon.colcon_installed_package_information.package_discovery:Found 270 installed packages in /opt/ros/humble
[0.253s] Level 1:colcon.colcon_core.package_discovery:discover_packages(prefix_path) using defaults
[0.290s] Level 5:colcon.colcon_core.verb:set package 'c_pckg' build argument 'cmake_args' from command line to 'None'
[0.291s] Level 5:colcon.colcon_core.verb:set package 'c_pckg' build argument 'cmake_target' from command line to 'None'
[0.291s] Level 5:colcon.colcon_core.verb:set package 'c_pckg' build argument 'cmake_target_skip_unavailable' from command line to 'False'
[0.291s] Level 5:colcon.colcon_core.verb:set package 'c_pckg' build argument 'cmake_clean_cache' from command line to 'False'
[0.291s] Level 5:colcon.colcon_core.verb:set package 'c_pckg' build argument 'cmake_clean_first' from command line to 'False'
[0.291s] Level 5:colcon.colcon_core.verb:set package 'c_pckg' build argument 'cmake_force_configure' from command line to 'False'
[0.291s] Level 5:colcon.colcon_core.verb:set package 'c_pckg' build argument 'ament_cmake_args' from command line to 'None'
[0.291s] Level 5:colcon.colcon_core.verb:set package 'c_pckg' build argument 'catkin_cmake_args' from command line to 'None'
[0.291s] Level 5:colcon.colcon_core.verb:set package 'c_pckg' build argument 'catkin_skip_building_tests' from command line to 'False'
[0.291s] DEBUG:colcon.colcon_core.verb:Building package 'c_pckg' with the following arguments: {'ament_cmake_args': None, 'build_base': '/home/daguill/my_ws/build/c_pckg', 'catkin_cmake_args': None, 'catkin_skip_building_tests': False, 'cmake_args': None, 'cmake_clean_cache': False, 'cmake_clean_first': False, 'cmake_force_configure': False, 'cmake_target': None, 'cmake_target_skip_unavailable': False, 'install_base': '/home/daguill/my_ws/install/c_pckg', 'merge_install': False, 'path': '/home/daguill/my_ws/src/c_pckg', 'symlink_install': False, 'test_result_base': None}
[0.291s] Level 5:colcon.colcon_core.verb:set package 'p_pckg' build argument 'cmake_args' from command line to 'None'
[0.291s] Level 5:colcon.colcon_core.verb:set package 'p_pckg' build argument 'cmake_target' from command line to 'None'
[0.291s] Level 5:colcon.colcon_core.verb:set package 'p_pckg' build argument 'cmake_target_skip_unavailable' from command line to 'False'
[0.291s] Level 5:colcon.colcon_core.verb:set package 'p_pckg' build argument 'cmake_clean_cache' from command line to 'False'
[0.291s] Level 5:colcon.colcon_core.verb:set package 'p_pckg' build argument 'cmake_clean_first' from command line to 'False'
[0.291s] Level 5:colcon.colcon_core.verb:set package 'p_pckg' build argument 'cmake_force_configure' from command line to 'False'
[0.291s] Level 5:colcon.colcon_core.verb:set package 'p_pckg' build argument 'ament_cmake_args' from command line to 'None'
[0.291s] Level 5:colcon.colcon_core.verb:set package 'p_pckg' build argument 'catkin_cmake_args' from command line to 'None'
[0.291s] Level 5:colcon.colcon_core.verb:set package 'p_pckg' build argument 'catkin_skip_building_tests' from command line to 'False'
[0.291s] DEBUG:colcon.colcon_core.verb:Building package 'p_pckg' with the following arguments: {'ament_cmake_args': None, 'build_base': '/home/daguill/my_ws/build/p_pckg', 'catkin_cmake_args': None, 'catkin_skip_building_tests': False, 'cmake_args': None, 'cmake_clean_cache': False, 'cmake_clean_first': False, 'cmake_force_configure': False, 'cmake_target': None, 'cmake_target_skip_unavailable': False, 'install_base': '/home/daguill/my_ws/install/p_pckg', 'merge_install': False, 'path': '/home/daguill/my_ws/src/p_pckg', 'symlink_install': False, 'test_result_base': None}
[0.291s] INFO:colcon.colcon_core.executor:Executing jobs using 'parallel' executor
[0.292s] DEBUG:colcon.colcon_parallel_executor.executor.parallel:run_until_complete
[0.293s] INFO:colcon.colcon_ros.task.ament_cmake.build:Building ROS package in '/home/daguill/my_ws/src/c_pckg' with build type 'ament_cmake'
[0.293s] INFO:colcon.colcon_cmake.task.cmake.build:Building CMake package in '/home/daguill/my_ws/src/c_pckg'
[0.294s] INFO:colcon.colcon_core.plugin_system:Skipping extension 'colcon_core.shell.bat': Not used on non-Windows systems
[0.295s] INFO:colcon.colcon_core.shell:Skip shell extension 'powershell' for command environment: Not usable outside of PowerShell
[0.295s] DEBUG:colcon.colcon_core.shell:Skip shell extension 'dsv' for command environment
[0.297s] INFO:colcon.colcon_ros.task.ament_python.build:Building ROS package in '/home/daguill/my_ws/src/p_pckg' with build type 'ament_python'
[0.297s] Level 1:colcon.colcon_core.shell:create_environment_hook('p_pckg', 'ament_prefix_path')
[0.297s] INFO:colcon.colcon_core.shell:Creating environment hook '/home/daguill/my_ws/install/p_pckg/share/p_pckg/hook/ament_prefix_path.ps1'
[0.298s] INFO:colcon.colcon_core.shell:Creating environment descriptor '/home/daguill/my_ws/install/p_pckg/share/p_pckg/hook/ament_prefix_path.dsv'
[0.298s] INFO:colcon.colcon_core.shell:Creating environment hook '/home/daguill/my_ws/install/p_pckg/share/p_pckg/hook/ament_prefix_path.sh'
[0.299s] INFO:colcon.colcon_core.shell:Skip shell extension 'powershell' for command environment: Not usable outside of PowerShell
[0.299s] DEBUG:colcon.colcon_core.shell:Skip shell extension 'dsv' for command environment
[0.308s] DEBUG:colcon.colcon_core.event_handler.log_command:Invoking command in '/home/daguill/my_ws/build/c_pckg': CMAKE_PREFIX_PATH=/opt/ros/humble /usr/bin/cmake --build /home/daguill/my_ws/build/c_pckg -- -j12 -l12
[0.523s] INFO:colcon.colcon_core.task.python.build:Building Python package in '/home/daguill/my_ws/src/p_pckg'
[0.523s] INFO:colcon.colcon_core.shell:Skip shell extension 'powershell' for command environment: Not usable outside of PowerShell
[0.523s] DEBUG:colcon.colcon_core.shell:Skip shell extension 'dsv' for command environment
[0.791s] DEBUG:colcon.colcon_core.event_handler.log_command:Invoking command in '/home/daguill/my_ws/src/p_pckg': PYTHONPATH=/home/daguill/my_ws/build/p_pckg/prefix_override:/usr/lib/python3/dist-packages/colcon_core/task/python/colcon_distutils_commands:/home/daguill/my_ws/install/p_pckg/lib/python3.10/site-packages:${PYTHONPATH} /usr/bin/python3 -W ignore:setup.py install is deprecated setup.py egg_info --egg-base ../../build/p_pckg build --build-base /home/daguill/my_ws/build/p_pckg/build install --record /home/daguill/my_ws/build/p_pckg/install.log --single-version-externally-managed install_data
[1.033s] DEBUG:colcon.colcon_core.event_handler.log_command:Invoked command in '/home/daguill/my_ws/src/p_pckg' returned '0': PYTHONPATH=/home/daguill/my_ws/build/p_pckg/prefix_override:/usr/lib/python3/dist-packages/colcon_core/task/python/colcon_distutils_commands:/home/daguill/my_ws/install/p_pckg/lib/python3.10/site-packages:${PYTHONPATH} /usr/bin/python3 -W ignore:setup.py install is deprecated setup.py egg_info --egg-base ../../build/p_pckg build --build-base /home/daguill/my_ws/build/p_pckg/build install --record /home/daguill/my_ws/build/p_pckg/install.log --single-version-externally-managed install_data
[1.035s] Level 1:colcon.colcon_core.environment:checking '/home/daguill/my_ws/install/p_pckg' for CMake module files
[1.035s] Level 1:colcon.colcon_core.environment:checking '/home/daguill/my_ws/install/p_pckg' for CMake config files
[1.036s] Level 1:colcon.colcon_core.environment:checking '/home/daguill/my_ws/install/p_pckg/lib'
[1.036s] Level 1:colcon.colcon_core.environment:checking '/home/daguill/my_ws/install/p_pckg/bin'
[1.036s] Level 1:colcon.colcon_core.environment:checking '/home/daguill/my_ws/install/p_pckg/lib/pkgconfig/p_pckg.pc'
[1.036s] Level 1:colcon.colcon_core.environment:checking '/home/daguill/my_ws/install/p_pckg/lib/python3.10/site-packages'
[1.036s] Level 1:colcon.colcon_core.shell:create_environment_hook('p_pckg', 'pythonpath')
[1.037s] INFO:colcon.colcon_core.shell:Creating environment hook '/home/daguill/my_ws/install/p_pckg/share/p_pckg/hook/pythonpath.ps1'
[1.037s] INFO:colcon.colcon_core.shell:Creating environment descriptor '/home/daguill/my_ws/install/p_pckg/share/p_pckg/hook/pythonpath.dsv'
[1.037s] INFO:colcon.colcon_core.shell:Creating environment hook '/home/daguill/my_ws/install/p_pckg/share/p_pckg/hook/pythonpath.sh'
[1.038s] Level 1:colcon.colcon_core.environment:checking '/home/daguill/my_ws/install/p_pckg/bin'
[1.038s] Level 1:colcon.colcon_core.environment:create_environment_scripts_only(p_pckg)
[1.038s] INFO:colcon.colcon_core.shell:Creating package script '/home/daguill/my_ws/install/p_pckg/share/p_pckg/package.ps1'
[1.039s] INFO:colcon.colcon_core.shell:Creating package descriptor '/home/daguill/my_ws/install/p_pckg/share/p_pckg/package.dsv'
[1.039s] INFO:colcon.colcon_core.shell:Creating package script '/home/daguill/my_ws/install/p_pckg/share/p_pckg/package.sh'
[1.040s] INFO:colcon.colcon_core.shell:Creating package script '/home/daguill/my_ws/install/p_pckg/share/p_pckg/package.bash'
[1.040s] INFO:colcon.colcon_core.shell:Creating package script '/home/daguill/my_ws/install/p_pckg/share/p_pckg/package.zsh'
[1.041s] Level 1:colcon.colcon_core.environment:create_file_with_runtime_dependencies(/home/daguill/my_ws/install/p_pckg/share/colcon-core/packages/p_pckg)
[7.234s] DEBUG:colcon.colcon_core.event_handler.log_command:Invoked command in '/home/daguill/my_ws/build/c_pckg' returned '0': CMAKE_PREFIX_PATH=/opt/ros/humble /usr/bin/cmake --build /home/daguill/my_ws/build/c_pckg -- -j12 -l12
[7.262s] DEBUG:colcon.colcon_core.event_handler.log_command:Invoking command in '/home/daguill/my_ws/build/c_pckg': CMAKE_PREFIX_PATH=/opt/ros/humble /usr/bin/cmake --install /home/daguill/my_ws/build/c_pckg
[7.271s] Level 1:colcon.colcon_core.environment:create_environment_scripts_only(c_pckg)
[7.272s] Level 1:colcon.colcon_core.environment:checking '/home/daguill/my_ws/install/c_pckg' for CMake module files
[7.272s] DEBUG:colcon.colcon_core.event_handler.log_command:Invoked command in '/home/daguill/my_ws/build/c_pckg' returned '0': CMAKE_PREFIX_PATH=/opt/ros/humble /usr/bin/cmake --install /home/daguill/my_ws/build/c_pckg
[7.272s] Level 1:colcon.colcon_core.environment:checking '/home/daguill/my_ws/install/c_pckg' for CMake config files
[7.273s] Level 1:colcon.colcon_core.shell:create_environment_hook('c_pckg', 'cmake_prefix_path')
[7.273s] INFO:colcon.colcon_core.shell:Creating environment hook '/home/daguill/my_ws/install/c_pckg/share/c_pckg/hook/cmake_prefix_path.ps1'
[7.273s] INFO:colcon.colcon_core.shell:Creating environment descriptor '/home/daguill/my_ws/install/c_pckg/share/c_pckg/hook/cmake_prefix_path.dsv'
[7.273s] INFO:colcon.colcon_core.shell:Creating environment hook '/home/daguill/my_ws/install/c_pckg/share/c_pckg/hook/cmake_prefix_path.sh'
[7.274s] Level 1:colcon.colcon_core.environment:checking '/home/daguill/my_ws/install/c_pckg/lib'
[7.274s] Level 1:colcon.colcon_core.environment:checking '/home/daguill/my_ws/install/c_pckg/bin'
[7.274s] Level 1:colcon.colcon_core.environment:checking '/home/daguill/my_ws/install/c_pckg/lib/pkgconfig/c_pckg.pc'
[7.274s] Level 1:colcon.colcon_core.environment:checking '/home/daguill/my_ws/install/c_pckg/lib/python3.10/site-packages'
[7.274s] Level 1:colcon.colcon_core.environment:checking '/home/daguill/my_ws/install/c_pckg/bin'
[7.274s] INFO:colcon.colcon_core.shell:Creating package script '/home/daguill/my_ws/install/c_pckg/share/c_pckg/package.ps1'
[7.275s] INFO:colcon.colcon_core.shell:Creating package descriptor '/home/daguill/my_ws/install/c_pckg/share/c_pckg/package.dsv'
[7.275s] INFO:colcon.colcon_core.shell:Creating package script '/home/daguill/my_ws/install/c_pckg/share/c_pckg/package.sh'
[7.275s] INFO:colcon.colcon_core.shell:Creating package script '/home/daguill/my_ws/install/c_pckg/share/c_pckg/package.bash'
[7.276s] INFO:colcon.colcon_core.shell:Creating package script '/home/daguill/my_ws/install/c_pckg/share/c_pckg/package.zsh'
[7.276s] Level 1:colcon.colcon_core.environment:create_file_with_runtime_dependencies(/home/daguill/my_ws/install/c_pckg/share/colcon-core/packages/c_pckg)
[7.297s] Level 1:colcon.colcon_core.environment:create_environment_scripts_only(c_pckg)
[7.297s] Level 1:colcon.colcon_core.environment:checking '/home/daguill/my_ws/install/c_pckg' for CMake module files
[7.297s] Level 1:colcon.colcon_core.environment:checking '/home/daguill/my_ws/install/c_pckg' for CMake config files
[7.297s] Level 1:colcon.colcon_core.shell:create_environment_hook('c_pckg', 'cmake_prefix_path')
[7.298s] INFO:colcon.colcon_core.shell:Creating environment hook '/home/daguill/my_ws/install/c_pckg/share/c_pckg/hook/cmake_prefix_path.ps1'
[7.298s] INFO:colcon.colcon_core.shell:Creating environment descriptor '/home/daguill/my_ws/install/c_pckg/share/c_pckg/hook/cmake_prefix_path.dsv'
[7.298s] INFO:colcon.colcon_core.shell:Creating environment hook '/home/daguill/my_ws/install/c_pckg/share/c_pckg/hook/cmake_prefix_path.sh'
[7.299s] Level 1:colcon.colcon_core.environment:checking '/home/daguill/my_ws/install/c_pckg/lib'
[7.299s] Level 1:colcon.colcon_core.environment:checking '/home/daguill/my_ws/install/c_pckg/bin'
[7.299s] Level 1:colcon.colcon_core.environment:checking '/home/daguill/my_ws/install/c_pckg/lib/pkgconfig/c_pckg.pc'
[7.299s] Level 1:colcon.colcon_core.environment:checking '/home/daguill/my_ws/install/c_pckg/lib/python3.10/site-packages'
[7.299s] Level 1:colcon.colcon_core.environment:checking '/home/daguill/my_ws/install/c_pckg/bin'
[7.299s] INFO:colcon.colcon_core.shell:Creating package script '/home/daguill/my_ws/install/c_pckg/share/c_pckg/package.ps1'
[7.300s] INFO:colcon.colcon_core.shell:Creating package descriptor '/home/daguill/my_ws/install/c_pckg/share/c_pckg/package.dsv'
[7.300s] INFO:colcon.colcon_core.shell:Creating package script '/home/daguill/my_ws/install/c_pckg/share/c_pckg/package.sh'
[7.301s] INFO:colcon.colcon_core.shell:Creating package script '/home/daguill/my_ws/install/c_pckg/share/c_pckg/package.bash'
[7.301s] INFO:colcon.colcon_core.shell:Creating package script '/home/daguill/my_ws/install/c_pckg/share/c_pckg/package.zsh'
[7.301s] Level 1:colcon.colcon_core.environment:create_file_with_runtime_dependencies(/home/daguill/my_ws/install/c_pckg/share/colcon-core/packages/c_pckg)
[7.301s] DEBUG:colcon.colcon_parallel_executor.executor.parallel:closing loop
[7.302s] DEBUG:colcon.colcon_parallel_executor.executor.parallel:loop closed
[7.302s] DEBUG:colcon.colcon_parallel_executor.executor.parallel:run_until_complete finished with '0'
[7.302s] DEBUG:colcon.colcon_core.event_reactor:joining thread
[7.306s] INFO:colcon.colcon_core.plugin_system:Skipping extension 'colcon_notification.desktop_notification.terminal_notifier': Not used on non-Darwin systems
[7.306s] INFO:colcon.colcon_core.plugin_system:Skipping extension 'colcon_notification.desktop_notification.win32': Not used on non-Windows systems
[7.306s] INFO:colcon.colcon_notification.desktop_notification:Sending desktop notification using 'notify2'
[7.316s] DEBUG:colcon.colcon_core.event_reactor:joined thread
[7.316s] INFO:colcon.colcon_core.shell:Creating prefix script '/home/daguill/my_ws/install/local_setup.ps1'
[7.317s] INFO:colcon.colcon_core.shell:Creating prefix util module '/home/daguill/my_ws/install/_local_setup_util_ps1.py'
[7.318s] INFO:colcon.colcon_core.shell:Creating prefix chain script '/home/daguill/my_ws/install/setup.ps1'
[7.319s] INFO:colcon.colcon_core.shell:Creating prefix script '/home/daguill/my_ws/install/local_setup.sh'
[7.319s] INFO:colcon.colcon_core.shell:Creating prefix util module '/home/daguill/my_ws/install/_local_setup_util_sh.py'
[7.320s] INFO:colcon.colcon_core.shell:Creating prefix chain script '/home/daguill/my_ws/install/setup.sh'
[7.321s] INFO:colcon.colcon_core.shell:Creating prefix script '/home/daguill/my_ws/install/local_setup.bash'
[7.321s] INFO:colcon.colcon_core.shell:Creating prefix chain script '/home/daguill/my_ws/install/setup.bash'
[7.322s] INFO:colcon.colcon_core.shell:Creating prefix script '/home/daguill/my_ws/install/local_setup.zsh'
[7.322s] INFO:colcon.colcon_core.shell:Creating prefix chain script '/home/daguill/my_ws/install/setup.zsh'
