-- Found ament_cmake: 1.3.10 (/opt/ros/humble/share/ament_cmake/cmake)
-- Found rclcpp: 16.0.10 (/opt/ros/humble/share/rclcpp/cmake)
-- Found rosidl_generator_c: 3.1.5 (/opt/ros/humble/share/rosidl_generator_c/cmake)
-- Found rosidl_adapter: 3.1.5 (/opt/ros/humble/share/rosidl_adapter/cmake)
-- Found rosidl_generator_cpp: 3.1.5 (/opt/ros/humble/share/rosidl_generator_cpp/cmake)
-- Using all available rosidl_typesupport_c: rosidl_typesupport_fastrtps_c;rosidl_typesupport_introspection_c
-- Using all available rosidl_typesupport_cpp: rosidl_typesupport_fastrtps_cpp;rosidl_typesupport_introspection_cpp
-- Found rmw_implementation_cmake: 6.1.2 (/opt/ros/humble/share/rmw_implementation_cmake/cmake)
-- Found rmw_fastrtps_cpp: 6.2.7 (/opt/ros/humble/share/rmw_fastrtps_cpp/cmake)
-- Using RMW implementation 'rmw_fastrtps_cpp' as default
-- Found ament_lint_auto: 0.12.11 (/opt/ros/humble/share/ament_lint_auto/cmake)
-- Added test 'cppcheck' to perform static code analysis on C / C++ code
-- Configured cppcheck include dirs: 
-- Configured cppcheck exclude dirs and/or files: 
-- Added test 'flake8' to check Python code syntax and style conventions
-- Added test 'lint_cmake' to check CMake code style
-- Added test 'pep257' to check Python code against some of the docstring style conventions in PEP 257
-- Added test 'uncrustify' to check C / C++ code style
-- Configured uncrustify additional arguments: 
-- Added test 'xmllint' to check XML markup files
-- Configuring done
-- Generating done
-- Build files have been written to: /home/daguill/my_ws/build/c_int
[35m[1mConsolidate compiler generated dependencies of target pub_array[0m
[ 25%] [32mBuilding CXX object CMakeFiles/sub_array.dir/src/array_sub.cpp.o[0m
[ 75%] Built target pub_array
[100%] [32m[1mLinking CXX executable sub_array[0m
[100%] Built target sub_array
-- Install configuration: ""
-- Up-to-date: /home/daguill/my_ws/install/c_int/lib/c_int/pub_array
-- Installing: /home/daguill/my_ws/install/c_int/lib/c_int/sub_array
-- Set runtime path of "/home/daguill/my_ws/install/c_int/lib/c_int/sub_array" to ""
-- Up-to-date: /home/daguill/my_ws/install/c_int/share/c_int//launch
-- Up-to-date: /home/daguill/my_ws/install/c_int/share/c_int//launch/_launch.py
-- Up-to-date: /home/daguill/my_ws/install/c_int/share/ament_index/resource_index/package_run_dependencies/c_int
-- Installing: /home/daguill/my_ws/install/c_int/share/ament_index/resource_index/parent_prefix_path/c_int
-- Up-to-date: /home/daguill/my_ws/install/c_int/share/c_int/environment/ament_prefix_path.sh
-- Installing: /home/daguill/my_ws/install/c_int/share/c_int/environment/ament_prefix_path.dsv
-- Up-to-date: /home/daguill/my_ws/install/c_int/share/c_int/environment/path.sh
-- Installing: /home/daguill/my_ws/install/c_int/share/c_int/environment/path.dsv
-- Up-to-date: /home/daguill/my_ws/install/c_int/share/c_int/local_setup.bash
-- Up-to-date: /home/daguill/my_ws/install/c_int/share/c_int/local_setup.sh
-- Up-to-date: /home/daguill/my_ws/install/c_int/share/c_int/local_setup.zsh
-- Installing: /home/daguill/my_ws/install/c_int/share/c_int/local_setup.dsv
-- Installing: /home/daguill/my_ws/install/c_int/share/c_int/package.dsv
-- Up-to-date: /home/daguill/my_ws/install/c_int/share/ament_index/resource_index/packages/c_int
-- Up-to-date: /home/daguill/my_ws/install/c_int/share/c_int/cmake/c_intConfig.cmake
-- Up-to-date: /home/daguill/my_ws/install/c_int/share/c_int/cmake/c_intConfig-version.cmake
-- Up-to-date: /home/daguill/my_ws/install/c_int/share/c_int/package.xml
