[0.009s] Invoking command in '/home/daguill/my_ws/build/c_int': CMAKE_PREFIX_PATH=${CMAKE_PREFIX_PATH}:/home/daguill/my_ws/install/p_pckg:/opt/ros/humble /usr/bin/cmake --build /home/daguill/my_ws/build/c_int -- -j12 -l12
[0.030s] -- Found ament_cmake: 1.3.10 (/opt/ros/humble/share/ament_cmake/cmake)
[0.127s] -- Found rclcpp: 16.0.10 (/opt/ros/humble/share/rclcpp/cmake)
[0.150s] -- Found rosidl_generator_c: 3.1.5 (/opt/ros/humble/share/rosidl_generator_c/cmake)
[0.152s] -- Found rosidl_adapter: 3.1.5 (/opt/ros/humble/share/rosidl_adapter/cmake)
[0.157s] -- Found rosidl_generator_cpp: 3.1.5 (/opt/ros/humble/share/rosidl_generator_cpp/cmake)
[0.165s] -- Using all available rosidl_typesupport_c: rosidl_typesupport_fastrtps_c;rosidl_typesupport_introspection_c
[0.176s] -- Using all available rosidl_typesupport_cpp: rosidl_typesupport_fastrtps_cpp;rosidl_typesupport_introspection_cpp
[0.204s] -- Found rmw_implementation_cmake: 6.1.2 (/opt/ros/humble/share/rmw_implementation_cmake/cmake)
[0.205s] -- Found rmw_fastrtps_cpp: 6.2.7 (/opt/ros/humble/share/rmw_fastrtps_cpp/cmake)
[0.278s] -- Using RMW implementation 'rmw_fastrtps_cpp' as default
[0.325s] -- Found ament_lint_auto: 0.12.11 (/opt/ros/humble/share/ament_lint_auto/cmake)
[0.379s] -- Added test 'cppcheck' to perform static code analysis on C / C++ code
[0.379s] -- Configured cppcheck include dirs: 
[0.379s] -- Configured cppcheck exclude dirs and/or files: 
[0.379s] -- Added test 'flake8' to check Python code syntax and style conventions
[0.380s] -- Added test 'lint_cmake' to check CMake code style
[0.380s] -- Added test 'pep257' to check Python code against some of the docstring style conventions in PEP 257
[0.381s] -- Added test 'uncrustify' to check C / C++ code style
[0.381s] -- Configured uncrustify additional arguments: 
[0.381s] -- Added test 'xmllint' to check XML markup files
[0.381s] -- Configuring done
[0.390s] -- Generating done
[0.391s] -- Build files have been written to: /home/daguill/my_ws/build/c_int
[0.409s] [35m[1mConsolidate compiler generated dependencies of target pub_array[0m
[0.416s] [ 25%] [32mBuilding CXX object CMakeFiles/sub_array.dir/src/array_sub.cpp.o[0m
[0.421s] [ 75%] Built target pub_array
[6.827s] [100%] [32m[1mLinking CXX executable sub_array[0m
[7.087s] [100%] Built target sub_array
[7.095s] Invoked command in '/home/daguill/my_ws/build/c_int' returned '0': CMAKE_PREFIX_PATH=${CMAKE_PREFIX_PATH}:/home/daguill/my_ws/install/p_pckg:/opt/ros/humble /usr/bin/cmake --build /home/daguill/my_ws/build/c_int -- -j12 -l12
[7.120s] Invoking command in '/home/daguill/my_ws/build/c_int': CMAKE_PREFIX_PATH=${CMAKE_PREFIX_PATH}:/home/daguill/my_ws/install/p_pckg:/opt/ros/humble /usr/bin/cmake --install /home/daguill/my_ws/build/c_int
[7.127s] -- Install configuration: ""
[7.127s] -- Up-to-date: /home/daguill/my_ws/install/c_int/lib/c_int/pub_array
[7.127s] -- Installing: /home/daguill/my_ws/install/c_int/lib/c_int/sub_array
[7.129s] -- Set runtime path of "/home/daguill/my_ws/install/c_int/lib/c_int/sub_array" to ""
[7.129s] -- Up-to-date: /home/daguill/my_ws/install/c_int/share/c_int//launch
[7.129s] -- Up-to-date: /home/daguill/my_ws/install/c_int/share/c_int//launch/_launch.py
[7.129s] -- Up-to-date: /home/daguill/my_ws/install/c_int/share/ament_index/resource_index/package_run_dependencies/c_int
[7.130s] -- Installing: /home/daguill/my_ws/install/c_int/share/ament_index/resource_index/parent_prefix_path/c_int
[7.130s] -- Up-to-date: /home/daguill/my_ws/install/c_int/share/c_int/environment/ament_prefix_path.sh
[7.130s] -- Installing: /home/daguill/my_ws/install/c_int/share/c_int/environment/ament_prefix_path.dsv
[7.130s] -- Up-to-date: /home/daguill/my_ws/install/c_int/share/c_int/environment/path.sh
[7.130s] -- Installing: /home/daguill/my_ws/install/c_int/share/c_int/environment/path.dsv
[7.130s] -- Up-to-date: /home/daguill/my_ws/install/c_int/share/c_int/local_setup.bash
[7.130s] -- Up-to-date: /home/daguill/my_ws/install/c_int/share/c_int/local_setup.sh
[7.130s] -- Up-to-date: /home/daguill/my_ws/install/c_int/share/c_int/local_setup.zsh
[7.130s] -- Installing: /home/daguill/my_ws/install/c_int/share/c_int/local_setup.dsv
[7.130s] -- Installing: /home/daguill/my_ws/install/c_int/share/c_int/package.dsv
[7.130s] -- Up-to-date: /home/daguill/my_ws/install/c_int/share/ament_index/resource_index/packages/c_int
[7.130s] -- Up-to-date: /home/daguill/my_ws/install/c_int/share/c_int/cmake/c_intConfig.cmake
[7.131s] -- Up-to-date: /home/daguill/my_ws/install/c_int/share/c_int/cmake/c_intConfig-version.cmake
[7.131s] -- Up-to-date: /home/daguill/my_ws/install/c_int/share/c_int/package.xml
[7.132s] Invoked command in '/home/daguill/my_ws/build/c_int' returned '0': CMAKE_PREFIX_PATH=${CMAKE_PREFIX_PATH}:/home/daguill/my_ws/install/p_pckg:/opt/ros/humble /usr/bin/cmake --install /home/daguill/my_ws/build/c_int
