[0.015s] Invoking command in '/home/daguill/my_ws/build/c_pckg': CMAKE_PREFIX_PATH=/opt/ros/humble /usr/bin/cmake --build /home/daguill/my_ws/build/c_pckg -- -j12 -l12
[0.049s] [35m[1mConsolidate compiler generated dependencies of target tranceiver[0m
[0.059s] [ 66%] Built target listener
[0.059s] [ 66%] Built target talker
[0.062s] [ 83%] [32mBuilding CXX object CMakeFiles/tranceiver.dir/src/tranceiver_member_function.cpp.o[0m
[6.660s] [100%] [32m[1mLinking CXX executable tranceiver[0m
[6.932s] [100%] Built target tranceiver
[6.941s] Invoked command in '/home/daguill/my_ws/build/c_pckg' returned '0': CMAKE_PREFIX_PATH=/opt/ros/humble /usr/bin/cmake --build /home/daguill/my_ws/build/c_pckg -- -j12 -l12
[6.969s] Invoking command in '/home/daguill/my_ws/build/c_pckg': CMAKE_PREFIX_PATH=/opt/ros/humble /usr/bin/cmake --install /home/daguill/my_ws/build/c_pckg
[6.974s] -- Install configuration: ""
[6.974s] -- Up-to-date: /home/daguill/my_ws/install/c_pckg/lib/c_pckg/talker
[6.974s] -- Up-to-date: /home/daguill/my_ws/install/c_pckg/lib/c_pckg/listener
[6.974s] -- Installing: /home/daguill/my_ws/install/c_pckg/lib/c_pckg/tranceiver
[6.977s] -- Set runtime path of "/home/daguill/my_ws/install/c_pckg/lib/c_pckg/tranceiver" to ""
[6.977s] -- Up-to-date: /home/daguill/my_ws/install/c_pckg/share/ament_index/resource_index/package_run_dependencies/c_pckg
[6.977s] -- Up-to-date: /home/daguill/my_ws/install/c_pckg/share/ament_index/resource_index/parent_prefix_path/c_pckg
[6.977s] -- Up-to-date: /home/daguill/my_ws/install/c_pckg/share/c_pckg/environment/ament_prefix_path.sh
[6.977s] -- Up-to-date: /home/daguill/my_ws/install/c_pckg/share/c_pckg/environment/ament_prefix_path.dsv
[6.977s] -- Up-to-date: /home/daguill/my_ws/install/c_pckg/share/c_pckg/environment/path.sh
[6.977s] -- Up-to-date: /home/daguill/my_ws/install/c_pckg/share/c_pckg/environment/path.dsv
[6.977s] -- Up-to-date: /home/daguill/my_ws/install/c_pckg/share/c_pckg/local_setup.bash
[6.977s] -- Up-to-date: /home/daguill/my_ws/install/c_pckg/share/c_pckg/local_setup.sh
[6.977s] -- Up-to-date: /home/daguill/my_ws/install/c_pckg/share/c_pckg/local_setup.zsh
[6.977s] -- Up-to-date: /home/daguill/my_ws/install/c_pckg/share/c_pckg/local_setup.dsv
[6.978s] -- Installing: /home/daguill/my_ws/install/c_pckg/share/c_pckg/package.dsv
[6.978s] -- Up-to-date: /home/daguill/my_ws/install/c_pckg/share/ament_index/resource_index/packages/c_pckg
[6.978s] -- Up-to-date: /home/daguill/my_ws/install/c_pckg/share/c_pckg/cmake/c_pckgConfig.cmake
[6.978s] -- Up-to-date: /home/daguill/my_ws/install/c_pckg/share/c_pckg/cmake/c_pckgConfig-version.cmake
[6.978s] -- Up-to-date: /home/daguill/my_ws/install/c_pckg/share/c_pckg/package.xml
[6.979s] Invoked command in '/home/daguill/my_ws/build/c_pckg' returned '0': CMAKE_PREFIX_PATH=/opt/ros/humble /usr/bin/cmake --install /home/daguill/my_ws/build/c_pckg
