[0.018s] Invoking command in '/home/daguill/my_ws/build/c_pckg': CMAKE_PREFIX_PATH=/opt/ros/humble /usr/bin/cmake --build /home/daguill/my_ws/build/c_pckg -- -j12 -l12
[0.113s] [ 66%] Built target talker
[0.113s] [ 66%] Built target listener
[0.114s] [100%] Built target tranceiver
[0.243s] Invoked command in '/home/daguill/my_ws/build/c_pckg' returned '0': CMAKE_PREFIX_PATH=/opt/ros/humble /usr/bin/cmake --build /home/daguill/my_ws/build/c_pckg -- -j12 -l12
[0.273s] Invoking command in '/home/daguill/my_ws/build/c_pckg': CMAKE_PREFIX_PATH=/opt/ros/humble /usr/bin/cmake --install /home/daguill/my_ws/build/c_pckg
[0.279s] -- Install configuration: ""
[0.279s] -- Up-to-date: /home/daguill/my_ws/install/c_pckg/lib/c_pckg/talker
[0.281s] -- Up-to-date: /home/daguill/my_ws/install/c_pckg/lib/c_pckg/listener
[0.283s] -- Up-to-date: /home/daguill/my_ws/install/c_pckg/lib/c_pckg/tranceiver
[0.283s] -- Up-to-date: /home/daguill/my_ws/install/c_pckg/share/c_pckg//launch
[0.283s] -- Up-to-date: /home/daguill/my_ws/install/c_pckg/share/c_pckg//launch/_launch.py
[0.283s] -- Up-to-date: /home/daguill/my_ws/install/c_pckg/share/ament_index/resource_index/package_run_dependencies/c_pckg
[0.283s] -- Up-to-date: /home/daguill/my_ws/install/c_pckg/share/ament_index/resource_index/parent_prefix_path/c_pckg
[0.283s] -- Up-to-date: /home/daguill/my_ws/install/c_pckg/share/c_pckg/environment/ament_prefix_path.sh
[0.283s] -- Up-to-date: /home/daguill/my_ws/install/c_pckg/share/c_pckg/environment/ament_prefix_path.dsv
[0.283s] -- Up-to-date: /home/daguill/my_ws/install/c_pckg/share/c_pckg/environment/path.sh
[0.283s] -- Up-to-date: /home/daguill/my_ws/install/c_pckg/share/c_pckg/environment/path.dsv
[0.284s] -- Up-to-date: /home/daguill/my_ws/install/c_pckg/share/c_pckg/local_setup.bash
[0.284s] -- Up-to-date: /home/daguill/my_ws/install/c_pckg/share/c_pckg/local_setup.sh
[0.284s] -- Up-to-date: /home/daguill/my_ws/install/c_pckg/share/c_pckg/local_setup.zsh
[0.284s] -- Up-to-date: /home/daguill/my_ws/install/c_pckg/share/c_pckg/local_setup.dsv
[0.284s] -- Installing: /home/daguill/my_ws/install/c_pckg/share/c_pckg/package.dsv
[0.284s] -- Up-to-date: /home/daguill/my_ws/install/c_pckg/share/ament_index/resource_index/packages/c_pckg
[0.284s] -- Up-to-date: /home/daguill/my_ws/install/c_pckg/share/c_pckg/cmake/c_pckgConfig.cmake
[0.284s] -- Up-to-date: /home/daguill/my_ws/install/c_pckg/share/c_pckg/cmake/c_pckgConfig-version.cmake
[0.284s] -- Up-to-date: /home/daguill/my_ws/install/c_pckg/share/c_pckg/package.xml
[0.298s] Invoked command in '/home/daguill/my_ws/build/c_pckg' returned '0': CMAKE_PREFIX_PATH=/opt/ros/humble /usr/bin/cmake --install /home/daguill/my_ws/build/c_pckg
